MC25dPBk6Sg/3cJNhzy50WLNyvtPWbqywF92CWuKiv1VyjIoMoTxGFyNhJJo/WO99dc4sYqNDuQhgLl8TUeQ27/927JSkIVkLo8NW6AFbKML
UkSG9NNIe8IWkVaXW+BxNPlwwgb8JdZY4irifMFq1PMIPn9Y03kB8ZihUpYeo5RTaaQ7EjFkC0FJCdIpfj4XnI/QUFtu/y4sdWZS3nSMpkWAz3k3oYSSxMIWqv3Oy++U8NXa6Sr0i1cdO1FX2OcYO3mVTPsBcOe/CR0yfj4jZKlpko8Ur7M6R8jyIVGpmyhkZR2sIZxptBi/0oNGTYZObZggPijrsUnw+/vsBNWYNUzRL+Sbi1XHQl4IscR690ELHC34o58=
dX+lrykNZCHjXJoIjnzI4flwwgb8JdZY4irifMFq1PMIPn9Y03kB8ZihUpYeo5RTaaQ7EjFkC0FJCdIpfj4XnI/QUFtu/y4sdWZS3nSMpkWAz3k3oYSSxMIWqv3Oy++U8NXa6Sr0i1cdO1FX2OcYO3mVTPsBcOe/CR0yfj4jZKlpko8Ur7M6R8jyIVGpmyhkZR2sIZxptBi/0oNGTYZObZggPijrsUnw+/vsBNWYNUzRL+ubi1XHQl4IscR690ELHC34o58=
zAAioE8oFwR9vTR/yKlgKN/4242Yog+Y1FQMv6lj2N23iAxpRuYQl1yK3nQIqlWWytwLnm79Kgzs1eHQH5cnfaMY
fI4XzNz/bsuGzyNQiXzQmuh+Czw6WN1Ew/SBRsd13/KX5Vxl5yUlzKLT5VEQND3qOMOMoW/kMCYGt77cn5hB1gBzcM9VKbwUxsA7SUEZBHXTrZ+e9pBR+0JCDaOQPpiujGh5qosd3eMQxiAmZLwcY7IXlM8lvm5h0wQhj9cr3rcplhIaqRzbvloIX4Rxzsnsd9dmMGmToiY9nBQ20zOTxT2k6xjkB/6c7Py3TXZgeBYm4jVGzyyPA2+6tgTHhRyNmPTLpOs0D5N9etVp2TpANO805Evfc8IR5qOB
MUJRvYEXo4Wn8rfXX+0gTQ+ewy7QctQXm2e4PG6j4S089FFSWkiV6tFhsyP8LnagWH4dUooYQ0o+KQIozPHJxA+DL3mjHA==
T/IEstvwlbkNqihveHgQnA6ewy7QctQXm2e4PG6j4S089FFSWkiV6tFhsyP8LnagWH4dUooYQ0o+KQIozPHJxA+DL3mjHA==
jZweJsiw+CrAzG1atXNcpw2ewy7QctQXm2e4PG6j4S089FFSWkiV6tFhsyP8LnagWH4dUooYQ0o+KQIozPHJxA+DL3mjHA==
xvAw8bZPGuPtY3e5+ZhT3Ayewy7QctQXm2e4PG6j4S089FFSWkiV6tFhsyP8LnagWH4dUooYQ0o+KQIozPHJxA+DL3mjHA==
+cjR6oe3MYf3q8BUkkFwcguewy7QctQXm2e4PG6j4S089FFSWkiV6tFhsyP8LnagWH4dUooYQ0o+KQIozPHJxA+DL3mjHA==
9hBjSPVYTP6N/GxHTH5mBwqewy7QctQXm2e4PG6j4S089FFSWkiV6tFhsyP8LnagWH4dUooYQ0o+KQIozPHJxA+DL3mjHA==
7VAbhjDJGpf0P4thDZFMWAmewy7QctQXm2e4PG6j4S089FFSWkiV6tFhsyP8LnagWH4dUooYQ0o+KQIozPHJxA+DL3mjHA==
Z4fWQkGxLpM8uaq8V/TuFQiewy7QctQXm2e4PG6j4S089FFSWkiV6tFhsyP8LnagWH4dUooYQ0o+KQIozPHJxA+DL3mjHA==
QKCPesR5hqo3vLcO5Bt+EQeewy7QctQXm2e4PG6j4S089FFSWkiV6tFhsyP8LnagWH4dUooYQ0o+KQIozPHJxA+DL3mjHA==
h5PdWKqA8ERJ5Q3HhbLtOwaewy7QctQXm2e4PG6j4S089FFSWkiV6tFhsyP8LnagWH4dUooYQ0o+KQIozPHJxA+DL3mjHA==
+H5e5bPLofClEnDH5A6WcxBSS7XdgKOGIK9KZleW2gtyENF3cTqp9w21fJ0Y1Adsz6QLC0G6KXFdKiR8I9Tow/sDhil6ox0=
MLymKVTBc8ZCj8HkFGLVbBFSS7XdgKOGIK9KZleW2gtyENF3cTqp9w21fJ0Y1Adsz6QLC0G6KXFdKiR8I9Tow/sDhil6ox0=
gxxR8IZdfgoiMfoZ00qIQxJSS7XdgKOGIK9KZleW2gtyENF3cTqp9w21fJ0Y1Adsz6QLC0G6KXFdKiR8I9Tow/sDhil6ox0=
e3j8KpFZFZEQjSRJD9/DqBNSS7XdgKOGIK9KZleW2gtyENF3cTqp9w21fJ0Y1Adsz6QLC0G6KXFdKiR8I9Tow/sDhil6ox0=
josCVr/XUn/a3OLj9nOmfxRSS7XdgKOGIK9KZleW2gtyENF3cTqp9w21fJ0Y1Adsz6QLC0G6KXFdKiR8I9Tow/sDhil6ox0=
UK+JfXNKNJ6ZOhITNi95yxVSS7XdgKOGIK9KZleW2gtyENF3cTqp9w21fJ0Y1Adsz6QLC0G6KXFdKiR8I9Tow/sDhil6ox0=
2AzGFVXdIdpe6GB5i0WV0xZSS7XdgKOGIK9KZleW2gtyENF3cTqp9w21fJ0Y1Adsz6QLC0G6KXFdKiR8I9Tow/sDhil6ox0=
b859rO5mQ3h+swEsTohveRdSS7XdgKOGIK9KZleW2gtyENF3cTqp9w21fJ0Y1Adsz6QLC0G6KXFdKiR8I9Tow/sDhil6ox0=
9OAzZScEwbzxm4MfDusRjhhSS7XdgKOGIK9KZleW2gtyENF3cTqp9w21fJ0Y1Adsz6QLC0G6KXFdKiR8I9Tow/sDhil6ox0=
ITNZqi6hBH+e4OyNUKEU/RlSS7XdgKOGIK9KZleW2gtyENF3cTqp9w21fJ0Y1Adsz6QLC0G6KXFdKiR8I9Tow/sDhil6ox0=
qIdfH/29bMcjnHE2V+p0MBBRS7XdgKOGIK9KZleW2gtyENF3cTqp9w21fJ0Y1Adsz6QLC0G6KXFdKiR8I9Tow/sDhil6ox0=
fj2LZSj8AKLTsUYwpXBaNxFRS7XdgKOGIK9KZleW2gtyENF3cTqp9w21fJ0Y1Adsz6QLC0G6KXFdKiR8I9Tow/sDhil6ox0=
mEPRmm8xQE4kQ1qJUv499BJRS7XdgKOGIK9KZleW2gtyENF3cTqp9w21fJ0Y1Adsz6QLC0G6KXFdKiR8I9Tow/sDhil6ox0=
kToRCscc3iAGihdWroWEqxNRS7XdgKOGIK9KZleW2gtyENF3cTqp9w21fJ0Y1Adsz6QLC0G6KXFdKiR8I9Tow/sDhil6ox0=
jGymoNlPKNEg0MEn1JO9UikFhbdm5hhiED4MWyvL4NAOT3mBjHjJ3trEDWZhzSvPnMIuDOgyxR5KVJsGDgVaxKwd0eg/jzd1oxA=
3UxNQC1nJboBfBydE41P25wFinpShUtEvq4hDSOE/4nRUkElUpK3nMVBh6C58gJnOILtBiBPQPjTQ6t6c0OPXc7Z4sQ9iL1sqX/bGnOFfyLWGBkEkkdJa0QdYKMH
gz2R+A4baUMPgdTOo8NAlR4j8dh6Wq7NEcBvPnR/Po4LNmaj5mAl7/26JW95Reg1pHTbBDv037MNemWJCfoQVP+0FKvvM7IxdqMR
6N2O+orFf/sKRbNUdEOAWh8j8dh6Wq7NEcBvPnR/Po4LNmaj5mAl7/26JW95Reg1pHTbBDv037MNemWJCfoQVP+0FKvvM7IxdqMR
kELxcadpqKrzW0fTYCQ6cvaLvQ4NLLndlWI5kNmhzVqpQJeuzN9WXkN2rtPOQD0f5bo9H2FlwMXstBNU01RnI3X63RnxmriEt3RcmwdTqgFuowk=
II+JywQu9gcbxbPqOyJVh/eLvQ4NLLndlWI5kNmhzVqpQJeuzN9WXkN2rtPOQD0f5bo9H2FlwMXstBNU01RnI3X63RnxmriEt3RcmwdTqgFuowk=
O+16tUomeTCtDYXZvKSLnSgFhbdm5hhiED4MWyvL4NAOT3mBjHjJ3trEDWZhzSvPnMIuDOgyxR5KVJsGDgVaxKwd0eg/jzd1oxA=
UVTDaGqlRgV6DfmajWavlSsFhbdm5hhiED4MWyvL4NAOT3mBjHjJ3trEDWZhzSvPnMIuDOgyxR5KVJsGDgVaxKwd0eg/jzd1oxA=
pvOBZFwmSMz/qQKW2Pnw7ioFhbdm5hhiED4MWyvL4NAOT3mBjHjJ3trEDWZhzSvPnMIuDOgyxR5KVJsGDgVaxKwd0eg/jzd1oxA=
Nta8SrKHGwQAkLGRAd1wGC0Fhbdm5hhiED4MWyvL4NAOT3mBjHjJ3trEDWZhzSvPnMIuDOgyxR5KVJsGDgVaxKwd0eg/jzd1oxA=
qY4+/GW8PPHAWaFr/hY1ARRRS7XdgKOGIK9KZleW2gtyENF3cTqp9w21fJ0Y1Adsz6QLC0G6KXFdKiR8I9Tow/sDhil6ox0=
d8DqwbB1xJIAtu5UpVyrhxVRS7XdgKOGIK9KZleW2gtyENF3cTqp9w21fJ0Y1Adsz6QLC0G6KXFdKiR8I9Tow/sDhil6ox0=
xeQzkMsyhU1YAsLZPCtXnhZRS7XdgKOGIK9KZleW2gtyENF3cTqp9w21fJ0Y1Adsz6QLC0G6KXFdKiR8I9Tow/sDhil6ox0=
0M8iO3dWkJfC5+cyyo81ARdRS7XdgKOGIK9KZleW2gtyENF3cTqp9w21fJ0Y1Adsz6QLC0G6KXFdKiR8I9Tow/sDhil6ox0=
Jj4X+W1Vp7J0Jf43FDxCahhRS7XdgKOGIK9KZleW2gtyENF3cTqp9w21fJ0Y1Adsz6QLC0G6KXFdKiR8I9Tow/sDhil6ox0=
bawjFRFhjNyN2iMKFlHS3kUR8Y5UYAfGFXn3oImS0qdIYl2GsO8QOOMju3pjo78dHnlyRI3oTSz5n+sag6Uv4ma46YQCpxkrtD1woxc=
KIprNPoVkCjHtN/eOUmJlxlRS7XdgKOGIK9KZleW2gtyENF3cTqp9w21fJ0Y1Adsz6QLC0G6KXFdKiR8I9Tow/sDhil6ox0=
+xq4TQmqYIs50edcb6f1zxBQS7XdgKOGIK9KZleW2gtyENF3cTqp9w21fJ0Y1Adsz6QLC0G6KXFdKiR8I9Tow/sDhil6ox0=
s+84dGcoBtANNqX8b8qIpxFQS7XdgKOGIK9KZleW2gtyENF3cTqp9w21fJ0Y1Adsz6QLC0G6KXFdKiR8I9Tow/sDhil6ox0=
vYYzIsXeKLrjCtKTBIWUShJQS7XdgKOGIK9KZleW2gtyENF3cTqp9w21fJ0Y1Adsz6QLC0G6KXFdKiR8I9Tow/sDhil6ox0=
GECiDHUaKNQk6oN/7R7f9hNQS7XdgKOGIK9KZleW2gtyENF3cTqp9w21fJ0Y1Adsz6QLC0G6KXFdKiR8I9Tow/sDhil6ox0=
zu6oXqL75mh0DvkTRAw2DRRQS7XdgKOGIK9KZleW2gtyENF3cTqp9w21fJ0Y1Adsz6QLC0G6KXFdKiR8I9Tow/sDhil6ox0=
tHSxKlDMAJASYhwpEErNgBwj8dh6Wq7NEcBvPnR/Po4LNmaj5mAl7/26JW95Reg1pHTbBDv037MNemWJCfoQVP+0FKvvM7IxdqMR
snNEnZ/qYD/Gm5E2ci+o+/SLvQ4NLLndlWI5kNmhzVqpQJeuzN9WXkN2rtPOQD0f5bo9H2FlwMXstBNU01RnI3X63RnxmriEt3RcmwdTqgFuowk=
91mwxT13WaOUnJvswzhd9CwFhbdm5hhiED4MWyvL4NAOT3mBjHjJ3trEDWZhzSvPnMIuDOgyxR5KVJsGDgVaxKwd0eg/jzd1oxA=
iW26ACizHDVPaQ/dKkKglC8Fhbdm5hhiED4MWyvL4NAOT3mBjHjJ3trEDWZhzSvPnMIuDOgyxR5KVJsGDgVaxKwd0eg/jzd1oxA=
Zzmjqt2/aN7ug8HAjDbxrC4Fhbdm5hhiED4MWyvL4NAOT3mBjHjJ3trEDWZhzSvPnMIuDOgyxR5KVJsGDgVaxKwd0eg/jzd1oxA=
MB0PdcNRZEeX89OxEluAVCEFhbdm5hhiED4MWyvL4NAOT3mBjHjJ3trEDWZhzSvPnMIuDOgyxR5KVJsGDgVaxKwd0eg/jzd1oxA=
K5ASPVsza6nGI9fnWCqKeiAFhbdm5hhiED4MWyvL4NAOT3mBjHjJ3trEDWZhzSvPnMIuDOgyxR5KVJsGDgVaxKwd0eg/jzd1oxA=
v7a7T18YYWhPmHtA1lgxTx5g/M9gWqvOEcBvPnR/Po4LNmaj5mAl7/26JW95Reg1pHTbBDv037MNemWJCfoQVP+0FKvvM7IxdqMR
6jne8BhZLbtubnhcm1sbvoi5Iw03ga37LxQJwKb5fie37A8gMQKqB+Aylcb4H3gY+1OjentTpz32CbqExTjljAEPU5r7NZeCjuihREqXMUusDWijDw==
NBSA3zQ5lpMsnXftAzZO54m5Iw03ga37LxQJwKb5fie37A8gMQKqB+Aylcb4H3gY+1OjentTpz32CbqExTjljAEPU5r7NZeCjuihREqXMUusDWijDw==
1maxaqHfP+VgWwUJJFh9dSkfg7V99BhiED4MWyvL4NAOT3mBjHjJ3trEDWZhzSvPnMIuDOgyxR5KVJsGDgVaxKwd0eg/jzd1oxA=
3oFTGs3af7hhdY8r1v4ewikfg7d6/hliED4MWyvL4NAOT3mBjHjJ3trEDWZhzSvPnMIuDOgyxR5KVJsGDgVaxKwd0eg/jzd1oxA=
rQTufKBst6StgzvL5+TvOJ0FinpShUtEvq4hDSOE/4nRUkElUpK3nMVBh6C58gJnOILtBiBPQPjTQ6t6c0OPXc7Z4sQ9iL1sqX/bGnOFfyLWGBkEkkdJa0QdYKMH
6JrEkrjs0xE2N3rlhO5Ublqx+kifPJNZyHKlMnTwpCs591BZNwyE/dZyuDP8LnagWH4dUooYQ0o+KQIozPHJxA+DL3mjHA==
uDuUm/JusVortU3jWK/nKFqx+kifPJNZyHanPHTwpCs591BZNwyE/dZyuDP8LnagWH4dUooYQ0o+KQIozPHJxA+DL3mjHA==
lgvZc49rna6p8jYi8LyWTpdW/wLJQ/Agt/t9Y47JX////zl11i4dZHk0Y7RjFLdDhfrtOaFayCQH9Mz71xOaIX6jGQ==
+vhAGpAZRitqVM9RLoNECZAnVndW43+fYmhmUrrMWyCS/R/6k3pFUlrSoZzJwlJmeDlDDaFF7kxfkAu1+Hq/8BR8fGcJGwj1t6DcEeY+YL+c4m6saJKF/0o0W6aOpZrkrP0RiL9vd1WjMA==
BVuQt1CWEhZlvamx3/iQuTfV4vL36NM2V8nVOpp5U2epHx8aHX/Ntemwg0BOVRSlRuRRb28l1JRBTSVcOzqu3ahyWBdPYmB6teI6BHXYVcwx70Ka6xXnwn5I0cTaN2GLfG1Yoz8=
vWwpGq7HwBeBm04Njc4XHvaEJ1eNrSoBhh6IHc/VDwesVF1eWt65kPkuSkoYFZvhkQm2gJ9cU/lIlmdcdNDki7mXkHk3LESdVtL4E/xOtkDY3t0zivgD6r5JQsjM0Qlkj2NvWaM8
PV3Lm+R3mJOQb1Oz1wubwhd+YCxRRiViWuLBrAkSMvb4qeNdYbXOPF9gK8W4qh9glOycN0kr6MW3kDwhpm6ALxxyznwo4qUPSkR7Vk71OnQsbXFYf18XZaMA
LNtf1yO5ElujNkXN1Df75ippy9cvmVEZQ08tZlrmybgZBhoS2M3LiTHhBvgfpOOR6H63BDQINKPZv2BBNxS0tTb6KMu8FmaoeLZtywqAswIeIRIQDIlZTG9LH2GjBA==
zF1yz6by2oRSF3sPi9wD3QNa5PIeq3ADdE8tZlrmybgZBhoS2M3LiTHhBvgfpOOR6H63BDQINKPZv2BBNxS0tTb6KMu8FmaoeLZtywqAswIeIRIQDIlZTG9LH2GjBA==
ViEj0GrxRVgx1pyBLXZVL3M1mRjFp93noeDaZE02kZyGhEg/f/eJC6qevwaHPwDEy7LEWmB9AfUsh/dWcHt+oPQd7CSSlgCcge1qYpdsNtsuZjybTVJ3QRNnowY=
LAx/97NIjw0c69SgrdLozvlwwgb8JdZY4irifMFq1PMIPn9Y03kB8ZihUpYeo5RTaaQ7EjFkC0FJCdIpfj4XnI/QUFtu/y4sdWZS3nSMpkWAz3k3oYSSxMIWqv3Oy++U8NXa6Sr0i1cdO1FX2OcYO3mVTPsBcOe/CR0yfj4jZKlpko8Ur7M6R8jyIVGpmyhkZR2sIZxptBi/0oNGTYZObZggPijrsUnw+/vsBNWYNUzRL+Kai1XHQl4IscR690ELHC34o58=
i4tuKw6zT/RQsdCEKGyMkCQVmou4r6m0W79FdGifcONJZW5CJ8pxvrxqJIpGubMiqDRNc37jfHnnblFCqrAcXxGQxQI5oJ97qr6WzRjRZ3YSWcqeaffxmVT8TkUftYRa/8h6Wnz3/jOwDjKjHdhYocUbxDcjgz1j5j7QwnfHCeymu69IZ7ZvBDhU6nnnaMkTRBRdPNSP+w8jpIxWlbY2k0ZUxzXSlCCKR0IIvD+30Qjy1U9Iuk/P+EMGIC63QQZaWdByxL2IPWwpf1kf84X/IlYYmQQSR8lrxB3go4c=
otbkgzv/jteD2eiKlLQ+6jT2+FW7pmre2fVRTaACL1wk9Ctky7Qv0x9/dak5uqD0TzSEC7/z4tEGo2E=
gnIOTQWvFqUpywBXRa2ByoYgOMJxdxrhIlhu8h+NTGC6inBoGUKvRp8Q5k+WqlyfJY7H9csLo2I=
Je/ofvp/8u5xmQo5grALf9G70I+EsA6KxURPr7Y22NeMyQs5SvgaglyK3nQIqlWUz9wLnm79Kgzs1eHQH5cnfaMY
xPaueQ1ICmTLptLRox1fcVqx+kifPJNZyHKlMnTwpCs591BZNwyE/dZyuDP8LnagWH4dVY8YQ0o+KQIozPHJxA+DL3mjHA==
el6OWKBDBcAehdqca5rH3twQhTciQTjkAUAZ/O2Hv9/fPbsyMlDlZE5PbdvAxQyjaw==
pXoyi/hHseTw8AcP6t7xtTT2+FW7pmre2fVRTaACL1wk9Ctky7Qv0xV/dak5uqD0TzSEC7/z4tEGo2E=
Xi9qgOVuHXDthP1PZdq0n4YgOMJxdxrhIlhu8h+NTGC6inBoGUivRp8Q5k+WqlyfJY7H9csLo2I=
s39AFDJ9IiMbIJn2pDTuKHM1mRjFp93noeDaZE02kZyGhEg/f/eJC6qevwaHPwDAybzEWmB9AfUsh/dWcHt+oPQd7CSSlgCcgeRvYpdsNtsuZjybTVJ3QRNnowY=
EU73wMBMwsySfinNzM7H8wNa5PIeq3ADdE8tZlrmybgZBhoS2M3LiTHhBvgfpOOR6Hq1CjQINKPZv2BBNxS0tTb6KMu8FmaoeLZtwg+AswIeIRIQDIlZTG9LH2GjBA==
by/1s728PD+t4lo1nfyOMSppy9cvmVEZQ08tZlrmybgZBhoS2M3LiTHhBvgfpOOR6Hq1CjQINKPZv2BBNxS0tTb6KMu8FmaoeLZtwg+AswIeIRIQDIlZTG9LH2GjBA==
SDzsqXxx8yxp3uiietMA3Rd+YCxRRiViWuLBrAkSMvb4qeNdYbXOPF9gK8W4rh1ulOycN0kr6MW3kDwhpm6ALxxyznwo4qUGT0R7Vk71OnQsbXFYf18XZaMA
jpBillD0/KUPSAOFjkOBKfaEJ1eNrSoBhh6IHc/VDwesVF1eWt65kPkuSkoYFZvhkQm2gJ9cU/lIkmVSdNDki7mXkHk3LESdVtL4E/xOtkDY3t06j/gD6r5JQsjM0Qlkj2NvWaM8
XK/8k8/ZbtNfWuoTU1z6ljfV4vL36NM2V8nVOpp5U2epHx8aHX/Ntemwg0BOVRSlRuRRb28l1JRFTytcOzqu3ahyWBdPYmB6teI6BHXYVcwx70uf6xXnwn5I0cTaN2GLfG1Yoz8=
YAnCus4BlCxh/6i47OR9gJAnVndW43+fYmhmUrrMWyCS/R/6k3pFUlrSoZzJwlJmeDlDDaFF7kxfkAu1+H69/hR8fGcJGwj1t6DcEeY+YL+c4m6saJKF9k80W6aOpZrkrP0RiL9vd1WjMA==
wuZiWEa1XYDiJjDUX2PGtu3Gqw31jDM+uon+BXMQWs7wtWUvJQdpky/bDlCkP+wtk6yVAxsnDAn68zVKXpu4hRL0S6RrNI+T9X9VaVk6wDRvNGRLX3NCEWajAQ==
