bM85eJCmyYVunsJcvn9LEmLNyvtPWbqywF92CWuKiv1VyjIoMoTxGFyNhJJo/WO99dc4sYqNDuQhgLl8TUeX2L/72LJUkIVnLo8NW6AFZrMP
if4tlVh0SLGbbclkkv7aP/lwwgb8JdZY4irifMFq1PMIPn9Y03kB8ZihUpYeo5RTaaQ7EjFkC0FJCdIpfj4XnI/QUFtu/y4sdWZS3nSMpkWAz3k3oYSSxMIWqv3Oy++U8NXa6Sr0i1cdO1FX2OcYO3mVTPsBcOe/CR0yfj4jZKlpko8Ur7M6R8jyIVGpmyhkZR2sIZxptBi/0oNGTYZObZggPijrsUnw+/vsBNWYNUzRL+OYi1PEQlgIscd690ELHC3ys5s=
42MgzksYDODnmCg1noqiD/lwwgb8JdZY4irifMFq1PMIPn9Y03kB8ZihUpYeo5RTaaQ7EjFkC0FJCdIpfj4XnI/QUFtu/y4sdWZS3nSMpkWAz3k3oYSSxMIWqv3Oy++U8NXa6Sr0i1cdO1FX2OcYO3mVTPsBcOe/CR0yfj4jZKlpko8Ur7M6R8jyIVGpmyhkZR2sIZxptBi/0oNGTYZObZggPijrsUnw+/vsBNWYNUzRL+KYi1PEQlgIscd690ELHC3ys5s=
Nyi6jM3TBN7584GcqOWiOd/4242Yog+Y1FQMv6lj2N23iAxpRuYQl1yK3nQIqlWUyNwNnW77Kgzv1eHQH5cnd7Mc
mh8Ch36myd9N1Xspi1o3FAyl0O696JNjsLOI64AMeBDR3K2Plt1Mh5gl1eUP0U1uot/f/CTM9SR/V/EuXofo0vB6kGW4go6yShD6wG9D0gJvs/iyXBlsQEd6o5qM3oq/C78Ss+wK51UEgWAxurCExPD+/QBaGz70EdWLX3wellCYbn0AiMilWX5fYhhPAel0T5OPo7PI
6Zic7zSoqv/8gXE+8pW02ZwFinpShUtEvq4hDSOE/4nRUkElUpK3nMVBh6C58gJnOILtBiBPQPjTQ6t6c0OPXc7Z4sQ9iL1sqX/YGHODfCLQGBkHkkdJa0QdarMD
vfXpm/UhjTlNfGENPJNsXA2ewy7QctQXm2e4PG6j4S089FFSWkiV6tFhsyP8LnagWH4dUYgYRUk+LwIoz/HJxA+DL3OzGA==
Z996RzqbVfB6a4gFvn1kcAyewy7QctQXm2e4PG6j4S089FFSWkiV6tFhsyP8LnagWH4dUYgYRUk+LwIoz/HJxA+DL3OzGA==
lDZHkVWFo5zYFR/dvm1AnCgFhbdm5hhiED4MWyvL4NAOT3mBjHjJ3trEDWZhzSvPnMIuDOgyxR1IVJ0FDgNaxK8d0eg/jzd/sxQ=
Ple5Xesv6nZ+jnCP9jgbJQuewy7QctQXm2e4PG6j4S089FFSWkiV6tFhsyP8LnagWH4dUYgYRUk+LwIoz/HJxA+DL3OzGA==
Rlgr6cEjrCigwsKOahZc0gqewy7QctQXm2e4PG6j4S089FFSWkiV6tFhsyP8LnagWH4dUYgYRUk+LwIoz/HJxA+DL3OzGA==
FcKjU+0ML4IXDsDOYfN5vSsFhbdm5hhiED4MWyvL4NAOT3mBjHjJ3trEDWZhzSvPnMIuDOgyxR1IVJ0FDgNaxK8d0eg/jzd/sxQ=
np9QE8daGtLGjqqDZzAWjwmewy7QctQXm2e4PG6j4S089FFSWkiV6tFhsyP8LnagWH4dUYgYRUk+LwIoz/HJxA+DL3OzGA==
mhrXbtO27VC3ewOP71m+UQiewy7QctQXm2e4PG6j4S089FFSWkiV6tFhsyP8LnagWH4dUYgYRUk+LwIoz/HJxA+DL3OzGA==
6IStQXyo3aTEJeMiDi1gRyoFhbdm5hhiED4MWyvL4NAOT3mBjHjJ3trEDWZhzSvPnMIuDOgyxR1IVJ0FDgNaxK8d0eg/jzd/sxQ=
ZpHURauiZvcNnNg/ID7Jlgeewy7QctQXm2e4PG6j4S089FFSWkiV6tFhsyP8LnagWH4dUYgYRUk+LwIoz/HJxA+DL3OzGA==
KMFmhNxv7d1y9YC0XJd1DAaewy7QctQXm2e4PG6j4S089FFSWkiV6tFhsyP8LnagWH4dUYgYRUk+LwIoz/HJxA+DL3OzGA==
Xrw0vxgPt/aKDaDPNXBTmC0Fhbdm5hhiED4MWyvL4NAOT3mBjHjJ3trEDWZhzSvPnMIuDOgyxR1IVJ0FDgNaxK8d0eg/jzd/sxQ=
XIVA2/5dyNUxTwA94YLrFRBSS7XdgKOGIK9KZleW2gtyENF3cTqp9w21fJ0Y1Adsz6QLC0K4KXdeKiJ8I9fow/sDhilwsxk=
2lc0cyZ7jMi+crgj7pD+lRFSS7XdgKOGIK9KZleW2gtyENF3cTqp9w21fJ0Y1Adsz6QLC0K4KXdeKiJ8I9fow/sDhilwsxk=
iil8zywuNoUSUf1CgfOSwCwFhbdm5hhiED4MWyvL4NAOT3mBjHjJ3trEDWZhzSvPnMIuDOgyxR1IVJ0FDgNaxK8d0eg/jzd/sxQ=
520RiReWcpuGOwbmw6xN0hJSS7XdgKOGIK9KZleW2gtyENF3cTqp9w21fJ0Y1Adsz6QLC0K4KXdeKiJ8I9fow/sDhilwsxk=
490pCXN3i8uPX+D4swO/whNSS7XdgKOGIK9KZleW2gtyENF3cTqp9w21fJ0Y1Adsz6QLC0K4KXdeKiJ8I9fow/sDhilwsxk=
r0JRg/U7JMPIv0+PYLYD+y8Fhbdm5hhiED4MWyvL4NAOT3mBjHjJ3trEDWZhzSvPnMIuDOgyxR1IVJ0FDgNaxK8d0eg/jzd/sxQ=
AJEn2xTkxfNtvU0a8WYKjRRSS7XdgKOGIK9KZleW2gtyENF3cTqp9w21fJ0Y1Adsz6QLC0K4KXdeKiJ8I9fow/sDhilwsxk=
3bhMfi5v3RAxdUlSf6Sumy4Fhbdm5hhiED4MWyvL4NAOT3mBjHjJ3trEDWZhzSvPnMIuDOgyxR1IVJ0FDgNaxK8d0eg/jzd/sxQ=
sqXPcx7+j3JIgl2DqmJC8BVSS7XdgKOGIK9KZleW2gtyENF3cTqp9w21fJ0Y1Adsz6QLC0K4KXdeKiJ8I9fow/sDhilwsxk=
SEgF6sWmK9/xtSBA3Z4iGw+ewy7QctQXm2e4PG6j4S089FFSWkiV6tFhsyP8LnagWH4dUYgYRUk+LwIoz/HJxA+DL3OzGA==
C52kAlk5273G8UcinZtzrw6ewy7QctQXm2e4PG6j4S089FFSWkiV6tFhsyP8LnagWH4dUYgYRUk+LwIoz/HJxA+DL3OzGA==
wmdhDE7SJtAzDMxiwZLxnSkFhbdm5hhiED4MWyvL4NAOT3mBjHjJ3trEDWZhzSvPnMIuDOgyxR1IVJ0FDgNaxK8d0eg/jzd/sxQ=
5ML/JAy0OZmmTwZZ75+7nRZSS7XdgKOGIK9KZleW2gtyENF3cTqp9w21fJ0Y1Adsz6QLC0K4KXdeKiJ8I9fow/sDhilwsxk=
T/8PZjp7txTscQDV9zEM+hdSS7XdgKOGIK9KZleW2gtyENF3cTqp9w21fJ0Y1Adsz6QLC0K4KXdeKiJ8I9fow/sDhilwsxk=
dMiu6TLkGUydUjTsHcKuvyEFhbdm5hhiED4MWyvL4NAOT3mBjHjJ3trEDWZhzSvPnMIuDOgyxR1IVJ0FDgNaxK8d0eg/jzd/sxQ=
ElVWk5PDjjUhnjSVGlaf0RhSS7XdgKOGIK9KZleW2gtyENF3cTqp9w21fJ0Y1Adsz6QLC0K4KXdeKiJ8I9fow/sDhilwsxk=
nKM+KzJd47Z+aH+JChFSriAFhbdm5hhiED4MWyvL4NAOT3mBjHjJ3trEDWZhzSvPnMIuDOgyxR1IVJ0FDgNaxK8d0eg/jzd/sxQ=
6hM1gLKSjtKBWIuXGPAyNxBRS7XdgKOGIK9KZleW2gtyENF3cTqp9w21fJ0Y1Adsz6QLC0K4KXdeKiJ8I9fow/sDhilwsxk=
7nZBkjdk4kF53kUDHecxWBFRS7XdgKOGIK9KZleW2gtyENF3cTqp9w21fJ0Y1Adsz6QLC0K4KXdeKiJ8I9fow/sDhilwsxk=
Ibbu9tytJzeaaAhBRPIwTx5g/M9gWqvOEcBvPnR/Po4LNmaj5mAl7/26JW95Reg1pHTbBDv037MOeGWPCvoWVP+3FKvvM7IxfLMV
yTZrmIStMzRzQG/Tm5SPbx9g/M9gWqvOEcBvPnR/Po4LNmaj5mAl7/26JW95Reg1pHTbBDv037MOeGWPCvoWVP+3FKvvM7IxfLMV
WWhSK1WxbRnhnwqoAe0DzB4j8dh6Wq7NEcBvPnR/Po4LNmaj5mAl7/26JW95Reg1pHTbBDv037MOeGWPCvoWVP+3FKvvM7IxfLMV
4Aqy2A/btiyalWd+oEY84h8j8dh6Wq7NEcBvPnR/Po4LNmaj5mAl7/26JW95Reg1pHTbBDv037MOeGWPCvoWVP+3FKvvM7IxfLMV
YVgS+DnH4EgpfDUFeKvFrRxg/M9gWqvOEcBvPnR/Po4LNmaj5mAl7/26JW95Reg1pHTbBDv037MOeGWPCvoWVP+3FKvvM7IxfLMV
h14BbU5KJ81k+iNNR5ss3h1g/M9gWqvOEcBvPnR/Po4LNmaj5mAl7/26JW95Reg1pHTbBDv037MOeGWPCvoWVP+3FKvvM7IxfLMV
H/Unrs3fFPDOdvPCMac64hZRS7XdgKOGIK9KZleW2gtyENF3cTqp9w21fJ0Y1Adsz6QLC0K4KXdeKiJ8I9fow/sDhilwsxk=
RscEvRSwDJ3ZyM0PZvwGTRdRS7XdgKOGIK9KZleW2gtyENF3cTqp9w21fJ0Y1Adsz6QLC0K4KXdeKiJ8I9fow/sDhilwsxk=
uBDlnkzfsG5ffW+7gRJVm/aLvQ4NLLndlWI5kNmhzVqpQJeuzN9WXkN2rtPOQD0f5bo9H2FlwMXstBNU01RnI3b43R/ymr6Et3dcmwdTqgFksw0=
n7u/PGetleyjqN7tDSHyxveLvQ4NLLndlWI5kNmhzVqpQJeuzN9WXkN2rtPOQD0f5bo9H2FlwMXstBNU01RnI3b43R/ymr6Et3dcmwdTqgFksw0=
ouZYtnLMX3AQ18vuwnvMOBhRS7XdgKOGIK9KZleW2gtyENF3cTqp9w21fJ0Y1Adsz6QLC0K4KXdeKiJ8I9fow/sDhilwsxk=
/pZVMWwK2Yjqy+nM8Ee52UQR8Y5UYAfGFXn3oImS0qdIYl2GsO8QOOMju3pjo78dHnlyRI3oTSz5n+gYg6Ms4mC46YcCpxkrtD16sxM=
pK267o5cMt97sdNjeNvgeRpg/M9gWqvOEcBvPnR/Po4LNmaj5mAl7/26JW95Reg1pHTbBDv037MOeGWPCvoWVP+3FKvvM7IxfLMV
V3fMutcTVoLUVz8a/x+2wJ0FinpShUtEvq4hDSOE/4nRUkElUpK3nMVBh6C58gJnOILtBiBPQPjTQ6t6c0OPXc7Z4sQ9iL1sqX/YGHODfCLQGBkHkkdJa0QdarMD
iiDJ/24z7gBwtETg8KeZcxlRS7XdgKOGIK9KZleW2gtyENF3cTqp9w21fJ0Y1Adsz6QLC0K4KXdeKiJ8I9fow/sDhilwsxk=
PZ3eFTtEcCaBUzf9KGZM/xBQS7XdgKOGIK9KZleW2gtyENF3cTqp9w21fJ0Y1Adsz6QLC0K4KXdeKiJ8I9fow/sDhilwsxk=
v5oG1qhKyMppneULInYXZhtg/M9gWqvOEcBvPnR/Po4LNmaj5mAl7/26JW95Reg1pHTbBDv037MOeGWPCvoWVP+3FKvvM7IxfLMV
ZKPaEzaM0+7K44WODmCmlhhg/M9gWqvOEcBvPnR/Po4LNmaj5mAl7/26JW95Reg1pHTbBDv037MOeGWPCvoWVP+3FKvvM7IxfLMV
RphVdIqULy7v8Jx7ey85lRFQS7XdgKOGIK9KZleW2gtyENF3cTqp9w21fJ0Y1Adsz6QLC0K4KXdeKiJ8I9fow/sDhilwsxk=
OJSA4GrzbZ8bZJCucuxA2BJQS7XdgKOGIK9KZleW2gtyENF3cTqp9w21fJ0Y1Adsz6QLC0K4KXdeKiJ8I9fow/sDhilwsxk=
foxgzf3JuYGHhZm/Yd0qzhlSS7XdgKOGIK9KZleW2gtyENF3cTqp9w21fJ0Y1Adsz6QLC0K4KXdeKiJ8I9fow/sDhilwsxk=
3L8247sji/maiETn+AMh5RJRS7XdgKOGIK9KZleW2gtyENF3cTqp9w21fJ0Y1Adsz6QLC0K4KXdeKiJ8I9fow/sDhilwsxk=
N5gwiXpvIHFerE9GOlnLDRlg/M9gWqvOEcBvPnR/Po4LNmaj5mAl7/26JW95Reg1pHTbBDv037MOeGWPCvoWVP+3FKvvM7IxfLMV
nRixvkNVphMQjVhQazmj/xNRS7XdgKOGIK9KZleW2gtyENF3cTqp9w21fJ0Y1Adsz6QLC0K4KXdeKiJ8I9fow/sDhilwsxk=
lyAGw3mlFCgmmNY59tg5Xlqx+kifPJNZyHKlMnTwpCs591BZNwyE/dZyuDP8LnagWH4dUYgYRUk+LwIoz/HJxA+DL3OzGA==
SUqDxBQMjK2G3XJD0EWCzlqx+kifPJNZyHanPHTwpCs591BZNwyE/dZyuDP8LnagWH4dUYgYRUk+LwIoz/HJxA+DL3OzGA==
giRfASihVmw/wvuRFgETs5dW/wLJQ/Agt/t9Y47JX////zl11i4dZHk0Y7RjFLdDhvjtP6JaziQH98z71xOaIXSzHQ==
dsUzV1VVUlQd4iZUswIiu5AnVndW43+fYmhmUrrMWyCS/R/6k3pFUlrSoZzJwlJmeDlDDaFF7kxfkAu1+Hq/8BR8fGcJGwj1t6DcEeY+YL+c4m6saJKF/Ug0XaWOo5rkr/0RiL9vd1+zNA==
dwI6Bug8C6Jo1Sh9qfdcnDfV4vL36NM2V8nVOpp5U2epHx8aHX/Ntemwg0BOVRSlRuRRb28l1JRBTSVcOzqu3ahyWBdPYmB6teI6BHXYVcwx70CY6xPkwnhI0cfaN2GLfG1Sszs=
h1JioqZh0ZzlvJhDBV5crvaEJ1eNrSoBhh6IHc/VDwesVF1eWt65kPkuSkoYFZvhkQm2gJ9cU/lIlmdcdNDki7mXkHk3LESdVtL4E/xOtkDY3t0xiPgF6b5PQsjP0Qlkj2NvU7M4
bDrtQUDhZjQZM7VVXhcXpRd+YCxRRiViWuLBrAkSMvb4qeNdYbXOPF9gK8W4qh9glOycN0kr6MW3kDwhpm6ALxxyznwo4qUNSER9VU7zOnQvbXFYf18Xb7ME
TgH2vQ6nFLCT2RBxKY2Qoyppy9cvmVEZQ08tZlrmybgZBhoS2M3LiTHhBvgfpOOR6H63BDQINKPZv2BBNxS0tTb6KMu8FmaoeLZtyQiAtQEeJxIQD4lZTG9LH2uzAA==
SHhhlmrcpn24r147IhfvPwNa5PIeq3ADdE8tZlrmybgZBhoS2M3LiTHhBvgfpOOR6H63BDQINKPZv2BBNxS0tTb6KMu8FmaoeLZtyQiAtQEeJxIQD4lZTG9LH2uzAA==
RMb0K+y6F4gQCjsI3MiaCHM1mRjFp93noeDaZE02kZyGhEg/f/eJC6qevwaHPwDEy7LEWmB9AfUsh/dWcHt+oPQd7CSSlgCcge9oYpFvNt0uZj+bTVJ3QRNtswI=
zqCAnoG2/4c2ZXUg4mCS//lwwgb8JdZY4irifMFq1PMIPn9Y03kB8ZihUpYeo5RTaaQ7EjFkC0FJCdIpfj4XnI/QUFtu/y4sdWZS3nSMpkWAz3k3oYSSxMIWqv3Oy++U8NXa6Sr0i1cdO1FX2OcYO3mVTPsBcOe/CR0yfj4jZKlpko8Ur7M6R8jyIVGpmyhkZR2sIZxptBi/0oNGTYZObZggPijrsUnw+/vsBNWYNUzRL+CYi1PEQlgIscd690ELHC3ys5s=
ChsPhNW+LtsvTHxEJ5wgufXzAOaVre/6hVnO1vbZ8mElic+xyKlzKGL3hRx1N0/uAfpvV4j74hItdhgvZayA2oR4WNkyEQkycgaXfRoOpLltnOMycgeWkPypx68qJF0PBpe2BsRTrEpNvuxre3xwNw3ItLJwy04SaznuEM4xTMB6avAIWemv5tlzZqlWCl8/5W5HlYuhs8Y=
PcpTw6vxVZiJUawIy9+K5DT2+FW7pmre2fVRTaACL1wk9Ctky7Qv0x1+da86uqb0TzeEC7/z4tEMs2U=
y7qoYEhmS+/KDLEyZ9FQ/4YgOMJxdxrhIlhu8h+NTGC6inBoGUCuRpkT5kmWql+fJY7H9csBs2Y=
NCOcb1eHXZ/w9pMEYBSv9tG70I+EsA6KxURPr7Y22NeMyQs5SvgaglyK3nQIqlWWztwNnW77Kgzv1eHQH5cnd7Mc
FAZpGcEmWs2nqLuRmbEp7lqx+kifPJNZyHKlMnTwpCs591BZNwyE/dZyuDP8LnagWH4dV44YRUk+LwIoz/HJxA+DL3OzGA==
AJJcEUdJc5erRwJrEVCBEe3Gqw31jDM+uon+BXMQWs7wtWUvJQdpky/bDlCkP+wtk6yVAxsnDAn68zVKXpu4hRL0S6RrNI+T+H5Vb1o6xjRvN2RLX3NCEWyzBQ==
