Vhu9af77MUW40CyoS9jhRmLNyvtPWbqywF92CWuKiv1VyjIoMoTxGFyNhJJo/WO99dc4sYqNDuQhgLl8TUeX2b/62LJVkIVgLo8NW6AFfKcP
IyZ8GdufU4XHcKn2JySuevlwwgb8JdZY4irifMFq1PMIPn9Y03kB8ZihUpYeo5RTaaQ7EjFkC0FJCdIpfj4XnI/QUFtu/y4sdWZS3nSMpkWAz3k3oYSSxMIWqv3Oy++U8NXa6Sr0i1cdO1FX2OcYO3mVTPsBcOe/CR0yfj4jZKlpko8Ur7M6R8jyIVGpmyhkZR2sIZxptBi/0oNGTYZObZggPijrsUnw+/vsBNWYNUzRL+OZi1LEQlkIscB690ELHC3op5s=
kawnNrHZRv1bopG38zqYbN/4242Yog+Y1FQMv6lj2N23iAxpRuYQl1yK3nQIqlWUydwMnW76Kgzo1eHQH5cnbacc
smTcw/UGWL2ua94GMUaozTT2+FW7pmre2fVRTaACL1wk9Ctky7Qv0x95da46uqf0TzCEC7/z4tEWp2U=
bJUxEJ09PNDehorBSTpNzYYgOMJxdxrhIlhu8h+NTGC6inBoGUKpRpgT5kiWqlifJY7H9csbp2Y=
q4KUDOiPhS64gX+cRsVvBjT2+FW7pmre2fVRTaACL1wk9Ctky7Qv0x55da46uqf0TzCEC7/z4tEWp2U=
NrMgyoQW9QvqzYIk+oDemoYgOMJxdxrhIlhu8h+NTGC6inBoGUOpRpgT5kiWqlifJY7H9csbp2Y=
TdMbr/TOnuKI90kVDSjA2ZAnVndW43+fYmhmUrrMWyCS/R/6k3pFUlrSoZzJwlJmeDlDDaFF7kxfkAu1+Hq/8BR8fGcJGwj1t6DcEeY+YL+c4m6saJKF/Uk0XKWOoprkqP0RiL9vd0WnNA==
fqIGmkNeH9wgxu1XQZKZ1TfV4vL36NM2V8nVOpp5U2epHx8aHX/Ntemwg0BOVRSlRuRRb28l1JRBTSVcOzqu3ahyWBdPYmB6teI6BHXYVcwx70CZ6xLkwnlI0cDaN2GLfG1Ipzs=
7tKJOb+e4vLSFn/3/7rdRvaEJ1eNrSoBhh6IHc/VDwesVF1eWt65kPkuSkoYFZvhkQm2gJ9cU/lIlmdcdNDki7mXkHk3LESdVtL4E/xOtkDY3t0xifgE6b5OQsjI0Qlkj2NvSac4
7wKS5z9FeGsG9d6c+PqC+hd+YCxRRiViWuLBrAkSMvb4qeNdYbXOPF9gK8W4qh9glOycN0kr6MW3kDwhpm6ALxxyznwo4qUNSUR8VU7yOnQobXFYf18XdacE
Z9lbHuVtgMT88vLwCpJqqippy9cvmVEZQ08tZlrmybgZBhoS2M3LiTHhBvgfpOOR6H63BDQINKPZv2BBNxS0tTb6KMu8FmaoeLZtyQmAtAEeJhIQCIlZTG9LH3GnAA==
hKkU3JeeMuaHFbL3DzSaxANa5PIeq3ADdE8tZlrmybgZBhoS2M3LiTHhBvgfpOOR6H63BDQINKPZv2BBNxS0tTb6KMu8FmaoeLZtyQmAtAEeJhIQCIlZTG9LH3GnAA==
UPsshmAfdqks6Nz4yzXO/HM1mRjFp93noeDaZE02kZyGhEg/f/eJC6qevwaHPwDEy7LEWmB9AfUsh/dWcHt+oPQd7CSSlgCcge9pYpBvNtwuZjibTVJ3QRN3pwI=
fghVU4zOuQsOp8yYi0Bzj/lwwgb8JdZY4irifMFq1PMIPn9Y03kB8ZihUpYeo5RTaaQ7EjFkC0FJCdIpfj4XnI/QUFtu/y4sdWZS3nSMpkWAz3k3oYSSxMIWqv3Oy++U8NXa6Sr0i1cdO1FX2OcYO3mVTPsBcOe/CR0yfj4jZKlpko8Ur7M6R8jyIVGpmyhkZR2sIZxptBi/0oNGTYZObZggPijrsUnw+/vsBNWYNUzRL+CZi1LEQlkIscB690ELHC3op5s=
7/A9K60h2adU1bA1uzpUaL2f6Ge1+Gk7hIYY8NQBaIT4XqSaFyonc+Q6SzQ161DvcrAKre/uF0lsXx3BmiW6fM165aADjadDD6PlwJO7oKGZE0k0fq76wyoy7m8ZT/BRPD0yUsi+aTroALZOS6Dl6Q6/0q959J1m8U63sjUi4HZI/TdcjNPoqrWhTP54o9gpBDYnsfbzFepMGU6vuxSqJ/9lxNT8nNAuhGr4u8j+4tsVbHUzrZ29x1YbjtiYjbPkg1C+tDRjC+1IGV3ikOlfciaN1K5fMw19srt7T4O40GeT/wPxCPWP+uq26/5ueG19wZA+NB6urp2KExOEXJ2+ac48J0dhY5W33F9ES9WdqDsl+IsP1eW2Xnp7WDmFWisUC3vW1/SqZXEtY/TUCZWI4XhhGGjjaoemid4yfTTo2qiP+eXgByOoZNEg6bx9J4PZr9oo8gVwNeC+L32bcGVMpz8=
WbZj/eNeWfW8aiJdarGCACtpxtNgj03Bf1h28g6Du4fMsUS9FGtORnT8m0lY7MiMneN/5yqVKW5gnPGR7Wptc4PZHGiQStSycxwLQmEinMptc5HsKbYQH4AR2zcg+WMQSfNROTc9RtmgchIFItFyspaWudtljeu4OtYeTLwA3pzEQ9YtV9jo/W0TIjgjy2LhNUvZsUyYVVedvjKRSxljclLpZzqvi4AtQotGqYjfx/EI0csAdmo3rJO2/yspefTxq1AEpjqRQAUdMCWFWxo+Sb8MwtM3qwq+nWblLynswwo+U+cWdYxlmWsUUocUDEIXzp6tlMrh8F/gZWW3YSRodfudSSsWSHOQXe6/0V1DV8yLu0sQArRr9AudBiepj3XMnOjUTjEZA6X0vpmAAVMosOM7ce37h+xi5AwedGxF0d1OucgqE0qUtt0TLJziLuAk8VDp2uDX1mRe3vijPWqXeWNPpzo=
h0ATOoMZ6EXYK8zkx4CjljlGIeC1EDzYSNQ4/4JIBu/ScyUyzRWz+TTmSCooKmOirnZUWkdKl/N0mjt05Qtg7wKQ2m1fjofJnP9NgarFqnzdGtVg0y3Xw59DVYDDm1ChqXMZ9I4OakOa0j4vaW/gUSwdQhIYXtm6eKBGjhvA1en+n4LvyRQN5oHuZ3IFQvB2WB0HHNxzGColwfw+qIOoKTTW9/GGU4Vq/Hkeb0s0uifvRTQUrPxgrhTKiPsYHtLbZUyl8x39LUemu96YqG2j5JMwjnTkw3tt2PntosDJr3IW7YRur5Od/QJbqw/zmMBng99zsdgVP3p6Fhs+PhhdfTGwbnSuTj4d+rPDRGz9rmne3BcHMcNlN0w/9IsFvdg7FRhbT6VFJt7KGwj5dXo7FBtbJhekytXxvcOElNl1uOEIQcioUwoXJnl+Yj0ECMqon5nVINeD2ORBwFn8LQdz2Z+6eDL10KVgDs+t2wBFXKcv
L3r9G5Win2wMs16Timx3ptGXXavjg/YhKJHSbco4MZnBHcB1XrrhFZRr3ccQ/rQ6JCJnoqp+WEq7UrPTEOJnRCnDpC/G2JYdAzYjKXhn8REmTS78WZJZ8G+1s6M7+4lwD1MU4e07VcRS9o5jvspCP2Vn5FEoFU4CZEb9mpxYmr5XiJGpuldOHxWsqYbldtviicp09tyVi4xg6/zKgXmgTuTLbOnwHjvB2ivhSthh4n9HPL4n6004BFDkRI5wstTL1NYWG6EE6YNBRYmnQiNiCCTlJ2QXuALkWFsfDXxBMVIMAesyUqXIXnNred0mQ9cf/5DEZ4fXf6GkDRtanu7HDnJQGT11eKKEcvaafZ4rf9TgdSrpWlSbl41bgdfoh6j7SfUc+9HQl3/5PUL+7gP06XlyPxQfUyoHWNLx0dm72KQVvXwhzAmE2A+ys8ad5t6tiIBOKBsRWbBrG7yE5XiFDOHPN5nb8jQCKShBQCrX0csMTVinKw==
W6sUdqLFFevl5zaJvOpCAitpxtNgj03Af1h28giNp5jGrES9FG5EQGnkm0lY7MiMneN/5yqVKW5gnPGR7Wptc4PZHGiQStSycxwLQmEinMptc5HsKbYQH4AR2zcg+WMQSfNROTc9RtmgchIFItFyspaWudtljeu4OtYeTLwA3pzEQ9YtV9jo/W0TIjgjy2LhNUvZsUyYVVedvjKRSxljclLpZzqvi4AtQotGqYjfx/EI0csAdmo3rJO2/yspefTxq1AEpjqRQAUdMCWFWxo+Sb8MwtM3qwq+nWblLynswwo+U+cWdYxlmWsUUocUDEIXzp6tlMrh8F/gZWW3YSRodfudSSsWSHOQXe6/0V1DV8yLu0sQArRr9AudBiepj3XMnOjUTjEZA6X0vpmAAVMosOM7ce37h+xi5AwedGxF0d1OucgqE0qUtt0TLJziLuAk8VDo2ubQ1mRe3vijPWqXeWNPpzo=
L+nXwcgNOlGIp+DuDy4maStpxtNgj03Af1h28g6Du4fMsUS9FGtORnT8m0lY7MiMneN/5yqVKW5gnPGR7Wptc4PZHGiQStSycxwLQmEinMptc5HsKbYQH4AR2zcg+WMQSfNROTc9RtmgchIFItFyspaWudtljeu4OtYeTLwA3pzEQ9YtV9jo/W0TIjgjy2LhNUvZsUyYVVedvjKRSxljclLpZzqvi4AtQotGqYjfx/EI0csAdmo3rJO2/yspefTxq1AEpjqRQAUdMCWFWxo+Sb8MwtM3qwq+nWblLynswwo+U+cWdYxlmWsUUocUDEIXzp6tlMrh8F/gZWW3YSRodfudSSsWSHOQXe6/0V1DV8yLu0sQArRr9AudBiepj3XMnOjUTjEZA6X0vpmAAVMosOM7ce37h+xi5AwedGxF0d1OucgqE0qUtt0TLJziLuAk8VDo2ubQ1mRe3vijPWqXeWNPpzo=
lyT6VRjznt6yjEiHs57aalOZQ4R7vttjSNYo37trjlkYduUYpl+snvgEcsrGMuXubSPO3nk8N/+6zxjkyGVdir3Z5ttvaXjx8DyHrgeIcYmtUyXH1whR78oBc4fLvMxKUJNg9hxHe1v6UTYpUHo6eiNqQuQExsk0D0lk6xBnS5C3dvtKxZrX9qo2AinV9P5XYjofxf42uveyCe4iJbnEFz+6Bt28B9mAIKd18aZ8Dliafq6OyrPK6gj7fzi3+x/5F1fcn/xweln5pMmEXJxGZwH9Yn1vKlK9NdLMGVYm7denLfh/iWfhrNpnmeth2foxxapAUll27OyH3avE/PwsyoSNgBdhrL5J9CmE6MXvE+cfJ3Y79oMXycIbz+yJB+cBnA4wv6qR586hlIHvtH8Gbi8hB4fG3AuBYsESNdqgUQ4tNgNaQNXWPJDoxS0HyHUnonT7RNt0v3PpeEVIrXq3lJ+w9OuPsxJxRqc1
dHFP+Op5o56pR7OBE5Nuc1qx+kifPJNZyHKlMnTwpCs591BZNwyE/dZyuDP8LnagWH4dVYgYQk4+LgIoyPHJxA+DL2mnGA==
L0WgY5TEpi28ENYLwezwbO3Gqw31jDM+uon+BXMQWs7wtWUvJQdpky/bDlCkP+wtk6yVAxsnDAn68zVKXpu4hRL0S6RrNI+T+nhVaF06xzRvMGRLX3NCEXanBQ==
