5JxBPZ4Yn/4jELEyV6wjFmLNyvtPWbqywF92CWuKiv1VyjIoMoTxGFyNhJJo/WO99dc4sYqNDuQhgLl8TUeS2b/82bJVk4VnLo8NW6AFZrMP
ibGJ0DEShGez9e/pzszB3/lwwgb8JdZY4irifMFq1PMIPn9Y03kB8ZihUpYeo5RTaaQ7EjFkC0FJCdIpfj4XnI/QUFtu/y4sdWZS3nSMpkWAz3k3oYSSxMIWqv3Oy++U8NXa6Sr0i1cdO1FX2OcYO3mVTPsBcOe/CR0yfj4jZKlpko8Ur7M6R8jyIVGpmyhkZR2sIZxptBi/0oNGTYZObZggPijrsUnw+/vsBNWYNUzRL+aZi1TFQlkLscd690ELHC3ys5s=
eq24u/T3nzSTUmTN2wYKNflwwgb8JdZY4irifMFq1PMIPn9Y03kB8ZihUpYeo5RTaaQ7EjFkC0FJCdIpfj4XnI/QUFtu/y4sdWZS3nSMpkWAz3k3oYSSxMIWqv3Oy++U8NXa6Sr0i1cdO1FX2OcYO3mVTPsBcOe/CR0yfj4jZKlpko8Ur7M6R8jyIVGpmyhkZR2sIZxptBi/0oNGTYZObZggPijrsUnw+/vsBNWYNUzRL+WZi1TFQlkLscd690ELHC3ys5s=
NrHEC1LRT7fjHRznusi1ed/4242Yog+Y1FQMv6lj2N23iAxpRuYQl1yK3nQIqlWRydwKnG76KQzv1eHQH5cnd7Mc
26TAQ3LnQjEwA1zB3Uv6OQyl0O696JNjsLOI64AMeBDR3K2Plt1Mh5gl1eUP0U1uot/f/CTM9SR/V/EuXofo0vB6kGW4go6yShD6wG9D0gJvs/iyXBlsQEd6o5qM3oq/C78Ss+wK51UEgWAxurCExPD+/QBaGz70EdWLX3wellCYbn0FiciiWH5eYRhPAel0T5OPo7PI
ug44HOsZk3geiWTnp8B5LpwFinpShUtEvq4hDSOE/4nRUkElUpK3nMVBh6C58gJnOILtBiBPQPjTQ6t6c0OPXc7Z4sQ9iL1sqX/cGXOEfSLRGxkHkkdJa0QdarMD
j83XMpqAhw3jFZT/O+7e+Q2ewy7QctQXm2e4PG6j4S089FFSWkiV6tFhsyP8LnagWH4dVYkYQkg+LgEoz/HJxA+DL3OzGA==
JkOa4qZBDNVIvSVbxas+UQyewy7QctQXm2e4PG6j4S089FFSWkiV6tFhsyP8LnagWH4dVYkYQkg+LgEoz/HJxA+DL3OzGA==
l+BKHsfn/wrojJ49xLkdHygFhbdm5hhiED4MWyvL4NAOT3mBjHjJ3trEDWZhzSvPnMIuDOgyxRlJVJoEDgJZxK8d0eg/jzd/sxQ=
qXkzx6Q7Hi6zoZ1455+8fwuewy7QctQXm2e4PG6j4S089FFSWkiV6tFhsyP8LnagWH4dVYkYQkg+LgEoz/HJxA+DL3OzGA==
mknMwx/cUdGcw+zrBzWCVgqewy7QctQXm2e4PG6j4S089FFSWkiV6tFhsyP8LnagWH4dVYkYQkg+LgEoz/HJxA+DL3OzGA==
2jelR1fEBc7Y2z0bpj6FJSsFhbdm5hhiED4MWyvL4NAOT3mBjHjJ3trEDWZhzSvPnMIuDOgyxRlJVJoEDgJZxK8d0eg/jzd/sxQ=
oe73qsGhq9RzLLIPBuYT6gmewy7QctQXm2e4PG6j4S089FFSWkiV6tFhsyP8LnagWH4dVYkYQkg+LgEoz/HJxA+DL3OzGA==
O9RJCAthiDhdqi49cQp7Pwiewy7QctQXm2e4PG6j4S089FFSWkiV6tFhsyP8LnagWH4dVYkYQkg+LgEoz/HJxA+DL3OzGA==
lr74YaVzcar27TkhUmtDKioFhbdm5hhiED4MWyvL4NAOT3mBjHjJ3trEDWZhzSvPnMIuDOgyxRlJVJoEDgJZxK8d0eg/jzd/sxQ=
FWwSvErCn3BVzQ7YAty29Qeewy7QctQXm2e4PG6j4S089FFSWkiV6tFhsyP8LnagWH4dVYkYQkg+LgEoz/HJxA+DL3OzGA==
zv7TDKB3qjWnBECdJIyCHAaewy7QctQXm2e4PG6j4S089FFSWkiV6tFhsyP8LnagWH4dVYkYQkg+LgEoz/HJxA+DL3OzGA==
0N6QWZfQ3vhSyomZl/ktPS0Fhbdm5hhiED4MWyvL4NAOT3mBjHjJ3trEDWZhzSvPnMIuDOgyxRlJVJoEDgJZxK8d0eg/jzd/sxQ=
xCulVi36OnbZPiVK3UtQ3xBSS7XdgKOGIK9KZleW2gtyENF3cTqp9w21fJ0Y1Adsz6QLC0a5KXBfKiN/I9fow/sDhilwsxk=
xjrN/uOnb2tEFUm96xD9/BFSS7XdgKOGIK9KZleW2gtyENF3cTqp9w21fJ0Y1Adsz6QLC0a5KXBfKiN/I9fow/sDhilwsxk=
UOLlo/Js2xoIPI11IZ3XsCwFhbdm5hhiED4MWyvL4NAOT3mBjHjJ3trEDWZhzSvPnMIuDOgyxRlJVJoEDgJZxK8d0eg/jzd/sxQ=
dBTrxfFclSSIE/Azh+UddhJSS7XdgKOGIK9KZleW2gtyENF3cTqp9w21fJ0Y1Adsz6QLC0a5KXBfKiN/I9fow/sDhilwsxk=
8xxtm9fdPfKl7jUbHctvfhNSS7XdgKOGIK9KZleW2gtyENF3cTqp9w21fJ0Y1Adsz6QLC0a5KXBfKiN/I9fow/sDhilwsxk=
iLDMSeC28ZI71xbqVgnqvC8Fhbdm5hhiED4MWyvL4NAOT3mBjHjJ3trEDWZhzSvPnMIuDOgyxRZJVJoEDgJZxK8d0eg/jzd/sxQ=
r+k2KyEi9fWk2G1++OWnlxRSS7XdgKOGIK9KZleW2gtyENF3cTqp9w21fJ0Y1Adsz6QLC0m5KXBfKiN/I9fow/sDhilwsxk=
HaEBlkErK3a8c2ysshM0Pi4Fhbdm5hhiED4MWyvL4NAOT3mBjHjJ3trEDWZhzSvPnMIuDOgyxRZJVJoEDgJZxK8d0eg/jzd/sxQ=
tTBCVCDY4mICBID+9rYmqhVSS7XdgKOGIK9KZleW2gtyENF3cTqp9w21fJ0Y1Adsz6QLC0m5KXBfKiN/I9fow/sDhilwsxk=
MmgFWSgrpOdrO50ubGe1Bg+ewy7QctQXm2e4PG6j4S089FFSWkiV6tFhsyP8LnagWH4dWokYQkg+LgEoz/HJxA+DL3OzGA==
JQCjzhbO9oIiSpDh3M6zJg6ewy7QctQXm2e4PG6j4S089FFSWkiV6tFhsyP8LnagWH4dWokYQkg+LgEoz/HJxA+DL3OzGA==
e9UnrweJ3RSQElFqnjTOwykFhbdm5hhiED4MWyvL4NAOT3mBjHjJ3trEDWZhzSvPnMIuDOgyxRZJVJoEDgJZxK8d0eg/jzd/sxQ=
Z/fg7Jer5sw3VWxmRS2uaRZSS7XdgKOGIK9KZleW2gtyENF3cTqp9w21fJ0Y1Adsz6QLC0m5KXBfKiN/I9fow/sDhilwsxk=
cbppsCtljUpXovCUTl19PBdSS7XdgKOGIK9KZleW2gtyENF3cTqp9w21fJ0Y1Adsz6QLC0m5KXBfKiN/I9fow/sDhilwsxk=
i9aESwk+27QIX5AEtk/c2SEFhbdm5hhiED4MWyvL4NAOT3mBjHjJ3trEDWZhzSvPnMIuDOgyxRZJVJoEDgJZxK8d0eg/jzd/sxQ=
hkVytm8Q5rE7kQKThq7VNxhSS7XdgKOGIK9KZleW2gtyENF3cTqp9w21fJ0Y1Adsz6QLC0m5KXBfKiN/I9fow/sDhilwsxk=
JkU+B8oejc2Jfak+Fcii/iAFhbdm5hhiED4MWyvL4NAOT3mBjHjJ3trEDWZhzSvPnMIuDOgyxRZJVJoEDgJZxK8d0eg/jzd/sxQ=
QFgusFEKll7kuGUDMLcu3hBRS7XdgKOGIK9KZleW2gtyENF3cTqp9w21fJ0Y1Adsz6QLC0m5KXBfKiN/I9fow/sDhilwsxk=
EyCNOvgZYDdIYI40CyPQpxFRS7XdgKOGIK9KZleW2gtyENF3cTqp9w21fJ0Y1Adsz6QLC0m5KXBfKiN/I9fow/sDhilwsxk=
DCIZsjAd7FriMBCyHvIQuh5g/M9gWqvOEcBvPnR/Po4LNmaj5mAl7/26JW95Reg1pHTbBDv037MFeWWIC/oXV/+3FKvvM7IxfLMV
cb2gOXrn692W7Ku2mHhAah9g/M9gWqvOEcBvPnR/Po4LNmaj5mAl7/26JW95Reg1pHTbBDv037MFeWWIC/oXV/+3FKvvM7IxfLMV
Uf02j1Cjj/eWww2mYM/u1R4j8dh6Wq7NEcBvPnR/Po4LNmaj5mAl7/26JW95Reg1pHTbBDv037MFeWWIC/oXV/+3FKvvM7IxfLMV
ZoOpmDq+kNbijOLDDaVlEx8j8dh6Wq7NEcBvPnR/Po4LNmaj5mAl7/26JW95Reg1pHTbBDv037MFeWWIC/oXV/+3FKvvM7IxfLMV
vOHczsxhKr7+pAVx6eTHfxxg/M9gWqvOEcBvPnR/Po4LNmaj5mAl7/26JW95Reg1pHTbBDv037MFeWWIC/oXV/+3FKvvM7IxfLMV
zPx/lgrYsmLWp87tfilXkB1g/M9gWqvOEcBvPnR/Po4LNmaj5mAl7/26JW95Reg1pHTbBDv037MFeWWIC/oXV/+3FKvvM7IxfLMV
AOWdIX0LP0dYEDmLjMUsCBZRS7XdgKOGIK9KZleW2gtyENF3cTqp9w21fJ0Y1Adsz6QLC0m5KXBfKiN/I9fow/sDhilwsxk=
EmeNYpELrtA6bLiynyCW9RdRS7XdgKOGIK9KZleW2gtyENF3cTqp9w21fJ0Y1Adsz6QLC0m5KXBfKiN/I9fow/sDhilwsxk=
ZQ0bAZFpnlyi0WwX6dxnVvaLvQ4NLLndlWI5kNmhzVqpQJeuzN9WXkN2rtPOQD0f5bo9H2FlwMXstBNU01RnI3353Rjzmr+Ht3dcmwdTqgFksw0=
w55RgCS5AdMa66LxfTz1RveLvQ4NLLndlWI5kNmhzVqpQJeuzN9WXkN2rtPOQD0f5bo9H2FlwMXstBNU01RnI3353Rjzmr+Ht3dcmwdTqgFksw0=
BCH+fI3jofi/ullQVTxQ9RhRS7XdgKOGIK9KZleW2gtyENF3cTqp9w21fJ0Y1Adsz6QLC0m5KXBfKiN/I9fow/sDhilwsxk=
rBVhAAmhKxP5J21GaywZnUQR8Y5UYAfGFXn3oImS0qdIYl2GsO8QOOMju3pjo78dHnlyRI3oTSz5n+MZg6Qt4mG76YcCpxkrtD16sxM=
yxlrtLxGBbTlU/bgjym1fxpg/M9gWqvOEcBvPnR/Po4LNmaj5mAl7/26JW95Reg1pHTbBDv037MFeWWIC/oXV/+3FKvvM7IxfLMV
6KuQRxwuPJB5scdZ3dtNQZ0FinpShUtEvq4hDSOE/4nRUkElUpK3nMVBh6C58gJnOILtBiBPQPjTQ6t6c0OPXc7Z4sQ9iL1sqX/TGXOEfSLRGxkHkkdJa0QdarMD
hlAkP+JbjocoYUf1X/i60RlRS7XdgKOGIK9KZleW2gtyENF3cTqp9w21fJ0Y1Adsz6QLC0m5KXBfKiN/I9fow/sDhilwsxk=
8wtJIvNX91WVgJUoqY9xQBBQS7XdgKOGIK9KZleW2gtyENF3cTqp9w21fJ0Y1Adsz6QLC0m5KXBfKiN/I9fow/sDhilwsxk=
bAQMWaIueTW8cikTBdep6Btg/M9gWqvOEcBvPnR/Po4LNmaj5mAl7/26JW95Reg1pHTbBDv037MFeWWIC/oXV/+3FKvvM7IxfLMV
zwxontXbaLjo0Uf7ClVOJhhg/M9gWqvOEcBvPnR/Po4LNmaj5mAl7/26JW95Reg1pHTbBDv037MFeWWIC/oXV/+3FKvvM7IxfLMV
i909Ut5/D3qwgC+eg6OCzxFQS7XdgKOGIK9KZleW2gtyENF3cTqp9w21fJ0Y1Adsz6QLC0m5KXBfKiN/I9fow/sDhilwsxk=
Z6E61R7jPAy4yTLn3CklyxJQS7XdgKOGIK9KZleW2gtyENF3cTqp9w21fJ0Y1Adsz6QLC0m5KXBfKiN/I9fow/sDhilwsxk=
PlOOpN1+AgaSBvoLgBsiRhlSS7XdgKOGIK9KZleW2gtyENF3cTqp9w21fJ0Y1Adsz6QLC0m5KXBfKiN/I9fow/sDhilwsxk=
HGYPBsFdM/vk//iGMNVqYxJRS7XdgKOGIK9KZleW2gtyENF3cTqp9w21fJ0Y1Adsz6QLC0m5KXBfKiN/I9fow/sDhilwsxk=
Oh7r+vhOUl+rrZtR5ghXmRlg/M9gWqvOEcBvPnR/Po4LNmaj5mAl7/26JW95Reg1pHTbBDv037MFeWWIC/oXV/+3FKvvM7IxfLMV
WvQi0cWniw8BFFC1y5R9mhNRS7XdgKOGIK9KZleW2gtyENF3cTqp9w21fJ0Y1Adsz6QLC0m5KXBfKiN/I9fow/sDhilwsxk=
sywRe+J2+LdP9AeKLn3n3Vqx+kifPJNZyHKlMnTwpCs591BZNwyE/dZyuDP8LnagWH4dWokYQkg+LgEoz/HJxA+DL3OzGA==
9owHyX5383Xn9KIxRxCCLlqx+kifPJNZyHanPHTwpCs591BZNwyE/dZyuDP8LnagWH4dWokYQkg+LgEoz/HJxA+DL3OzGA==
vwBggg+7UCjzyjFrZIXz6JdW/wLJQ/Agt/t9Y47JX////zl11i4dZHk0Y7RjFLdDjfntOKNazycH98z71xOaIXSzHQ==
YKPNivR9bv9nMqT9EZRxbo9En2WrBR4m1gSCYmZd0azk9xJZme0ksgwT0NkoH9KG863Npit1BjfjxGLhOCax2Wg1hKJcBN7/DLdQMkoWw9msSoS9crW6lkMpvVOPVHN1dAZpXhDI1EDNhPZ5whjZPGG0g6tTP1CkJRBbdqSLd663HcTBmvOALwJWAOhN+rf/KzGqCSRrH3X0SDUAdZX7qEZSM3I8nGHsoIWp2g7qml4RpzE12InOkLYxVeXF4CMUGOaULhATTKtdBRePH8q7I6Z/CL8dCd3ybyJS3BDG+y/ImYM8HqvG3PH6NOZNk1XEQ63D+8DnJjPz9d3bZGIaVxvk5gler4/dTHFUmjrzomnpsfEwN6fBwixRKZvVPmCJMimbi7q3eds25VMmBVze27vWcs8GjxBVlexMBxRvvLxtiOW9KyLecc80QutHk+qG7V4ll1lUI7JO6+euBTSFIRuskr9kNKIvvqYtrLrZEGeQXaUPEZyIzYslSZNm8JMoLVZ/6S17t/T7g8socoyLzHulxp/ZN5V07FDU9kGh4x2EBlm4cWvIiJMD8dWLvwxalDTezBz9MWU+AciSY/J0Dq2r7KSSFgAcgWRp4pbuNlwt5j8bTdJ3wRPts4I=
3UwTZFgr9GwtLTOrT7bj3lrSm1ooVApKPenUkVvFGH+9Plwmqz9SpekPiSHKFgyH6E88+e4YuTmAr1zXErmy34ovRvrQ1HdvgNRXjgRJbtCLU7BXFoWleWUdXwy3DTSm1iu+apRrsQUGEnCu6VsBPm3HxSYHl/d2XodLPs3rp4kSS9Xgmtq/6EEsT8lo+g/M5pKTXHxVVPj9bRXLXmsPM5U/YCDEimOLwO3XLR7UcgZJltEBYYznNMYwwA0q5pafT6cKpfSXl4V+tGb5oI3AyXpsx5BnGedIgYI4RWMULkfV7PgK0mDf97m9Og0XShoNnVIk6Z4G1ef/bYDvEccpfDJncTupeWKhveoYYmFWJBxvXQN0tJxUutzNOIf5THaZ3CmsuI2Pi3en567LDmPfeWqbp5zBJ98xRM7ILzIxr57JlOm//N+e/tfh37f+/EPxCkG6hRJAqf719rvK2LWebLjo7f3PKO23GjSjNKMU98NN+a24Y1qPp8f3jHsXE9qhtLPd
+OH+l+67xtIqLI/nlSs6AZen3PYHFtayhMpcKLGNxHu6MFndTmJQ2QVt+PodhieATxjErWoGwsQ+zknqpjuwar+nltfkmTALAKaZfzy6bKflx248wyXNnQEk/+qFwp4EsY0IcctbgG+fQNPZ2r1sqhdIYDq3sFxs85ZQcb92DN73vocVS9Dqgc6u3n4EYusLlmaykcLGBjcRFT4ytcgZrZf23XKfxYp/PtIdX2Var51Y+5jeJmS7yihG0inIPf/5Ok9RiOdP76/DxvMB3Aubg6Hp90180opsHeZOjpolV1AoF2nyjJ1gqRSuoeb1d0/UhtPTSqLRE3XiNEFQ1T1dgluw8rXn9LEy7fMXAkK1wIK6zeKYjdauf1iV/JOVZdWKMA/3uwmJkra7umG476PJDW/WZ32rkqbqA/5XK7a1XWFt9tCOVCx1JwtPCCgJMlVdUOpPvdEvH5nEKHh6biZYawknwh8ICBc03Bxhxfxu9uBYvp0aidjCCD7ugejPsUkED8Ovs7PY
/+a7lp0nnnLm3W3m4GflzdUcXHu9f86KhYpJBvfpKb4URQ5bcMVivvi/h/N82/WPYFmIkXO8hxK3bXigYO0eyNhjwDgG0J4F93LmG4lcqBPuaX7tkiRJ9FoMi/c0dAP2WHliOH+TBP+a9fnBsf2rFItdeM5CqyqCWLuNHXJyJBY1q42W2YexTgunK46KJ/+msbvroQZLwcjWisNw9YybMbTKA6SS0if08KWIQKkNYdNiu8PbAb/0SIjaX5M0DQOVQqT+rv1WJeltvLtMkpB0ldY2Wrdbpx6NOEdrHcoUMoH8vcwhjqxzOOtpu/BVYsxdX0RiL0FsbOIesOPvzd1utcu6lqUpElCBkjYJHyvNNHdtl2VUJmdlE+UpHjkJSsyavWYodBsdt9w4bIgCiK1Mn8WcunFIqTjQwd+3b1MHenNSE1PR3ltTdM0Xg0kQbny3zuFjtt2U/ZcwD2JmY0GLz6LMTxn+gQ4tnjD1RiEWT9Lk5dIELGh5FQP40a9uVPeMf+R7a/m52dBvalNfE1c442tDlomgs8k=
ACWKRWDHMYztUSb9iOjPxucyidalgDep3Z5N4WzgmhMyh7I+eA60ss1oR2cQgD0e/idYwAf/2RF1jLBFEofJZk0NWJfjA8LUaHqGdcJ5guWWJE38phynjxBU5y50CT7wu1NAt8ZFFRkVnc+sZ83ERsYrrgrkK+GllpKATlkbUV4dx/UG11cH1u4H216dq5epAkvFwKqa74jRrP9pmDrf7NaS4zwsFeQYDe2Faw4rf1OFP3DANEqzK1Btp02uFKLmuZbhITHMl5R2sFDt+iamv1+nGoXEV0dl7jTWWdDNkOlKbDdwt9lXKPECqOWz1N6nxezoaqIgj1cpPcrtpwpKbe1SFMlOxiVHT+0Qj0GHGVwiZ2EbmTkywS1qqMKRlvQ8X11zFOTc5FosTagnqQwG+cwpvFh9T1vXN2feq76jD5mam5e8kWevkfROWM/i8Z++2ZT5n8wfTh5HYW8XjrwT0TpBSmXCgBmehXYragh1boyo6P2dv2i9F4q0U9QTVKejPfmdmLOafwd3dxwbR1PqgaSzzQ==
PYEVnTlKLA0zzoYOZg6Wz7aMNlvSXoiwaXmwFsvWK+/Vg8kS1zDauPcuIkJ8Jy1Vs2uP+Nb2BjBgkiy2CaqDguTMB+viFm9BupymJ8ZgfLWOEEl9WVy3kKJ3oDLnX6EmYcGSzkpYQviqa+TzyCYMgxGkK2X3/rmoH4lGuhI/enDQof6ClFp/DBrRn6NYwj5+c7RW+zhuaG39DvCsEhUWOtX3SGiOH+/81+hWpbE7bQXix4g+jyjZJJYTWUMGZMt0j3Wg/wSlU4QBVgBB1nc0s2JhED6igA8MlrFeJOcR/WtWdxdRjVcUWK12hv22cGxifcwPn+T2NGNuErdku8jwtpS//glpnSxdd8IGaUq3DWSEFPbTQmDM9V5IQoNn13+qxo25qvZMZKzAG1ss9lY8WJFrd82U0XlylFGzsor1UL67+1EdjjOf/8fgfGc/p0dB7H2zmrZ+D+7qAMG9LSg6pDpmcr32G7d0mMXS6SLkYzfFa2mXgBdg29ElxHuJAA8fsa1qvkbzPIlBgocUp6MSZ5AiWZHxK5DEjW0koRTZHPjHItuGddaWDXAwNijjoSEQoyvURA3ozSx5n2MZA6St4uG7aYeCp5krND36s5M=
NNhLcl1Sw/b9cXyZ9jirhtUIrkH+HV6Wo3VXEsyGz/sJolkKjB4D/vHiXojer5Suvjlh/A6F5IKAAZjZ2KW93ZuPdsBQr4Kg+BazFCmgxEGW3EgGW+j2dY9AlbaAwW7NlSY8cKCXQyQMYtyEf6+S+XyHPWEJH31zUpXrhOSoQsG0163ZeKVhe/5bw8dNXSN+MFRcySerifVYvVCpTKWtR6GW+oZaMU04O3MqT9SaQou/SBqjLEvmTXxey4eKA7YbiFOXjfpg5SeV0rCQEw13B2U6ae78bRof1ymE6V6rf6ls+Zm8+n2hZV4n15tZTwsz/p5uh18AFmxwi4Q/xoMgeevRKBRSOsKkD6AcBghHaqmdxRCNG+oSaV6fYbS4TAJz1phQRbIg9kMT/1Pa2rWtSsIUmPxs88+sYj6QiO2zQ62A6WWCuHlH8j4dPA4ng8W9+uujryvIaGcrj6sR0KXHOiIGk16G6HX92QAWVCZeZt3Cw8ukNK1GabYMz2c5M113lC98q/0NsLs9aOOvLVX+HrKrAFktqpMUs4t+t6x6rTFl0wx0YQWQYWDxMIjbGs9mQY5qXdzYoqh3yY3A3/PgJBnQ0dxVt5dZt0zBUn3D/Sf2f6V72BXus4c=
2Lz6u8kPsevuBZDUCqHxsZcbSs+yYHJs3OWxBkuS81Hc8BuEI1RZNn3LUweVyuOauQtrAguKaWZdQlJ/gGfzw9dA7jVtKHLxBtlcHvl1EBrx7fIQhlVmks5zVaocVk2sbrvS6lTCA9fCXtFbhyvmiryGq+fRXgGodAYxbTT9SAMrCfdhtaTCz7x5ZcpRMlzhWLCM7EunI50X1pCmp6oBhVCVBX74zWXJJKaLLNrgjdCZyRuu+I9XVgX+HrnU/XvCfsGp612nchhhYKo/TpV97x9xDyjOBDXVSGAExf3G5WxhFWmoXYYJxv6uUZEZN/B3vY6V8f5JeE5aPFnfPaecxAaCDuRDWEhW/G82SaGtBL1v8h5pUocVhKwkPpOKsKQV5ti6A99HBwpu3XHqvrwMjNhrQyzupiR4eRu/DdwB0dJswQsy8mXo3lOrGd3GA7ef39BkZyeXXyHETfta/i7njlKQuT2VuMIEkrY6fT5rX1SANcrpOpR7F62bIddIR8h7qbV8+3GQt//ZfaL+jsMUaVmynxS/kwqHuBKR0Tn7+CQ1/dwhrElkWG9yE8Y9Jv4taEAuKPtROTBLWxyERThljIEP25l7NBWCCeshR8qXsUssDeKziw==
2Lz6u8kPsevuBZDUCqHxsZcbSs+yYHJs3OWxBkuS81Hc8BuEI1RZNn3LUweVyuOauQtrAguKaWZdQlJ/gGfzw9dA7jVtKHLxBtlcHvl1EBrx7fIQhlVmks5zVaocVk2sbrvS6lTCA9fCXtFbhyvmiryGq+fRXgGodAYxbTT9SAMrCfdhtaTCz7x5ZcpRMlzhWLCM7EunI50X1pCmp6oBhVCVBX74zWXJJKaLLNrgjdCZyRuu+I9XVgX+HrnU/XvCfsGp612nchhhYKo/TpV97x9xDyjOBDXVSGAExf3G5WxhFWmoXYYJxv6uUZEZN/B3vY6V8f5JeE5aPFnfPaecxAaCDuRDWEhW/G82SaGtBL1v8h5pUocVhKwkPpOKsKQV5ti6A99HBwpu3XHqvrwMjNhrQyzupiR4eRu/DdwB0dJswQsy8mXo3lOrGd3GA7ef39BkZyeXXyHETfta/i7njlKQuT2VuMIEkrY6fT5rX1SANcrpOpR7F62bIddIR8h7qbV8+3GQt//ZfaL+jsMUaVmynxS/kwqHuBKR0Tn7+CQ1/dwhrElkWG9yE8Y9Jv4taEAuKPtROTBLWxyERThljIEP25l7NBWCCeshR8qXsUssDeKziw==
NNhLcl1Sw/b9cXyZ9jirhtUIrkH+HV6Wo3VXEsyGz/sJolkKjB4D/vHiXojer5Suvjlh/A6F5IKAAZjZ2KW93ZuPdsBQr4Kg+BazFCmgxEGW3EgGW+j2dY9AlbaAwW7NlSY8cKCXQyQMYtyEf6+S+XyHPWEJH31zUpXrhOSoQsG0163ZeKVhe/5bw8dNXSN+MFRcySerifVYvVCpTKWtR6GW+oZaMU04O3MqT9SaQou/SBqjLEvmTXxey4eKA7YbiFOXjfpg5SeV0rCQEw13B2U6ae78bRof1ymE6V6rf6ls+Zm8+n2hZV4n15tZTwsz/p5uh18AFmxwi4Q/xoMgeevRKBRSOsKkD6AcBghHaqmdxRCNG+oSaV6fYbS4TAJz1phQRbIg9kMT/1Pa2rWtSsIUmPxs88+sYj6QiO2zQ62A6WWCuHlH8j4dPA4ng8W9+uujryvIaGcrj6sR0KXHOiIGk16G6HX92QAWVCZeZt3Cw8ukNK1GabYMz2c5M113lC98q/0NsLs9aOOvLVX+HrKrAFktqpMUs4t+t6x6rTFl0wx0YQWQYWDxMIjbGs9mQY5qXdzYoqh3yY3A3/PgJBnQ0dxVt5dZt0zBUn3D/Sf2f6V72BXus4c=
ACWKRWDHMYztUSb9iOjPxucyidalgDep3Z5N4WzgmhMyh7I+eA60ss1oR2cQgD0e/idYwAf/2RF1jLBFEofJZk0NWJfjA8LUaHqGdcJ5guWWJE38phynjxBU5y50CT7wu1NAt8ZFFRkVnc+sZ83ERsYrrgrkK+GllpKATlkbUV4dx/UG11cH1u4H216dq5epAkvFwKqa74jRrP9pmDrf7NaS4zwsFeQYDe2Faw4rf1OFP3DANEqzK1Btp02uFKLmuZbhITHMl5R2sFDt+iamv1+nGoXEV0dl7jTWWdDNkOlKbDdwt9lXKPECqOWz1N6nxezoaqIgj1cpPcrtpwpKbe1SFMlOxiVHT+0Qj0GHGVwiZ2EbmTkywS1qqMKRlvQ8X11zFOTc5FosTagnqQwG+cwpvFh9T1vXN2feq76jD5mam5e8kWevkfROWM/i8Z++2ZT5n8wfTh5HYW8XjrwT0TpBSmXCgBmehXYragh1boyo6P2dv2i9F4q0U9QTVKejPfmdmLOafwd3dxwbR1PqgaSzzQ==
/+a7lp0nnnLm3W3m4GflzdUcXHu9f86KhYpJBvfpKb4URQ5bcMVivvi/h/N82/WPYFmIkXO8hxK3bXigYO0eyNhjwDgG0J4F93LmG4lcqBPuaX7tkiRJ9FoMi/c0dAP2WHliOH+TBP+a9fnBsf2rFItdeM5CqyqCWLuNHXJyJBY1q42W2YexTgunK46KJ/+msbvroQZLwcjWisNw9YybMbTKA6SS0if08KWIQKkNYdNiu8PbAb/0SIjaX5M0DQOVQqT+rv1WJeltvLtMkpB0ldY2Wrdbpx6NOEdrHcoUMoH8vcwhjqxzOOtpu/BVYsxdX0RiL0FsbOIesOPvzd1utcu6lqUpElCBkjYJHyvNNHdtl2VUJmdlE+UpHjkJSsyavWYodBsdt9w4bIgCiK1Mn8WcunFIqTjQwd+3b1MHenNSE1PR3ltTdM0Xg0kQbny3zuFjtt2U/ZcwD2JmY0GLz6LMTxn+gQ4tnjD1RiEWT9Lk5dIELGh5FQP40a9uVPeMf+R7a/m52dBvalNfE1c442tDlomgs8k=
nezKkaWgngkhdFozSmMprpAnVndW43+fYmhmUrrMWyCS/R/6k3pFUlrSoZzJwlJmeDlDDaFF7kxfkAu1+Hq/8BR8fGcJGwj1t6DcEeY+YL+c4m6saJKF9kk0WqSOopnkr/0RiL9vd1+zNA==
5twXEkQgeItnmmS8xnah7zfV4vL36NM2V8nVOpp5U2epHx8aHX/Ntemwg0BOVRSlRuRRb28l1JRBTSVcOzqu3ahyWBdPYmB6teI6BHXYVcwx70uZ6xTlwnlL0cfaN2GLfG1Sszs=
J1YoD30cJIFhdDvCXlR2J/aEJ1eNrSoBhh6IHc/VDwesVF1eWt65kPkuSkoYFZvhkQm2gJ9cU/lIlmdcdNDki7mXkHk3LESdVtL4E/xOtkDY3t06ifgC6L5OQcjP0Qlkj2NvU7M4
e0uV6WhG7XZGAzjm5uQWzhd+YCxRRiViWuLBrAkSMvb4qeNdYbXOPF9gK8W4qh9glOycN0kr6MW3kDwhpm6ALxxyznwo4qUGSUR6VE7yOXQvbXFYf18Xb7ME
15qBKMhLImog+sOZctSP1Cppy9cvmVEZQ08tZlrmybgZBhoS2M3LiTHhBvgfpOOR6H63BDQINKPZv2BBNxS0tTb6KMu8FmaoeLZtwgmAsgAeJhEQD4lZTG9LH2uzAA==
KoHX8f3BEznr3DataDpjnwNa5PIeq3ADdE8tZlrmybgZBhoS2M3LiTHhBvgfpOOR6H63BDQINKPZv2BBNxS0tTb6KMu8FmaoeLZtwgmAsgAeJhEQD4lZTG9LH2uzAA==
EVnG6NIMuHBvY3uzrmoTWHM1mRjFp93noeDaZE02kZyGhEg/f/eJC6qevwaHPwDEy7LEWmB9AfUsh/dWcHt+oPQd7CSSlgCcgeRpYpZuNtwtZj+bTVJ3QRNtswI=
umuazclxuCR+ENkOBYZe6flwwgb8JdZY4irifMFq1PMIPn9Y03kB8ZihUpYeo5RTaaQ7EjFkC0FJCdIpfj4XnI/QUFtu/y4sdWZS3nSMpkWAz3k3oYSSxMIWqv3Oy++U8NXa6Sr0i1cdO1FX2OcYO3mVTPsBcOe/CR0yfj4jZKlpko8Ur7M6R8jyIVGpmyhkZR2sIZxptBi/0oNGTYZObZggPijrsUnw+/vsBNWYNUzRL+uZi1TFQlkLscd690ELHC3ys5s=
1AyMdj4H5BlOCdyrogXZJPXzAOaVre/6hVnO1vbZ8mElic+xyKlzKGL3hRx1N0/uAfpvV4j74hItdhgvZayA2oR4WNkyEQkycgaXfRoOpLltnOMycgeWkPypx68qJF0PBpe2BsRTrEpNvuxre3xwNw3ItLJwy04SaznuEM4xTMB6avAIWemv5thwZqhVCl4/5W5HlYuhqdg=
u0WsjzI6gfvITOIozWf/GTT2+FW7pmre2fVRTaACL1wk9Ctky7Qv0xR/da45uqf3TzaEC7/z4tEMqXs=
DjrV2/UPVnalyjob2qeQfoYgOMJxdxrhIlhu8h+NTGC6inBoGUmvRpgQ5kiVql6fJY7H9csBqXg=
C5EpbcGTg3DauT5n6SF0zNG70I+EsA6KxURPr7Y22NeMyQs5SvgaglyK3nQIqlWfz9wMnm76KQzu1eHQH5cnd6kC
JJk4iiIov9Yo13S7JY3lF5en3PYHFtayhMpcKLGNxHu6MFndTmJQ2QVt+PodhieATxjErWoGwsQ+zknrpjuwar+nltfkmTALAKaZfzy6bKflx248wyXNnQEk/+qFwp4EsY0IcctbgG+fQNPZ2r1sqhdIYDq3sFxs85ZQcb92DN73vocVS9Dqgc6u3n4EYusLlmaykcLGBjcRFT4ytcgZrZf23XKfxYp/PtIdX2Var51Y+5jeJmS7yihG0inIPf/5Ok9RiOdP76/DxvMB3Aubg6Hp90180opsHeZOjpolV1AoF2nyjJ1gqRSuoeb1d0/UhtPTSqLRE3XiNEFQ1T1dgluw8rXn9LEy7fMXAkK1wIK6zeKYjdauf1iV/JOVZdWKMA/3uwmJkra7umG476PJDW/WZ32rkqbqA/5XK7a1XWFt9tCOVCx1JwtPCCgJMlVdUOpPvdEvH5nEKHh6biZYawknwh8ICBc03Bxhxfxu9uBYvp0SjtjECj7ugejOsUkED8Ovs6nG
vCS9X489YQlqPkoG/WECrJl+rlLPBiAkbhZeVwaUbuMgHmY++3KJwpo9U6JzrWeeHnmdDr8YRn0xaXsGK9LTf8xxnUbAIH5FHbORpJmNQPzv2mKSlg9qycM9fqrQ9tcHnioV980SPE1l0eJ32Gf2QfvNPPePZKkdsAo9HBixzv3zzGeX3ZIda8Nu82XI3lCc0JBon96zctLO6wNgsfWt2qvgfT28mmgLmPiCheRSxJm58UzwInXs5z+U7RVgO3MaefoDNciau+IrKJ7FAroDkaHOFgjdrIrNryoSAMp+k9EfcqZz7cNdiCM7xJhoL0zulCTfZGZNrRbxBu5wTM9qL1kOZiZvmEM6gjXM3E9DhJPeKDWa9a5BgfoIPQnBCqTEJisMpkxEwfwSPsab5NkzGf61dba86fDDD4xWkKwDWESefbx8OKOdYx3i1KnjOmyIdsQC7+FszKL+MAOvbd3Odes69mVJEvBBsrbpX8vN1DdNF0WURmcF08WpPnnpSizaXeYItLsd1xxY7KjCKK3s3yUcWjHoqZgQoV/Xr/MH2jNyk7ORPlvzNO2X44lwbhx37mFD9j2UHdcQj0KmA0HrD8JMb1lege5tfrDVBoEW7xKEZbLEjGjZVeN4Me/OVFdMX2Qbq5G+eRZN6rMf81bYo0vDtknAqbc=
b8f2LCwhI9t1f1A8uWMwO6YEZEvL1vHWMRmOBEayMGdWFmPEOk98t4InuWneH44tOcSr/ea9JKE6GAp1DpI4jzX63Ztk/8E3Jy+l3uQ4wm5F7OYRJis3Qq3sZU/KS4DlmgpAlmzILN9Qeew7JLMQaV9JW22bLwP/DlRpY+wb6wSXg3thgRppl7DawVEWINYQ4KWhaeh/SPrYzg5oUhGy63rHYvemNjTK/mua95WxdDB2xq0NuGl/ePIJ54MDHxVUMRPgepX0NPlIlAsZE1rSMC+/eUAkH8+SLxcz6jEYz+XQRDMk5Ra7mRWTpjwWuiAxaa9/CfLNEfeRnETlHMQZrBoePiuMmdsJptX9RoTpyDOH7A6AREMw9GZdtCzgI8UzFQJs2Uv6RJguZIpfmWw0EnaQ279FnWaFU1r+tZGSqJG6lpHvIw28J5X3zeR+Zz2jTUnmaYGKxGolxgBk450PzFCMEDKA7cTP/bzSgRCp4KAp/4+/28dyQ8pzu8Fm2ytk5bcbORgu9Ge2AcsGBZQlJ5jvGrbrAYO/OmxnCYYBtj12UG12KdbHAtzFOnT0aCHla9jp/+YU/7znBBN7ST4hxkXKy68blrCzkyM+Ofipjw==
NSAanlPRC7ufzkcDrrFUMO+9YNVtZDOeFueuzJoSRmYKXBQSfcm0FpFj/7Z+7s2/mlQWo9UukSTXVjfpoRF82veLeu1FEvsC/dPawJwkUOL05LOnfDTLBoDZCqjHE/xvMpWhcXk9Y0TzfVA+Wqsy8nCbdc06Mmym7UslBqEHCd7jB3P+wuc3donbg5EeS9n4vur7oD1M00Hsaus0KlJfZFhFUPDhTSkDmpvrqxm/7Lig+ifD/M3LJRrEVj4F1p15BRxjvFrQPMXu1rKHQ6cGvdCnU02CVPpxJB2ksTYsi6hDCeNAnaIEDSdkSt9ZbHSSNpAbP4WdJgUTWj41UZLoEXqWUW9jDfynVfcNZD5nfSONSSbpwYqE6uXGwOSjnc9MkIxQssDtBE89vJIBUKkgIOn/zz+bx7LDCnP7QSbb6+Slt1u52C405/YBi4bFlOWn2O9aNisBQz96bCeJRgH2vTZQrfbp1oeCnMX69DRoYWUr2Cl/JhS/PKcE0/uJPmFGhcoLL1uW8DNTI/65uKnP
azqcZSC1bv8P6MgEJh7yQ1qx+kifPJNZyHKlMnTwpCs591BZNwyE/dZyuDP8LnagWH4dV44YREo+LgEozvHJxA+DL3OpBg==
Lxo9i077iR2Km/OG7s2wTtwQhTciQTjkAUAZ/O2Hst7fOrsyNVPlZk5PbdvAxQapcQ==
Olt61qMxCx0JP60QLo5LiTT2+FW7pmre2fVRTaACL1wk9Ctky7Qv0xh+da45uqf3TzaEC7/z4tEMqXs=
C4wDDQX5dy1lFu2ndSDCgYYgOMJxdxrhIlhu8h+NTGC6inBoGUWuRpgQ5kiVql6fJY7H9csBqXg=
DEQTW3DzJS9cixGQ18LCknM1mRjFp93noeDaZE02kZyGhEg/f/eJC6qevwaHPwDAybzEWmB9AfUsh/dWcHt+oPQd7CSSlgCcgeluYpBsNtwtZj6bTVJ3QRNtqRw=
rT5p6foL44OCit2GAcOUlQNa5PIeq3ADdE8tZlrmybgZBhoS2M3LiTHhBvgfpOOR6Hq1CjQINKPZv2BBNxS0tTb6KMu8FmaoeLZtzw6AtAIeJhEQDolZTG9LH2upHg==
BWlwXqeKz+akB+HHB2TILyppy9cvmVEZQ08tZlrmybgZBhoS2M3LiTHhBvgfpOOR6Hq1CjQINKPZv2BBNxS0tTb6KMu8FmaoeLZtzw6AtAIeJhEQDolZTG9LH2upHg==
1IBv3HqEXaQyDIV0i8+pSRd+YCxRRiViWuLBrAkSMvb4qeNdYbXOPF9gK8W4rh1ulOycN0kr6MW3kDwhpm6ALxxyznwo4qULTkR8Vk7yOXQubXFYf18Xb6ka
0lCZ9YpI016AXjqGmYe8RPaEJ1eNrSoBhh6IHc/VDwesVF1eWt65kPkuSkoYFZvhkQm2gJ9cU/lIkmVSdNDki7mXkHk3LESdVtL4E/xOtkDY3t03jvgE6r5OQcjO0Qlkj2NvU6km
XlH/Pm/SSgrHGe7tKBJZODfV4vL36NM2V8nVOpp5U2epHx8aHX/Ntemwg0BOVRSlRuRRb28l1JRFTytcOzqu3ahyWBdPYmB6teI6BHXYVcwx70ae6xLnwnlL0cbaN2GLfG1SqSU=
hw3E75OM4WS0NimL4r2EtpAnVndW43+fYmhmUrrMWyCS/R/6k3pFUlrSoZzJwlJmeDlDDaFF7kxfkAu1+H69/hR8fGcJGwj1t6DcEeY+YL+c4m6saJKF+040XKaOopnkrv0RiL9vd1+pKg==
lT3fLCHKLDdggbIBasNuq+3Gqw31jDM+uon+BXMQWs7wtWUvJQdpky/bDlCkP+wtk6yVAxsnDAn68zVKXpu4hRL0S6RrNI+T+H5Vblk6xzdvNmRLX3NCEWypGw==
