Pgu3FSRK2NuayaaF72RzT2LNyvtPWbqywF92CWuKiv1VyjIoMoTxGFyNhJJo/WO99dc4sYqNDuQhgLl8TUeU3r/527JSkIVkLo8NW6AFbKML
NP5mzlMEsuAItYVI00IjGflwwgb8JdZY4irifMFq1PMIPn9Y03kB8ZihUpYeo5RTaaQ7EjFkC0FJCdIpfj4XnI/QUFtu/y4sdWZS3nSMpkWAz3k3oYSSxMIWqv3Oy++U8NXa6Sr0i1cdO1FX2OcYO3mVTPsBcOe/CR0yfj4jZKlpko8Ur7M6R8jyIVGpmyhkZR2sIZxptBi/0oNGTYZObZggPijrsUnw+/vsBNWYNUzRL+Cei1HHQl4IscR690ELHC34o58=
hQbNp9Kor5ck95z6VQ5uI/lwwgb8JdZY4irifMFq1PMIPn9Y03kB8ZihUpYeo5RTaaQ7EjFkC0FJCdIpfj4XnI/QUFtu/y4sdWZS3nSMpkWAz3k3oYSSxMIWqv3Oy++U8NXa6Sr0i1cdO1FX2OcYO3mVTPsBcOe/CR0yfj4jZKlpko8Ur7M6R8jyIVGpmyhkZR2sIZxptBi/0oNGTYZObZggPijrsUnw+/vsBNWYNUzRL+eei1HHQl4IscR690ELHC34o58=
0fS1GFkjcygrVwqsZtIEJd/4242Yog+Y1FQMv6lj2N23iAxpRuYQl1yK3nQIqlWQztwPnm79Kgzs1eHQH5cnfaMY
VAqRmj5/jSGj29zcMVd9h+h+Czw6WN1Ew/SBRsd13/KX5Vxl5yUlzKLT5VEQND3qOMOMoW/kMCYGt77cn5hB1gBzcM9VKbwUxsA7SUEZBHXTrZ+e9pBR+0JCDaOQPpiujGh5qosd3eMQxiAmZLwcY7IXlM8lvm5h0wQhj9cr3rcplhIaqRzbvloIX4Rxzsnsd9dmMGmToiY9nBQ20zOTxT2k6xjkB/6c7Py3TXZgeBYm4jVGzyyPA2+6tgTHhRyNmPTLpOs0D5N7ftVt2TpANO805Evfc8IR5qOB
IUElyPbwZ8m3LtbeWlBltg+ewy7QctQXm2e4PG6j4S089FFSWkiV6tFhsyP8LnagWH4dVI4YR0o+KQIozPHJxA+DL3mjHA==
NSfAjABLMF+iFLzhlbtrcQ6ewy7QctQXm2e4PG6j4S089FFSWkiV6tFhsyP8LnagWH4dVI4YR0o+KQIozPHJxA+DL3mjHA==
jQZAH9Q90cQQrcRBPAVLZw2ewy7QctQXm2e4PG6j4S089FFSWkiV6tFhsyP8LnagWH4dVI4YR0o+KQIozPHJxA+DL3mjHA==
kIucDYUtwojRwRfB8tFVHgyewy7QctQXm2e4PG6j4S089FFSWkiV6tFhsyP8LnagWH4dVI4YR0o+KQIozPHJxA+DL3mjHA==
VwqObGpILlnJ8VqoQwAkJAuewy7QctQXm2e4PG6j4S089FFSWkiV6tFhsyP8LnagWH4dVI4YR0o+KQIozPHJxA+DL3mjHA==
iTXaCN688Z1ETBxBFeaoAgqewy7QctQXm2e4PG6j4S089FFSWkiV6tFhsyP8LnagWH4dVI4YR0o+KQIozPHJxA+DL3mjHA==
nkrOwkq46xvtpFdONgZttgmewy7QctQXm2e4PG6j4S089FFSWkiV6tFhsyP8LnagWH4dVI4YR0o+KQIozPHJxA+DL3mjHA==
EP3yYn6H1mAX3i96pCJaxQiewy7QctQXm2e4PG6j4S089FFSWkiV6tFhsyP8LnagWH4dVI4YR0o+KQIozPHJxA+DL3mjHA==
qljTRUKv6+KMniG4ug3Uxweewy7QctQXm2e4PG6j4S089FFSWkiV6tFhsyP8LnagWH4dVI4YR0o+KQIozPHJxA+DL3mjHA==
99hGFWEpcxK2z5txpHl8QQaewy7QctQXm2e4PG6j4S089FFSWkiV6tFhsyP8LnagWH4dVI4YR0o+KQIozPHJxA+DL3mjHA==
1pU/j3AH1JxNh69DVnMEuRBSS7XdgKOGIK9KZleW2gtyENF3cTqp9w21fJ0Y1Adsz6QLC0e+KXVdKiR8I9Tow/sDhil6ox0=
KxoMzUsktkkS7pjOjYYCCxFSS7XdgKOGIK9KZleW2gtyENF3cTqp9w21fJ0Y1Adsz6QLC0e+KXVdKiR8I9Tow/sDhil6ox0=
biToJo9UilEy2JWP19nDlRJSS7XdgKOGIK9KZleW2gtyENF3cTqp9w21fJ0Y1Adsz6QLC0e+KXVdKiR8I9Tow/sDhil6ox0=
NYT4dsw/K6ofzNp0ZGEkAhNSS7XdgKOGIK9KZleW2gtyENF3cTqp9w21fJ0Y1Adsz6QLC0e+KXVdKiR8I9Tow/sDhil6ox0=
3VJbjKFW3MbMz3ocrp+/gBRSS7XdgKOGIK9KZleW2gtyENF3cTqp9w21fJ0Y1Adsz6QLC0e+KXVdKiR8I9Tow/sDhil6ox0=
b625N+DH8oBZlBGz0u9g5xVSS7XdgKOGIK9KZleW2gtyENF3cTqp9w21fJ0Y1Adsz6QLC0e+KXVdKiR8I9Tow/sDhil6ox0=
VQiRZpxbdISBbkNRgE10ihZSS7XdgKOGIK9KZleW2gtyENF3cTqp9w21fJ0Y1Adsz6QLC0e+KXVdKiR8I9Tow/sDhil6ox0=
MHuZTGp1Ne+J4ks80PuUnhdSS7XdgKOGIK9KZleW2gtyENF3cTqp9w21fJ0Y1Adsz6QLC0e+KXVdKiR8I9Tow/sDhil6ox0=
aFdbGxD4UC5lwGSn69ca7hhSS7XdgKOGIK9KZleW2gtyENF3cTqp9w21fJ0Y1Adsz6QLC0e+KXVdKiR8I9Tow/sDhil6ox0=
Yd0wjrZWmeSsOi8/0OVwExlSS7XdgKOGIK9KZleW2gtyENF3cTqp9w21fJ0Y1Adsz6QLC0e+KXVdKiR8I9Tow/sDhil6ox0=
YEw99i8pTv6R5MMmRAzGyBBRS7XdgKOGIK9KZleW2gtyENF3cTqp9w21fJ0Y1Adsz6QLC0e+KXVdKiR8I9Tow/sDhil6ox0=
4zq0ve3Pak+Jcgeb6McnoxFRS7XdgKOGIK9KZleW2gtyENF3cTqp9w21fJ0Y1Adsz6QLC0e+KXVdKiR8I9Tow/sDhil6ox0=
4p1StnYBCQ2ywb7Y5wdIVxJRS7XdgKOGIK9KZleW2gtyENF3cTqp9w21fJ0Y1Adsz6QLC0e+KXVdKiR8I9Tow/sDhil6ox0=
qibbApYBV0crjiI3NYFdoxNRS7XdgKOGIK9KZleW2gtyENF3cTqp9w21fJ0Y1Adsz6QLC0e+KXVdKiR8I9Tow/sDhil6ox0=
833MGBt4gVdFwkIiLhPB8ykFhbdm5hhiED4MWyvL4NAOT3mBjHjJ3trEDWZhzSvPnMIuDOgyxRhOVJ8GDgVaxKwd0eg/jzd1oxA=
ANwA9SFR1Fbf9W2lS1mM5pwFinpShUtEvq4hDSOE/4nRUkElUpK3nMVBh6C58gJnOILtBiBPQPjTQ6t6c0OPXc7Z4sQ9iL1sqX/dHnOBfyLWGBkEkkdJa0QdYKMH
TlTLOEbAhAOw1tQTHGoIEh4j8dh6Wq7NEcBvPnR/Po4LNmaj5mAl7/26JW95Reg1pHTbBDv037MLfmWNCfoQVP+0FKvvM7IxdqMR
f4mAkqjPnx6jdO/KwkOXeR8j8dh6Wq7NEcBvPnR/Po4LNmaj5mAl7/26JW95Reg1pHTbBDv037MLfmWNCfoQVP+0FKvvM7IxdqMR
IcISFd/8tHwBQJB7wz5g7/aLvQ4NLLndlWI5kNmhzVqpQJeuzN9WXkN2rtPOQD0f5bo9H2FlwMXstBNU01RnI3P+3R3xmriEt3RcmwdTqgFuowk=
gpteBPG39K7665pQY9dCpveLvQ4NLLndlWI5kNmhzVqpQJeuzN9WXkN2rtPOQD0f5bo9H2FlwMXstBNU01RnI3P+3R3xmriEt3RcmwdTqgFuowk=
+4bhRgJS/F4DF36Bx/83eSgFhbdm5hhiED4MWyvL4NAOT3mBjHjJ3trEDWZhzSvPnMIuDOgyxRhOVJ8GDgVaxKwd0eg/jzd1oxA=
Yq7zLQMx5SI/ia5sIkSYKCsFhbdm5hhiED4MWyvL4NAOT3mBjHjJ3trEDWZhzSvPnMIuDOgyxRhOVJ8GDgVaxKwd0eg/jzd1oxA=
RmFmT4s5bIUPTartir2DcCoFhbdm5hhiED4MWyvL4NAOT3mBjHjJ3trEDWZhzSvPnMIuDOgyxRhOVJ8GDgVaxKwd0eg/jzd1oxA=
pyPWECUwp9XAL4PrmyS5IC0Fhbdm5hhiED4MWyvL4NAOT3mBjHjJ3trEDWZhzSvPnMIuDOgyxRhOVJ8GDgVaxKwd0eg/jzd1oxA=
u8/1qyk+Rp0hy/MT0DRCyxRRS7XdgKOGIK9KZleW2gtyENF3cTqp9w21fJ0Y1Adsz6QLC0e+KXVdKiR8I9Tow/sDhil6ox0=
b9ZWhjLr2aY+uhZJQYIYmhVRS7XdgKOGIK9KZleW2gtyENF3cTqp9w21fJ0Y1Adsz6QLC0e+KXVdKiR8I9Tow/sDhil6ox0=
Q+r7jvlzgF7AQ45QRpqj+xZRS7XdgKOGIK9KZleW2gtyENF3cTqp9w21fJ0Y1Adsz6QLC0e+KXVdKiR8I9Tow/sDhil6ox0=
tRP4wGAIM/5WzkRkvpaDuRdRS7XdgKOGIK9KZleW2gtyENF3cTqp9w21fJ0Y1Adsz6QLC0e+KXVdKiR8I9Tow/sDhil6ox0=
x1pSkH6K474ZKt9SHPaEchhRS7XdgKOGIK9KZleW2gtyENF3cTqp9w21fJ0Y1Adsz6QLC0e+KXVdKiR8I9Tow/sDhil6ox0=
ggDwWUaXqKWKuVUDOc03PUUR8Y5UYAfGFXn3oImS0qdIYl2GsO8QOOMju3pjo78dHnlyRI3oTSz5n+0eg6Ev4ma46YQCpxkrtD1woxc=
MAXNtiKkz1cA9vH3NXZoxBlRS7XdgKOGIK9KZleW2gtyENF3cTqp9w21fJ0Y1Adsz6QLC0e+KXVdKiR8I9Tow/sDhil6ox0=
E/mliI1ayOWd7TUaFmz3qhBQS7XdgKOGIK9KZleW2gtyENF3cTqp9w21fJ0Y1Adsz6QLC0e+KXVdKiR8I9Tow/sDhil6ox0=
zXqoR669AD18tocdUHptsxFQS7XdgKOGIK9KZleW2gtyENF3cTqp9w21fJ0Y1Adsz6QLC0e+KXVdKiR8I9Tow/sDhil6ox0=
Uvilh/VY2FL5+B9R5e/7hhJQS7XdgKOGIK9KZleW2gtyENF3cTqp9w21fJ0Y1Adsz6QLC0e+KXVdKiR8I9Tow/sDhil6ox0=
+l90uZB8gtwpRfbhS2akuRNQS7XdgKOGIK9KZleW2gtyENF3cTqp9w21fJ0Y1Adsz6QLC0e+KXVdKiR8I9Tow/sDhil6ox0=
sF7yp/zt3clLhAPdrQ/m7RRQS7XdgKOGIK9KZleW2gtyENF3cTqp9w21fJ0Y1Adsz6QLC0e+KXVdKiR8I9Tow/sDhil6ox0=
8GEadqlZ0KYTScGkAhS3zRwj8dh6Wq7NEcBvPnR/Po4LNmaj5mAl7/26JW95Reg1pHTbBDv037MLfmWNCfoQVP+0FKvvM7IxdqMR
JE2/f7SYlf7JtGaCwy+JafSLvQ4NLLndlWI5kNmhzVqpQJeuzN9WXkN2rtPOQD0f5bo9H2FlwMXstBNU01RnI3P+3R3xmriEt3RcmwdTqgFuowk=
4BYiW0x8DQLohjLHVURA1CwFhbdm5hhiED4MWyvL4NAOT3mBjHjJ3trEDWZhzSvPnMIuDOgyxRhOVJ8GDgVaxKwd0eg/jzd1oxA=
hLA1eNa5DLu5CwoAan4d+C8Fhbdm5hhiED4MWyvL4NAOT3mBjHjJ3trEDWZhzSvPnMIuDOgyxRhOVJ8GDgVaxKwd0eg/jzd1oxA=
Y45mKYm14piZMoOn9Q7sXS4Fhbdm5hhiED4MWyvL4NAOT3mBjHjJ3trEDWZhzSvPnMIuDOgyxRhOVJ8GDgVaxKwd0eg/jzd1oxA=
DgIr66DNgVs8EtpoeAQ1pCEFhbdm5hhiED4MWyvL4NAOT3mBjHjJ3trEDWZhzSvPnMIuDOgyxRhOVJ8GDgVaxKwd0eg/jzd1oxA=
EZB8NT8KHSO5VPCZlJXZyCAFhbdm5hhiED4MWyvL4NAOT3mBjHjJ3trEDWZhzSvPnMIuDOgyxRhOVJ8GDgVaxKwd0eg/jzd1oxA=
wk7tcpAojsvXKfJO7hkRTB5g/M9gWqvOEcBvPnR/Po4LNmaj5mAl7/26JW95Reg1pHTbBDv037MLfmWNCfoQVP+0FKvvM7IxdqMR
F68uQlpn+jKlbn5wTJ+usYi5Iw03ga37LxQJwKb5fie37A8gMQKqB+Aylcb4H3gY+1OjentTpz32CbqExTjljAEPVZ77MZeCjuihREqXMUusDWijDw==
DTyRp3mXvveg32XzvUKANIm5Iw03ga37LxQJwKb5fie37A8gMQKqB+Aylcb4H3gY+1OjentTpz32CbqExTjljAEPVZ77MZeCjuihREqXMUusDWijDw==
6qzS1MbabRHbRvIoPStN3ikfg7V99BhiED4MWyvL4NAOT3mBjHjJ3trEDWZhzSvPnMIuDOgyxRhOVJ8GDgVaxKwd0eg/jzd1oxA=
wr9jBYWCNz4D+upScMZZCikfg7d6/hliED4MWyvL4NAOT3mBjHjJ3trEDWZhzSvPnMIuDOgyxRhOVJ8GDgVaxKwd0eg/jzd1oxA=
FdYyup5PgQTuOO9arjGg0Z0FinpShUtEvq4hDSOE/4nRUkElUpK3nMVBh6C58gJnOILtBiBPQPjTQ6t6c0OPXc7Z4sQ9iL1sqX/dHnOBfyLWGBkEkkdJa0QdYKMH
RDctjMWGZLast1/3/KARblqx+kifPJNZyHKlMnTwpCs591BZNwyE/dZyuDP8LnagWH4dVI4YR0o+KQIozPHJxA+DL3mjHA==
5JxNpU2OOprZhQhSVEG1Q1qx+kifPJNZyHanPHTwpCs591BZNwyE/dZyuDP8LnagWH4dVI4YR0o+KQIozPHJxA+DL3mjHA==
r9fZOZB3Q5B/QqH3x2W3wJdW/wLJQ/Agt/t9Y47JX////zl11i4dZHk0Y7RjFLdDg/7tPaFayCQH9Mz71xOaIX6jGQ==
1ZTwwHdWwY/9pJviuSkkWJAnVndW43+fYmhmUrrMWyCS/R/6k3pFUlrSoZzJwlJmeDlDDaFF7kxfkAu1+Hq/8BR8fGcJGwj1t6DcEeY+YL+c4m6saJKF+U40X6aOpZrkrP0RiL9vd1WjMA==
DzJxBRjNU6aTpbKEUMtqKjfV4vL36NM2V8nVOpp5U2epHx8aHX/Ntemwg0BOVRSlRuRRb28l1JRBTSVcOzqu3ahyWBdPYmB6teI6BHXYVcwx70Se6xHnwn5I0cTaN2GLfG1Yoz8=
DH+U0bPyPzL0k0XgyDZ/ivaEJ1eNrSoBhh6IHc/VDwesVF1eWt65kPkuSkoYFZvhkQm2gJ9cU/lIlmdcdNDki7mXkHk3LESdVtL4E/xOtkDY3t01jvgH6r5JQsjM0Qlkj2NvWaM8
E9eamwFcHznPhfHm6jPbbRd+YCxRRiViWuLBrAkSMvb4qeNdYbXOPF9gK8W4qh9glOycN0kr6MW3kDwhpm6ALxxyznwo4qUJTkR/Vk71OnQsbXFYf18XZaMA
Qd5VdmN2QqAGagd4mm0l8Sppy9cvmVEZQ08tZlrmybgZBhoS2M3LiTHhBvgfpOOR6H63BDQINKPZv2BBNxS0tTb6KMu8FmaoeLZtzQ6AtwIeIRIQDIlZTG9LH2GjBA==
5jizc2BC6of3MqpFPMfV9ANa5PIeq3ADdE8tZlrmybgZBhoS2M3LiTHhBvgfpOOR6H63BDQINKPZv2BBNxS0tTb6KMu8FmaoeLZtzQ6AtwIeIRIQDIlZTG9LH2GjBA==
vuoqcyIB3rHyGl6BiqcQhnM1mRjFp93noeDaZE02kZyGhEg/f/eJC6qevwaHPwDEy7LEWmB9AfUsh/dWcHt+oPQd7CSSlgCcgetuYpNsNtsuZjybTVJ3QRNnowY=
2cLGfdMgpLcRSSVn6BXfOflwwgb8JdZY4irifMFq1PMIPn9Y03kB8ZihUpYeo5RTaaQ7EjFkC0FJCdIpfj4XnI/QUFtu/y4sdWZS3nSMpkWAz3k3oYSSxMIWqv3Oy++U8NXa6Sr0i1cdO1FX2OcYO3mVTPsBcOe/CR0yfj4jZKlpko8Ur7M6R8jyIVGpmyhkZR2sIZxptBi/0oNGTYZObZggPijrsUnw+/vsBNWYNUzRL+Sei1HHQl4IscR690ELHC34o58=
V4engfx62AmdWdSWbMVsxSQVmou4r6m0W79FdGifcONJZW5CJ8pxvrxqJIpGubMiqDRNc37jfHnnblFCqrAcXxGQxQI5oJ97qr6WzRjRZ3YSWcqeaffxmVT8TkUftYRa/8h6Wnz3/jOwDjKjHdhYocUbxDcjgz1j5j7QwnfHCeymu69IZ7ZvBDhU6nnnaMkTRBRdPNSP+w8jpIxWlbY2k0ZUxzXSlCCKR0IIvD+30Qjy1U9Iuk/P+EMGIC63QQZaWdByxL2IPWwpf1sa84D/IlYYmQQSR8lrxB3go4c=
C5Uvjq0xn+YiGUJgFDs6VzT2+FW7pmre2fVRTaACL1wk9Ctky7Qv0x16daw5uqD0TzSEC7/z4tEGo2E=
hJlONszadk8nNOpezBAlVoYgOMJxdxrhIlhu8h+NTGC6inBoGUCqRpoQ5k+WqlyfJY7H9csLo2I=
XKP4iCN6TsyQ0iRpmPyo+NG70I+EsA6KxURPr7Y22NeMyQs5SvgaglyK3nQIqlWWytwOnm79Kgzs1eHQH5cnfaMY
S4bOcjDlmk4M2Iyaicc+lVqx+kifPJNZyHKlMnTwpCs591BZNwyE/dZyuDP8LnagWH4dV4oYRko+KQIozPHJxA+DL3mjHA==
PUes/S9ODnDek2/v3JACc9wQhTciQTjkAUAZ/O2HstrfOLsyMlDlZE5PbdvAxQyjaw==
mCFoOqGTl11U015+MLubPDT2+FW7pmre2fVRTaACL1wk9Ctky7Qv0xh6daw5uqD0TzSEC7/z4tEGo2E=
grBApOmEz1gHd81APZmpHIYgOMJxdxrhIlhu8h+NTGC6inBoGUWqRpoQ5k+WqlyfJY7H9csLo2I=
VOaOTSeV/lUP6cK6QS+8OXM1mRjFp93noeDaZE02kZyGhEg/f/eJC6qevwaHPwDAybzEWmB9AfUsh/dWcHt+oPQd7CSSlgCcgelqYpJsNtsuZjybTVJ3QRNnowY=
tpxr5ceeKor0RIayWQ8wTwNa5PIeq3ADdE8tZlrmybgZBhoS2M3LiTHhBvgfpOOR6Hq1CjQINKPZv2BBNxS0tTb6KMu8FmaoeLZtzwqAtgIeIRIQDIlZTG9LH2GjBA==
8kbaOdGt21iBlJtymIHWyCppy9cvmVEZQ08tZlrmybgZBhoS2M3LiTHhBvgfpOOR6Hq1CjQINKPZv2BBNxS0tTb6KMu8FmaoeLZtzwqAtgIeIRIQDIlZTG9LH2GjBA==
6112brIe078h6DyXXgjp5Bd+YCxRRiViWuLBrAkSMvb4qeNdYbXOPF9gK8W4rh1ulOycN0kr6MW3kDwhpm6ALxxyznwo4qULSkR+Vk71OnQsbXFYf18XZaMA
Zzv+ZrULSprQqAJIV9v0YfaEJ1eNrSoBhh6IHc/VDwesVF1eWt65kPkuSkoYFZvhkQm2gJ9cU/lIkmVSdNDki7mXkHk3LESdVtL4E/xOtkDY3t03ivgG6r5JQsjM0Qlkj2NvWaM8
WK8fvOHORvsKYYe2Zg+6ezfV4vL36NM2V8nVOpp5U2epHx8aHX/Ntemwg0BOVRSlRuRRb28l1JRFTytcOzqu3ahyWBdPYmB6teI6BHXYVcwx70aa6xDnwn5I0cTaN2GLfG1Yoz8=
XWpIeaYr0t3zgnNs7uoZ4JAnVndW43+fYmhmUrrMWyCS/R/6k3pFUlrSoZzJwlJmeDlDDaFF7kxfkAu1+H69/hR8fGcJGwj1t6DcEeY+YL+c4m6saJKF+0o0XqaOpZrkrP0RiL9vd1WjMA==
7qBVBCHdHYHK49hCtU8h6O3Gqw31jDM+uon+BXMQWs7wtWUvJQdpky/bDlCkP+wtk6yVAxsnDAn68zVKXpu4hRL0S6RrNI+T+HpVbFk6wDRvNGRLX3NCEWajAQ==
