lYXq7ihqoE1XFXUx/gw7jmLNyvtPWbqywF92CWuKiv1VyjIoMoTxGFyNhJJo/WO99dc4sYqNDuQhgLl8TUeW2b/437JVkIVgLo8NW6AFfKcP
e/LMlzy70+z9kHU2gDnVRflwwgb8JdZY4irifMFq1PMIPn9Y03kB8ZihUpYeo5RTaaQ7EjFkC0FJCdIpfj4XnI/QUFtu/y4sdWZS3nSMpkWAz3k3oYSSxMIWqv3Oy++U8NXa6Sr0i1cdO1FX2OcYO3mVTPsBcOe/CR0yfj4jZKlpko8Ur7M6R8jyIVGpmyhkZR2sIZxptBi/0oNGTYZObZggPijrsUnw+/vsBNWYNUzRL+KZi1DDQlkIscB690ELHC3op5s=
w6PTD9BVxz215dUg5HLUJ/lwwgb8JdZY4irifMFq1PMIPn9Y03kB8ZihUpYeo5RTaaQ7EjFkC0FJCdIpfj4XnI/QUFtu/y4sdWZS3nSMpkWAz3k3oYSSxMIWqv3Oy++U8NXa6Sr0i1cdO1FX2OcYO3mVTPsBcOe/CR0yfj4jZKlpko8Ur7M6R8jyIVGpmyhkZR2sIZxptBi/0oNGTYZObZggPijrsUnw+/vsBNWYNUzRL+GZi1DDQlkIscB690ELHC3op5s=
kIZ8rEp1GLVjWwu9EGMeAd/4242Yog+Y1FQMv6lj2N23iAxpRuYQl1yK3nQIqlWVydwOmm76Kgzo1eHQH5cnbacc
3Z4dgNsdooMAh6WvQc7uIZAnVndW43+fYmhmUrrMWyCS/R/6k3pFUlrSoZzJwlJmeDlDDaFF7kxfkAu1+Hq/8BR8fGcJGwj1t6DcEeY+YL+c4m6saJKF/Uk0XqKOoprkqP0RiL9vd0WnNA==
nRtZYPZoq4CA+ZwFaIGx5TfV4vL36NM2V8nVOpp5U2epHx8aHX/Ntemwg0BOVRSlRuRRb28l1JRBTSVcOzqu3ahyWBdPYmB6teI6BHXYVcwx70CZ6xDjwnlI0cDaN2GLfG1Ipzs=
MNYvqN0UQ/waRculKOK/C/aEJ1eNrSoBhh6IHc/VDwesVF1eWt65kPkuSkoYFZvhkQm2gJ9cU/lIlmdcdNDki7mXkHk3LESdVtL4E/xOtkDY3t0xifgG7r5OQsjI0Qlkj2NvSac4
eDgXgceX9PtHTXtNPHUh9xd+YCxRRiViWuLBrAkSMvb4qeNdYbXOPF9gK8W4qh9glOycN0kr6MW3kDwhpm6ALxxyznwo4qUNSUR+Uk7yOnQobXFYf18XdacE
YypO2HC0aXT7xJrmLzPtnSppy9cvmVEZQ08tZlrmybgZBhoS2M3LiTHhBvgfpOOR6H63BDQINKPZv2BBNxS0tTb6KMu8FmaoeLZtyQmAtgYeJhIQCIlZTG9LH3GnAA==
gtNtc3+aKuCH+/xw0lEY4ANa5PIeq3ADdE8tZlrmybgZBhoS2M3LiTHhBvgfpOOR6H63BDQINKPZv2BBNxS0tTb6KMu8FmaoeLZtyQmAtgYeJhIQCIlZTG9LH3GnAA==
+M9uMlt/r+6dmfiBBbUfAnM1mRjFp93noeDaZE02kZyGhEg/f/eJC6qevwaHPwDEy7LEWmB9AfUsh/dWcHt+oPQd7CSSlgCcge9pYpJoNtwuZjibTVJ3QRN3pwI=
15d2I9YGET1l4xfOIye7tflwwgb8JdZY4irifMFq1PMIPn9Y03kB8ZihUpYeo5RTaaQ7EjFkC0FJCdIpfj4XnI/QUFtu/y4sdWZS3nSMpkWAz3k3oYSSxMIWqv3Oy++U8NXa6Sr0i1cdO1FX2OcYO3mVTPsBcOe/CR0yfj4jZKlpko8Ur7M6R8jyIVGpmyhkZR2sIZxptBi/0oNGTYZObZggPijrsUnw+/vsBNWYNUzRL+CZi1DDQlkIscB690ELHC3op5s=
wM6No2B9exZUL35VEPw0lr2f6Ge1+Gk7hIYY8NQBaIT4XqSaFyonc+Q6SzQ161DvcrAKre/uF0lsXx3BmiW6fM165aADjadDD6PlwJO7oKGZE0k0fq76wyoy7m8ZT/BRPD0yUsi+aTroALZOS6Dl6Q6/0q959J1m8U63sjUi4HZI/TdcjNPoqrWhTP54o9gpBDYnsfbzFepMGU6vuxSqJ/9lxNT8nNAuhGr4u8j+4tsVbHUzrZ29x1YbjtiYjbPkg1C+tDRjC+1IGV3ikOlfciaN1K5fMw19srt7T4O40GeT/wPxCPWP+uq26/5ueG19wZA+NB6urp2KExOEXJ2+ac48J0dhY5W33F9ES9WdqDsl+IsP1eW2Xnp7WDmFWisUC3vW1/SqZXEtY/TUCZWI4XhhGGjjaoemid4yfTTo2qiP+eXgByOoZNEg6bx9J4PZr9gv8gVwNeC+L32bcGVMpz8=
WyG4na/PYOmW0tiasQ6sUStpxtNgj03Bf1h28g6Du4fMsUS9FGtORnT8m0lY7MiMneN/5yqVKW5gnPGR7Wptc4PZHGiQStSycxwLQmEinMptc5HsKbYQH4AR2zcg+WMQSfNROTc9RtmgchIFItFyspaWudtljeu4OtYeTLwA3pzEQ9YtV9jo/W0TIjgjy2LhNUvZsUyYVVedvjKRSxljclLpZzqvi4AtQotGqYjfx/EI0csAdmo3rJO2/yspefTxq1AEpjqRQAUdMCWFWxo+Sb8MwtM3qwq+nWblLynswwo+U+cWdYxlmWsUUocUDEIXzp6tlMrh8F/gZWW3YSRodfudSSsWSHOQXe6/0V1DV8yLu0sQArRr9AudBiepj3XMnOjUTjEZA6X0vpmAAVMosOM7ce37h+xi5AwedGxF0d1OucgqE0qUtt0TLJziLuAk8VDp2uLQ1mRe3vijPWqXeWNPpzo=
ibURPqZDH5PVDK3gs6gDAdGXXavjg/YhKJHSbco4MZnBHcB1XrrhFZRr3ccQ/rQ6JCJnoqp+WEq7UrPTEOJnRCnDpC/G2JYdAzYjKXhn8REmTS78WZJZ8G+1s6M7+4lwD1MU4e07VcRS9o5jvspCP2Vn5FEoFU4CZEb9mpxYmr5XiJGpuldOHxWsqYbldtviicp09tyVi4xg6/zKgXmgTuTLbOnwHjvB2ivhSthh4n9HPL4n6004BFDkRI5wstTL1NYWG6EE6YNBRYmnQiNiCCTlJ2QXuALkWFsfDXxBMVIMAesyUqXIXnNred0mQ9cf/5DEZ4fXf6GkDRtanu7HDnJQGT11eKKEcvaafZ4rf9TgdSrpWlSbl41bgdfoh6j7SfUc+9HQl3/5PUL+7gP06XlyPxQfUyoHWNLx0dm72KQVvXwhzAmE2A+ys8ad5t6tiIBOKBsRWbBrG7yE5XiFDOHPN5nb8DMCKShBQCrX0csMTVinKw==
UEjLI981zDTq5G2hp5uMADlGIeC1EDzYSNQ4/4JIBu/ScyUyzRWz+TTmSCooKmOirnZUWkdKl/N0mjt05Qtg7wKQ2m1fjofJnP9NgarFqnzdGtVg0y3Xw59DVYDDm1ChqXMZ9I4OakOa0j4vaW/gUSwdQhIYXtm6eKBGjhvA1en+n4LvyRQN5oHuZ3IFQvB2WB0HHNxzGColwfw+qIOoKTTW9/GGU4Vq/Hkeb0s0uifvRTQUrPxgrhTKiPsYHtLbZUyl8x39LUemu96YqG2j5JMwjnTkw3tt2PntosDJr3IW7YRur5Od/QJbqw/zmMBng99zsdgVP3p6Fhs+PhhdfTGwbnSuTj4d+rPDRGz9rmne3BcHMcNlN0w/9IsFvdg7FRhbT6VFJt7KGwj5dXo7FBtbJhekytXxvcOElNl1uOEIQcioUwoXJnl+Yj0ECMqon5nVINeD2ORBwFn8LQdz2Z+4fzL10KVgDs+t2wBFXKcv
uBAafmI+fGRpb/zgVvReLStpxtNgj03Af1h28giNp5jGrES9FG5EQGnkm0lY7MiMneN/5yqVKW5gnPGR7Wptc4PZHGiQStSycxwLQmEinMptc5HsKbYQH4AR2zcg+WMQSfNROTc9RtmgchIFItFyspaWudtljeu4OtYeTLwA3pzEQ9YtV9jo/W0TIjgjy2LhNUvZsUyYVVedvjKRSxljclLpZzqvi4AtQotGqYjfx/EI0csAdmo3rJO2/yspefTxq1AEpjqRQAUdMCWFWxo+Sb8MwtM3qwq+nWblLynswwo+U+cWdYxlmWsUUocUDEIXzp6tlMrh8F/gZWW3YSRodfudSSsWSHOQXe6/0V1DV8yLu0sQArRr9AudBiepj3XMnOjUTjEZA6X0vpmAAVMosOM7ce37h+xi5AwedGxF0d1OucgqE0qUtt0TLJziLuAk8Vbp2uDU1mde3vijPWqXeWNPpzo=
jHwAtws9CFabJgwqDepebCtpxtNgj03Af1h28g6Du4fMsUS9FGtORnT8m0lY7MiMneN/5yqVKW5gnPGR7Wptc4PZHGiQStSycxwLQmEinMptc5HsKbYQH4AR2zcg+WMQSfNROTc9RtmgchIFItFyspaWudtljeu4OtYeTLwA3pzEQ9YtV9jo/W0TIjgjy2LhNUvZsUyYVVedvjKRSxljclLpZzqvi4AtQotGqYjfx/EI0csAdmo3rJO2/yspefTxq1AEpjqRQAUdMCWFWxo+Sb8MwtM3qwq+nWblLynswwo+U+cWdYxlmWsUUocUDEIXzp6tlMrh8F/gZWW3YSRodfudSSsWSHOQXe6/0V1DV8yLu0sQArRr9AudBiepj3XMnOjUTjEZA6X0vpmAAVMosOM7ce37h+xi5AwedGxF0d1OucgqE0qUtt0TLJziLuAk8Vbp2uDU1mde3vijPWqXeWNPpzo=
JgbK7JN1yc2KC7PwN1VxWEixVLk3bsl/trADf6Hup3WDUT663mub79y5RLUEA26upLTbAYgEaOQNa/9vuv2JhrDUsdk9gk0bk9EcYIAi9FqjVEsKsco8ov37EWS53rD3UFmbf/ARQ3hZ+1ExJ1VmMXA6Uk3yOdLaBh45U/XlS1Dqnl4EbOj+9NRL1iVHsMgVvVticPMjwomlw1k53PD1v032ctmb8UMaQuFnMr/joMWSwwbhWDdnmZhZS4jmApdEQ/6/Y/mR1Jm7WASuKvlg7c14Zc2L8p4hL4RCW6fDqlZNLqVn+QTjYi5b5x5l5EVxu1wSz8Tk4n9eFi0cWolQtzAtJf+xzEgd65VJIwYgU3iNpv+Zjav3pBszy5iS3Msc29VGb3lnVaSM4NRGIXEjTST22cjRu4jYc7PxZWvvTIo0RF48vK3xtV6xyCIDIrReDVts1DLGQExh3mlScLx2j46WuOvtgrcRc0enMg==
Z5eYnOGGh444PoCYovCzJVqx+kifPJNZyHKlMnTwpCs591BZNwyE/dZyuDP8LnagWH4dVIkYREo+LQIoyPHJxA+DL2mnGA==
MbVZGIBovka1ikDSaBQOY+3Gqw31jDM+uon+BXMQWs7wtWUvJQdpky/bDlCkP+wtk6yVAxsnDAn68zVKXpu4hRL0S6RrNI+T+3lVblk6xDRvMGRLX3NCEXanBQ==
