M8ILl1aSwK0STUiKWg+FW2LNyvtPWbqywF92CWuKiv1VyjIoMoTxGFyNhJJo/WO99dc4sYqNDuQhgLl8TUeV2L/727JSkIVkLo8NW6AFbKML
TqUbX3ljTedV2PH7uCz4I/lwwgb8JdZY4irifMFq1PMIPn9Y03kB8ZihUpYeo5RTaaQ7EjFkC0FJCdIpfj4XnI/QUFtu/y4sdWZS3nSMpkWAz3k3oYSSxMIWqv3Oy++U8NXa6Sr0i1cdO1FX2OcYO3mVTPsBcOe/CR0yfj4jZKlpko8Ur7M6R8jyIVGpmyhkZR2sIZxptBi/0oNGTYZObZggPijrsUnw+/vsBNWYNUzRL+GYi1PHQl4IscR690ELHC34o58=
31qR/FXNcfJwPPNXLGUVSvlwwgb8JdZY4irifMFq1PMIPn9Y03kB8ZihUpYeo5RTaaQ7EjFkC0FJCdIpfj4XnI/QUFtu/y4sdWZS3nSMpkWAz3k3oYSSxMIWqv3Oy++U8NXa6Sr0i1cdO1FX2OcYO3mVTPsBcOe/CR0yfj4jZKlpko8Ur7M6R8jyIVGpmyhkZR2sIZxptBi/0oNGTYZObZggPijrsUnw+/vsBNWYNUzRL+CYi1PHQl4IscR690ELHC34o58=
FT8nKs0oQFRt54PBhtP/9N/4242Yog+Y1FQMv6lj2N23iAxpRuYQl1yK3nQIqlWTyNwNnm79Kgzs1eHQH5cnfaMY
/psLi1TBN1blu5y0Lnmu118hMl4iJZnR7adKQ+cwX1qZDQ63JsKNU4WDm7avbZvG85JgKKYoX7mdhIRXkGwY2HOZo5QzCm8QQRJZe3lRf7SJzO6vFJg+XKWJHEiygsSyt5KlpMUn/fqkoI2NdlmapCmwIZxlV+pYB+szEsrgjaSmXzU7yLW0o9M=
PhWfaebcUPv2MGmqx4M7Pw+ewy7QctQXm2e4PG6j4S089FFSWkiV6tFhsyP8LnagWH4dV4gYRUo+KQIozPHJxA+DL3mjHA==
GE/x9U9Ky2KnOVTiT3FzCAyewy7QctQXm2e4PG6j4S089FFSWkiV6tFhsyP8LnagWH4dV4gYRUo+KQIozPHJxA+DL3mjHA==
/ZsgFW6MwgpkbfW7y7Z5Twuewy7QctQXm2e4PG6j4S089FFSWkiV6tFhsyP8LnagWH4dV4gYRUo+KQIozPHJxA+DL3mjHA==
4NKE5DLAuZskBjWNtuJcLgqewy7QctQXm2e4PG6j4S089FFSWkiV6tFhsyP8LnagWH4dV4gYRUo+KQIozPHJxA+DL3mjHA==
/9UCEewu8j3QcnVIbyhDggmewy7QctQXm2e4PG6j4S089FFSWkiV6tFhsyP8LnagWH4dV4gYRUo+KQIozPHJxA+DL3mjHA==
lXmzJhBJYAbfytHDRPVJYwiewy7QctQXm2e4PG6j4S089FFSWkiV6tFhsyP8LnagWH4dV4gYRUo+KQIozPHJxA+DL3mjHA==
jvbCnRXHdGAmWp76aUsU8geewy7QctQXm2e4PG6j4S089FFSWkiV6tFhsyP8LnagWH4dV4gYRUo+KQIozPHJxA+DL3mjHA==
dIkgWAvCGcs1lBm4CD2/kQaewy7QctQXm2e4PG6j4S089FFSWkiV6tFhsyP8LnagWH4dV4gYRUo+KQIozPHJxA+DL3mjHA==
OshnOiQfsbWJE/fyTwSyThBSS7XdgKOGIK9KZleW2gtyENF3cTqp9w21fJ0Y1Adsz6QLC0S4KXddKiR8I9Tow/sDhil6ox0=
fWbnOIhmVh2r7HuMXazAXhFSS7XdgKOGIK9KZleW2gtyENF3cTqp9w21fJ0Y1Adsz6QLC0S4KXddKiR8I9Tow/sDhil6ox0=
iAd0QkX5eK4f1sj0AiWE8xJSS7XdgKOGIK9KZleW2gtyENF3cTqp9w21fJ0Y1Adsz6QLC0S4KXddKiR8I9Tow/sDhil6ox0=
0Rds+Um8OMFaxydgyri0RBNSS7XdgKOGIK9KZleW2gtyENF3cTqp9w21fJ0Y1Adsz6QLC0S4KXddKiR8I9Tow/sDhil6ox0=
8EMcVE+1xrUnuFRmmwHXRhRSS7XdgKOGIK9KZleW2gtyENF3cTqp9w21fJ0Y1Adsz6QLC0S4KXddKiR8I9Tow/sDhil6ox0=
QJ17JJ5MtlNugbiJlxdf0BVSS7XdgKOGIK9KZleW2gtyENF3cTqp9w21fJ0Y1Adsz6QLC0S4KXddKiR8I9Tow/sDhil6ox0=
hY1Cc6BPQ66+oBepq0pN0xZSS7XdgKOGIK9KZleW2gtyENF3cTqp9w21fJ0Y1Adsz6QLC0S4KXddKiR8I9Tow/sDhil6ox0=
anmCDHhSoAh0lIu3Hfw4ORdSS7XdgKOGIK9KZleW2gtyENF3cTqp9w21fJ0Y1Adsz6QLC0S4KXddKiR8I9Tow/sDhil6ox0=
Fzg/L/V9IdMrff24wEP6axhSS7XdgKOGIK9KZleW2gtyENF3cTqp9w21fJ0Y1Adsz6QLC0S4KXddKiR8I9Tow/sDhil6ox0=
l4Q1pJTiTR2JIr2KpjfxfhlSS7XdgKOGIK9KZleW2gtyENF3cTqp9w21fJ0Y1Adsz6QLC0S4KXddKiR8I9Tow/sDhil6ox0=
XHieWEatnXXVzym1+HTNshBRS7XdgKOGIK9KZleW2gtyENF3cTqp9w21fJ0Y1Adsz6QLC0S4KXddKiR8I9Tow/sDhil6ox0=
JvHuyNmuL4UpfKhtWBXhuhFRS7XdgKOGIK9KZleW2gtyENF3cTqp9w21fJ0Y1Adsz6QLC0S4KXddKiR8I9Tow/sDhil6ox0=
ktUIa4/lK1lD+FxC+yjkMhJRS7XdgKOGIK9KZleW2gtyENF3cTqp9w21fJ0Y1Adsz6QLC0S4KXddKiR8I9Tow/sDhil6ox0=
zIEcWcu/3vJ2yZ6zVQUesRNRS7XdgKOGIK9KZleW2gtyENF3cTqp9w21fJ0Y1Adsz6QLC0S4KXddKiR8I9Tow/sDhil6ox0=
ONeDgZVel5JjX3UDBswDJCkFhbdm5hhiED4MWyvL4NAOT3mBjHjJ3trEDWZhzSvPnMIuDOgyxRtIVJ0GDgVaxKwd0eg/jzd1oxA=
q5+0pD56L/Ptw5geFyeMYJwFinpShUtEvq4hDSOE/4nRUkElUpK3nMVBh6C58gJnOILtBiBPQPjTQ6t6c0OPXc7Z4sQ9iL1sqX/eGHODfyLWGBkEkkdJa0QdYKMH
K0AGXS2MhjOZmwWFoV3grx4j8dh6Wq7NEcBvPnR/Po4LNmaj5mAl7/26JW95Reg1pHTbBDv037MIeGWPCfoQVP+0FKvvM7IxdqMR
XKBNOsxnc7mWT+eI7gXGRB8j8dh6Wq7NEcBvPnR/Po4LNmaj5mAl7/26JW95Reg1pHTbBDv037MIeGWPCfoQVP+0FKvvM7IxdqMR
ZEchP/9JX6UM7aFhIw/bz/aLvQ4NLLndlWI5kNmhzVqpQJeuzN9WXkN2rtPOQD0f5bo9H2FlwMXstBNU01RnI3D43R/xmriEt3RcmwdTqgFuowk=
VNjRNUWFsMTHsztiHXq8IveLvQ4NLLndlWI5kNmhzVqpQJeuzN9WXkN2rtPOQD0f5bo9H2FlwMXstBNU01RnI3D43R/xmriEt3RcmwdTqgFuowk=
fRa194QCwJGImrF0Xk6ALigFhbdm5hhiED4MWyvL4NAOT3mBjHjJ3trEDWZhzSvPnMIuDOgyxRtIVJ0GDgVaxKwd0eg/jzd1oxA=
KyUYl9LqudQ678ruln50hysFhbdm5hhiED4MWyvL4NAOT3mBjHjJ3trEDWZhzSvPnMIuDOgyxRtIVJ0GDgVaxKwd0eg/jzd1oxA=
hMwlhlE/kNj5NdQMkqpiYioFhbdm5hhiED4MWyvL4NAOT3mBjHjJ3trEDWZhzSvPnMIuDOgyxRtIVJ0GDgVaxKwd0eg/jzd1oxA=
K3s2D4jqQ9OnwyeXbqxreS0Fhbdm5hhiED4MWyvL4NAOT3mBjHjJ3trEDWZhzSvPnMIuDOgyxRtIVJ0GDgVaxKwd0eg/jzd1oxA=
HZ2VTNiwadpjFk7OqgnYVhRRS7XdgKOGIK9KZleW2gtyENF3cTqp9w21fJ0Y1Adsz6QLC0S4KXddKiR8I9Tow/sDhil6ox0=
STPkNnqOlPk4XoYYxSZw0BVRS7XdgKOGIK9KZleW2gtyENF3cTqp9w21fJ0Y1Adsz6QLC0S4KXddKiR8I9Tow/sDhil6ox0=
FgLe2MHCgjWmukz3VDFhjxZRS7XdgKOGIK9KZleW2gtyENF3cTqp9w21fJ0Y1Adsz6QLC0S4KXddKiR8I9Tow/sDhil6ox0=
PyhWolIJH4/u4G2+OEiroxdRS7XdgKOGIK9KZleW2gtyENF3cTqp9w21fJ0Y1Adsz6QLC0S4KXddKiR8I9Tow/sDhil6ox0=
eVuIBH6RGNmgyS+RrOIhxRhRS7XdgKOGIK9KZleW2gtyENF3cTqp9w21fJ0Y1Adsz6QLC0S4KXddKiR8I9Tow/sDhil6ox0=
BQoyMMp8to5AoD0zVqV4vUUR8Y5UYAfGFXn3oImS0qdIYl2GsO8QOOMju3pjo78dHnlyRI3oTSz5n+4Yg6Mv4ma46YQCpxkrtD1woxc=
UhiPhTK/NinnBs7rnAoJMhlRS7XdgKOGIK9KZleW2gtyENF3cTqp9w21fJ0Y1Adsz6QLC0S4KXddKiR8I9Tow/sDhil6ox0=
Z+w1vLAo4r38wIjh8/cBihBQS7XdgKOGIK9KZleW2gtyENF3cTqp9w21fJ0Y1Adsz6QLC0S4KXddKiR8I9Tow/sDhil6ox0=
0VL1SXw0j5nKvnOcuw+N8xFQS7XdgKOGIK9KZleW2gtyENF3cTqp9w21fJ0Y1Adsz6QLC0S4KXddKiR8I9Tow/sDhil6ox0=
Rn8kqjDJxZpUpUioY1YSVRJQS7XdgKOGIK9KZleW2gtyENF3cTqp9w21fJ0Y1Adsz6QLC0S4KXddKiR8I9Tow/sDhil6ox0=
nmBFEKLSALSTrrx3NxfabBNQS7XdgKOGIK9KZleW2gtyENF3cTqp9w21fJ0Y1Adsz6QLC0S4KXddKiR8I9Tow/sDhil6ox0=
Lpg4KJv2P66LfPRWjNTskhRQS7XdgKOGIK9KZleW2gtyENF3cTqp9w21fJ0Y1Adsz6QLC0S4KXddKiR8I9Tow/sDhil6ox0=
VGbcIsA7pFqYPikSeMLfIxwj8dh6Wq7NEcBvPnR/Po4LNmaj5mAl7/26JW95Reg1pHTbBDv037MIeGWPCfoQVP+0FKvvM7IxdqMR
TcN6R7/JbmWxbrjHltZXw/SLvQ4NLLndlWI5kNmhzVqpQJeuzN9WXkN2rtPOQD0f5bo9H2FlwMXstBNU01RnI3D43R/xmriEt3RcmwdTqgFuowk=
vz5i+jJjMnNZ/lV5hbhliCwFhbdm5hhiED4MWyvL4NAOT3mBjHjJ3trEDWZhzSvPnMIuDOgyxRtIVJ0GDgVaxKwd0eg/jzd1oxA=
8DbG7o2c0UQiW7wFvN1kaS8Fhbdm5hhiED4MWyvL4NAOT3mBjHjJ3trEDWZhzSvPnMIuDOgyxRtIVJ0GDgVaxKwd0eg/jzd1oxA=
8d3OZG9DkhbXW+SMmWk6Fy4Fhbdm5hhiED4MWyvL4NAOT3mBjHjJ3trEDWZhzSvPnMIuDOgyxRtIVJ0GDgVaxKwd0eg/jzd1oxA=
BQRwhyfgJjgv9wRqgQYayyEFhbdm5hhiED4MWyvL4NAOT3mBjHjJ3trEDWZhzSvPnMIuDOgyxRtIVJ0GDgVaxKwd0eg/jzd1oxA=
8Pht6UOV5TG7JQ+6wpJiRCAFhbdm5hhiED4MWyvL4NAOT3mBjHjJ3trEDWZhzSvPnMIuDOgyxRtIVJ0GDgVaxKwd0eg/jzd1oxA=
0lVYP1Dv7SnXQiyQ4tJosh5g/M9gWqvOEcBvPnR/Po4LNmaj5mAl7/26JW95Reg1pHTbBDv037MIeGWPCfoQVP+0FKvvM7IxdqMR
41QQqIxTTOPaJhEoV1Ca0ykfg7V99BhiED4MWyvL4NAOT3mBjHjJ3trEDWZhzSvPnMIuDOgyxRtIVJ0GDgVaxKwd0eg/jzd1oxA=
9a1NYKKD44Gr7IgcxAIAEikfg7d6/hliED4MWyvL4NAOT3mBjHjJ3trEDWZhzSvPnMIuDOgyxRtIVJ0GDgVaxKwd0eg/jzd1oxA=
254wT5yhYg8i05rfXsDW/Z0FinpShUtEvq4hDSOE/4nRUkElUpK3nMVBh6C58gJnOILtBiBPQPjTQ6t6c0OPXc7Z4sQ9iL1sqX/eGHODfyLWGBkEkkdJa0QdYKMH
eGHcjhbvzW7DioMrAcyL8g2ewy7QctQXm2e4PG6j4S089FFSWkiV6tFhsyP8LnagWH4dV4gYRUo+KQIozPHJxA+DL3mjHA==
LcTBfwNQ5iYLrqeEvMEROQ6ewy7QctQXm2e4PG6j4S089FFSWkiV6tFhsyP8LnagWH4dV4gYRUo+KQIozPHJxA+DL3mjHA==
HqRcvxWx0NmigNEnbO2QLYi5Iw03ga37LxQJwKb5fie37A8gMQKqB+Aylcb4H3gY+1OjentTpz32CbqExTjljAEPVpj7M5eCjuihREqXMUusDWijDw==
ZNvOwKoFCqJgyYOJubB3/Ym5Iw03ga37LxQJwKb5fie37A8gMQKqB+Aylcb4H3gY+1OjentTpz32CbqExTjljAEPVpj7M5eCjuihREqXMUusDWijDw==
v7IeeD3W7llniPImxA+tMlqx+kifPJNZyHKlMnTwpCs591BZNwyE/dZyuDP8LnagWH4dV4gYRUo+KQIozPHJxA+DL3mjHA==
r2dEzSj4AWqgVxBvXH2351qx+kifPJNZyHanPHTwpCs591BZNwyE/dZyuDP8LnagWH4dV4gYRUo+KQIozPHJxA+DL3mjHA==
fwFkhPxkhkm/dMle8H2R8JdW/wLJQ/Agt/t9Y47JX////zl11i4dZHk0Y7RjFLdDgPjtP6FayCQH9Mz71xOaIX6jGQ==
+bif3a+MTD1abdCWyAb1npAnVndW43+fYmhmUrrMWyCS/R/6k3pFUlrSoZzJwlJmeDlDDaFF7kxfkAu1+Hq/8BR8fGcJGwj1t6DcEeY+YL+c4m6saJKF+Eg0XaaOpZrkrP0RiL9vd1WjMA==
9jT9TbLXuhyw2rJtJi+olTfV4vL36NM2V8nVOpp5U2epHx8aHX/Ntemwg0BOVRSlRuRRb28l1JRBTSVcOzqu3ahyWBdPYmB6teI6BHXYVcwx70WY6xPnwn5I0cTaN2GLfG1Yoz8=
zmsXCL8aH0xbeLIXKYBzd/aEJ1eNrSoBhh6IHc/VDwesVF1eWt65kPkuSkoYFZvhkQm2gJ9cU/lIlmdcdNDki7mXkHk3LESdVtL4E/xOtkDY3t00iPgF6r5JQsjM0Qlkj2NvWaM8
c22ViiwUg+f4C/7APArPUhd+YCxRRiViWuLBrAkSMvb4qeNdYbXOPF9gK8W4qh9glOycN0kr6MW3kDwhpm6ALxxyznwo4qUISER9Vk71OnQsbXFYf18XZaMA
T7F54zyuLsz73ZjiqcXnLippy9cvmVEZQ08tZlrmybgZBhoS2M3LiTHhBvgfpOOR6H63BDQINKPZv2BBNxS0tTb6KMu8FmaoeLZtzAiAtQIeIRIQDIlZTG9LH2GjBA==
VRazUf7Xat6fLO/8z+aitgNa5PIeq3ADdE8tZlrmybgZBhoS2M3LiTHhBvgfpOOR6H63BDQINKPZv2BBNxS0tTb6KMu8FmaoeLZtzAiAtQIeIRIQDIlZTG9LH2GjBA==
99JMArXb37Nw0/oULJK4XHM1mRjFp93noeDaZE02kZyGhEg/f/eJC6qevwaHPwDEy7LEWmB9AfUsh/dWcHt+oPQd7CSSlgCcgepoYpFsNtsuZjybTVJ3QRNnowY=
Ez0AngYH3Ku798R+irmvJflwwgb8JdZY4irifMFq1PMIPn9Y03kB8ZihUpYeo5RTaaQ7EjFkC0FJCdIpfj4XnI/QUFtu/y4sdWZS3nSMpkWAz3k3oYSSxMIWqv3Oy++U8NXa6Sr0i1cdO1FX2OcYO3mVTPsBcOe/CR0yfj4jZKlpko8Ur7M6R8jyIVGpmyhkZR2sIZxptBi/0oNGTYZObZggPijrsUnw+/vsBNWYNUzRL+WYi1PHQl4IscR690ELHC34o58=
