TEFDciU4ECpIRFNkO4zIrGLNyvtPWbqywF92CWuKiv1VyjIoMoTxGFyNhJJo/WO99dc4sYqNDuQhgLl8TUeU27/72rJWkIVgLo8NW6AFfKcP
kFX72ssZVCwqS0Xpkg4rpPlwwgb8JdZY4irifMFq1PMIPn9Y03kB8ZihUpYeo5RTaaQ7EjFkC0FJCdIpfj4XnI/QUFtu/y4sdWZS3nSMpkWAz3k3oYSSxMIWqv3Oy++U8NXa6Sr0i1cdO1FX2OcYO3mVTPsBcOe/CR0yfj4jZKlpko8Ur7M6R8jyIVGpmyhkZR2sIZxptBi/0oNGTYZObZggPijrsUnw+/vsBNWYNUzRL+Cbi1PGQloIscB690ELHC3op5s=
daZ7fkqRSGdZnPwaHf9Zmvlwwgb8JdZY4irifMFq1PMIPn9Y03kB8ZihUpYeo5RTaaQ7EjFkC0FJCdIpfj4XnI/QUFtu/y4sdWZS3nSMpkWAz3k3oYSSxMIWqv3Oy++U8NXa6Sr0i1cdO1FX2OcYO3mVTPsBcOe/CR0yfj4jZKlpko8Ur7M6R8jyIVGpmyhkZR2sIZxptBi/0oNGTYZObZggPijrsUnw+/vsBNWYNUzRL+ebi1PGQloIscB690ELHC3op5s=
YEc4aLjZ5abuRUbT6YpWld/4242Yog+Y1FQMv6lj2N23iAxpRuYQl1yK3nQIqlWTy9wNn275Kgzo1eHQH5cnbacc
OF+athmvArD7W0w18O2Mq5AnVndW43+fYmhmUrrMWyCS/R/6k3pFUlrSoZzJwlJmeDlDDaFF7kxfkAu1+Hq/8BR8fGcJGwj1t6DcEeY+YL+c4m6saJKF+Es0XaeOoZrkqP0RiL9vd0WnNA==
14iw65u+Vjd9VFelOcps/TfV4vL36NM2V8nVOpp5U2epHx8aHX/Ntemwg0BOVRSlRuRRb28l1JRBTSVcOzqu3ahyWBdPYmB6teI6BHXYVcwx70Wb6xPmwnpI0cDaN2GLfG1Ipzs=
LkCJnSqTNYwdsvhEvYWA1/aEJ1eNrSoBhh6IHc/VDwesVF1eWt65kPkuSkoYFZvhkQm2gJ9cU/lIlmdcdNDki7mXkHk3LESdVtL4E/xOtkDY3t00i/gF675NQsjI0Qlkj2NvSac4
wp/I3muGR7DIWtNmCgWkchd+YCxRRiViWuLBrAkSMvb4qeNdYbXOPF9gK8W4qh9glOycN0kr6MW3kDwhpm6ALxxyznwo4qUIS0R9V07xOnQobXFYf18XdacE
e2hnSu2Gy1z8CuRB+m4L7Sppy9cvmVEZQ08tZlrmybgZBhoS2M3LiTHhBvgfpOOR6H63BDQINKPZv2BBNxS0tTb6KMu8FmaoeLZtzAuAtQMeJRIQCIlZTG9LH3GnAA==
xlrrnx+c0z1OZg92ixFfPANa5PIeq3ADdE8tZlrmybgZBhoS2M3LiTHhBvgfpOOR6H63BDQINKPZv2BBNxS0tTb6KMu8FmaoeLZtzAuAtQMeJRIQCIlZTG9LH3GnAA==
ReJXtUsIdEkIAlIFpStaU3M1mRjFp93noeDaZE02kZyGhEg/f/eJC6qevwaHPwDEy7LEWmB9AfUsh/dWcHt+oPQd7CSSlgCcgeprYpFtNt8uZjibTVJ3QRN3pwI=
/f0H7Zf5fUAvCt1ukalwAPlwwgb8JdZY4irifMFq1PMIPn9Y03kB8ZihUpYeo5RTaaQ7EjFkC0FJCdIpfj4XnI/QUFtu/y4sdWZS3nSMpkWAz3k3oYSSxMIWqv3Oy++U8NXa6Sr0i1cdO1FX2OcYO3mVTPsBcOe/CR0yfj4jZKlpko8Ur7M6R8jyIVGpmyhkZR2sIZxptBi/0oNGTYZObZggPijrsUnw+/vsBNWYNUzRL+Wbi1PGQloIscB690ELHC3op5s=
jAc5seTVXSQlV9UYQO3evr2f6Ge1+Gk7hIYY8NQBaIT4XqSaFyonc+Q6SzQ161DvcrAKre/uF0lsXx3BmiW6fM165aADjadDD6PlwJO7oKGZE0k0fq76wyoy7m8ZT/BRPD0yUsi+aTroALZOS6Dl6Q6/0q959J1m8U63sjUi4HZI/TdcjNPoqrWhTP54o9gpBDYnsfbzFepMGU6vuxSqJ/9lxNT8nNAuhGr4u8j+4tsVbHUzrZ29x1YbjtiYjbPkg1C+tDRjC+1IGV3ikOlfciaN1K5fMw19srt7T4O40GeT/wPxCPWP+uq26/5ueG19wZA+NB6urp2KExOEXJ2+ac48J0dhY5W33F9ES9WdqDsl+IsP1eW2Xnp7WDmFWisUC3vW1/SqZXEtY/TUCZWI4XhhGGjjaoemid4yfTTo2qiP+eXgByOoZNEg6bx9J4Hbr9sq8gZwNeC+L32bcGVMpz8=
q/sQbKMHOs5l9cL58e9xtCtpxtNgj03Bf1h28g6Du4fMsUS9FGtORnT8m0lY7MiMneN/5yqVKW5gnPGR7Wptc4PZHGiQStSycxwLQmEinMptc5HsKbYQH4AR2zcg+WMQSfNROTc9RtmgchIFItFyspaWudtljeu4OtYeTLwA3pzEQ9YtV9jo/W0TIjgjy2LhNUvZsUyYVVedvjKRSxljclLpZzqvi4AtQotGqYjfx/EI0csAdmo3rJO2/yspefTxq1AEpjqRQAUdMCWFWxo+Sb8MwtM3qwq+nWblLynswwo+U+cWdYxlmWsUUocUDEIXzp6tlMrh8F/gZWW3YSRodfudSSsWSHOQXe6/0V1DV8yLu0sQArRr9AudBiepj3XMnOjUTjEZA6X0vpmAAVMosOM7ce37h+xi5AwedGxF0d1OucgqE0qUtt0TLJziLuAk8VPr2uHV1mde3vijPWqXeWNPpzo=
PHQ/9eMjxzEn+CQudkeWedGXXavjg/YhKJHSbco4MZnBHcB1XrrhFZRr3ccQ/rQ6JCJnoqp+WEq7UrPTEOJnRCnDpC/G2JYdAzYjKXhn8REmTS78WZJZ8G+1s6M7+4lwD1MU4e07VcRS9o5jvspCP2Vn5FEoFU4CZEb9mpxYmr5XiJGpuldOHxWsqYbldtviicp09tyVi4xg6/zKgXmgTuTLbOnwHjvB2ivhSthh4n9HPL4n6004BFDkRI5wstTL1NYWG6EE6YNBRYmnQiNiCCTlJ2QXuALkWFsfDXxBMVIMAesyUqXIXnNred0mQ9cf/5DEZ4fXf6GkDRtanu7HDnJQGT11eKKEcvaafZ4rf9TgdSrpWlSbl41bgdfoh6j7SfUc+9HQl3/5PUL+7gP06XlyPxQfUyoHWNLx0dm72KQVvXwhzAmE2A+ys8ad5t6tiIBOKBsRWbBrG7yE5XiFDOHPNJvb8zYCKihBQCrX0csMTVinKw==
dSiVIMy/Gq2jKZfVN3KleDlGIeC1EDzYSNQ4/4JIBu/ScyUyzRWz+TTmSCooKmOirnZUWkdKl/N0mjt05Qtg7wKQ2m1fjofJnP9NgarFqnzdGtVg0y3Xw59DVYDDm1ChqXMZ9I4OakOa0j4vaW/gUSwdQhIYXtm6eKBGjhvA1en+n4LvyRQN5oHuZ3IFQvB2WB0HHNxzGColwfw+qIOoKTTW9/GGU4Vq/Hkeb0s0uifvRTQUrPxgrhTKiPsYHtLbZUyl8x39LUemu96YqG2j5JMwjnTkw3tt2PntosDJr3IW7YRur5Od/QJbqw/zmMBng99zsdgVP3p6Fhs+PhhdfTGwbnSuTj4d+rPDRGz9rmne3BcHMcNlN0w/9IsFvdg7FRhbT6VFJt7KGwj5dXo7FBtbJhekytXxvcOElNl1uOEIQcioUwoXJnl+Yj0ECMqon5nVINeD2ORBwFn8LQdw25+7ejL20KVgDs+t2wBFXKcv
Rtms7creo95ENXJ++wPCMDT2+FW7pmre2fVRTaACL1wk9Ctky7Qv0xh+da84uqT0TzCEC7/z4tEWp2U=
OT1VfJvVWPp4i7ArC//fnYYgOMJxdxrhIlhu8h+NTGC6inBoGUWuRpkR5kuWqlifJY7H9csbp2Y=
ymBCo92Rz+EXciZhi/zUMwa+5o4C+Ym0xRZz4TB7DjAmayfjaC4q8vIJvg4pJjsDLTzBEYPQGNsycc2ftfULUZG2c6pqSpms/MOD5PtUy/R/Ze4CpYe/v9trYAZl1ritL6GKkXaHpIl8CQ/9TvgkIO+qDt856mpDioQKbr1P3tnZ0Phpc5nJJ45cw2z1il/9JXeHkMN/C1zaYBtI4zkmy5H7ZVCUbNTCKY0z2dxa+Sz553hsK3+xIaPTHF6MKL4Y1LFBwca9SCaLXiRKdXfMsJoaMHi5kq6WPgWm3bZ62E8FHofla8untg==
PPRrenGqoGXiItm0AXa0lFcfeXpUcs7/+wkz+9vRj/f3x/LxtiCLsKY4dsc2nvHHrJKMYx/YODyv+YLXIAPchqapWewL4LaEWe64BUs+tyqbJotTtmiZaV+dv01I/EnIyJ87t7Kbaomki3gPB+dCxjQy21wW9UXESqGu4mJUUZHuq40GAKMv14nlShqLNjl0j69RwV96fxFr/j7GszJPp9Z5BW3d2gjiVECtC7tDUORpvk2R4MbX0RFDBzX05OB2DuoA5zmLGnOIZM+Y7JA5CZxibixoEoV8TrRaI44nmmSofREIv+93xae0
D0x1gMwQWxduy3BOYToow5qotTIcPeeVKqxiIhBH5PpxfLOQnOahvpwa1WF1zeXtfLWLPg3jrZrxaz7dgaO9KN8XCYjrOcNCLh9Pgf1TY8kQepFXNi8gVZbsne9vMCqpJA4S9AYkBuKEs3bUcdyXeT+6LKt7GvxkGaYVF9Y2fr91XIrR+KmIcPGfB09jh6pTwlNDcQ5bgxTdVxMpwO6M1z6hk9YtlA33wE+SBpPBW68yjF95LoHejY5wZWbxln/yVKXipJxoybUzOGGPXtSnrO8ka8ujvokweKrGvEPQSAMbg+Zpyqe5
b+qBETkCtP4kNId+EcQaxCU9f2KxeMK1WxZWX4z0rSVjI7/IFEVtcDIwSvpN/vu9S3GSDeWiowMDxp/T/BYv2u/6Bq9H1CX5DR5gJ4FdsyNNFf5C/wsYzw5J+NRz80FAJLUqNhzoCCQI/oqLeMh/rLll0YJCt1X60jh3nvvL+EYwY7tkxI02aUYsvyfJky33BI8s6y0toLstiLPv/bVungJLsBkdSqMUg2tO9xyaHbH1M9w0MeWAYXDR4MiLul/mMS6aHaz4UqgH6X0Ar1MQpIlwARwFl41epywWkiigbaBGHxW76HXEp7c=
+qKKfZ1WOsNbBYS9bu2pmLpu3PtPHHv0MgorOez9BVLW8JHbDAkR1/Lm+bR+Y8EBHXI+xh3MGaWG+fV6M/aXoN0pS4tJZ70QZ7lP2prv2ymB878hpCrF7/rvbC3CPGnHM1AWQTA+ZuwKJAr68INiPE28y1HLanjTN9ow3E32of8KlgIX4aw+SXQpBOhF75Pnnyf2O3aDl8lCG0/sCQdnARwOsL8qkWfOIZQB7zR/hm6vIYeHRtyLgeLBkjVaoNEOrTaDWsDVVjwQ6EUth8j1JyJ0e0RbdD9zb37FSCx6MpQfsHTrD7OSccantQ==
dXVzjoDM5z4IoBIgmiWG6iU9f2KxeMK1WxZWX4z0rSVjI7/IFEVtcDIwSvpN/vu9S3GSDeWiowMDxp/T0AEvze71G69H1CX5DR5gJ4FdsyNNFf5C/wsYzw5J+NRz80FAJLUqNhzoCCQI/oqLeMh/rLll0YJCt1X60jh3nvvL+EYwY7tkxI02aUYsvyfJky33BI8s6y0toLstiLPv/bVungJLsBkdSqMUg2tO9xyaHbH1M9w0MeWAYXDR4MiLul/mMS6aHaz4UqgH6X0Ar1MQpIlwARwFl41epywWkiigbaBGHxW76HXEp7c=
nbdYiTdkNLBX6nEe/iiyHLpu3PtPHHv0MgorOez9BVLW8JHbDAkR0fLm+bR4Y8EBHXI+xh3MGaWG+fV6IvCVtdk9S4tJZ70QZ7lP2prv2ymB878hpCrF7/rvbC3CPGnHM1AWQTA+ZuwKJAr68INiPE28y1HLanjTN9ow3E32of8KlgIX4aw+SXQpBOhF75Pnnyf2O3aDl8lCG0/sCQdnARwOsL8qkWfOIZQB7zR/hm6vIYeHRtyLgeLBkjVaoNEOrTaDWsDVVjwQ6EUth8j1JyJ0e0RbdD9zb37FSCx6MpQfsHTrD7OSccantQ==
x+nMznIY9L9twZnZtJIolga+5o4C+Ym0xRZz4TB7DjAmayfjaC4q9ONR5h4/LW9cKj/UOMWzX5klKdrfsccMR4Src6pqSpms/MOD5PtUy/R/Ze4CpYe/v9trYAZl1ritL6GKkXaHpIl8CQ/9TvgkIO+qDt856mpDioQKbr1P3tnZ0Phpc5nJJ45cw2z1il/9JXeHkMN/C1zaYBtI4zkmy5H7ZVCUbNTCKY0z2dxa+Sz553hsK3+xIaPTHF6MKL4Y1LFBwca9SCaLXiRKdXfMsJoaMHi5kq6WPgWm3bZ62E8FHofla8untg==
PrbLBgGa7DD8vq8cq5t9Lga+5o4C+Ym0xRZz4TB7DjAmayfjaC4q9ONR5h4/LW9cKj/UOMWzX5klKdrfuNQGWoSpc6pqSpms/MOD5PtUy/R/Ze4CpYe/v9trYAZl1ritL6GKkXaHpIl8CQ/9TvgkIO+qDt856mpDioQKbr1P3tnZ0Phpc5nJJ45cw2z1il/9JXeHkMN/C1zaYBtI4zkmy5H7ZVCUbNTCKY0z2dxa+Sz553hsK3+xIaPTHF6MKL4Y1LFBwca9SCaLXiRKdXfMsJoaMHi5kq6WPgWm3bZ62E8FHofla8untg==
DKy1Tfx0rMF/HVX+c+J9Z568uFaWHwuw5vEG76lM6FcRsq7avmZMmsRU16SwdX65cvUeIJnfojSIduQ47OBBP/KYvu4CQ69fm5Q+ANlqMHHbil/OO0Lj52acUS0f2Xe5mMghrOh704Oi72KNpI9wexfTqiIUVrNoxgGNgArlZhay4Dn1Tk9lspDXp1MJYcJuG4LRkC/LOXWPjrdVK7r2MmMGJ8P2ne1Zza4A5lREpX+rd7gASdolpTAyH5VRB8/BJFCIEq4O6FOp/5L3COBH7Hwk0e08BgaYuOZNOA7wktdeE/IAiJn5PK+bf8GnsA==
ANeRplAgaVAgkujF30kb5A+ewy7QctQXm2e4PG6j4S089FFSWkiV6tFhsyP8LnagWH4dVo8YR08+KwIoyPHJxA+DL2mnGA==
e4mS9c3EngGjbnOE83QNq009y4BfsXEuGi5DFjGezuFAVXmBjHjJ3trEDXVuyTHPnMIuDOgyxRpPVJ8DDgdaxKgd0eg/jzdlpxQ=
gTM7kjMgIC4kY5aCgRKcnw6ewy7QctQXm2e4PG6j4S089FFSWkiV6tFhsyP8LnagWH4dVo4YR08+KwIoyPHJxA+DL2mnGA==
5tQ658bbaPdsV8hW9w4sGU09y4BfsXEuGi5DFjGfzuFAVXmBjHjJ3trEDXVuyTHPnMIuDOgyxRpOVJ8DDgdaxKgd0eg/jzdlpxQ=
VUdEwcgZCESqoxc0Q2QfrykFhbdm5hhiED4MWyvL4NAOT3mBjHjJ3trEDWZhzSvPnMIuDOgyxR1IVJADDgdaxKgd0eg/jzdlpxQ=
9MywzfRG3aXnWYzLeQl02pwFinpShUtEvq4hDSOE/4nRUkElUpK3nMVBh6C58gJnOILtBiBPQPjTQ6t6c0OPXc7Z4sQ9iL1sqX/YGHOOeiLUGBkAkkdJa0QdcKcD
I7hqJopIU05bZzXDSNrpN+t/NMAPI4yNkm2Qz+2dheJm+TW80JiFfIRwC7/5FPipOCEFGhdAOx8d3//I3qXIohCVfCbhQpjYEvCEiMLf2Jibk0N6GxNUslJTmoTleIUM4c8wmNv+MgIsKEFAKtfRywxNWKcr
PPDdhqWGn3JfOGyTFuMHem3NjAUqHpXk6zUMB8odVLff4rRwxW+qGgBtqelsUPnG2tw9XY6h4ffcOn6kSFo1hcjM4Ouur4q8aCWBAF+nB32nDA==
1wPqexpSX/sMOqejZF+8TgGidflAcFPo9idUyIe7N/rvO0ps1jy/ZLHgSTydZ6DezxaOcuAwFeDe790bkCVspx8=
DPKlGx2q6/WNxLVI8NVoCikFhbdm5hhiED4MWyvL4NAOT3mBjHjJ3trEDWZhzSvPnMIuDOgyxR9IVJkGDgZaxKgd0eg/jzdlpxQ=
JYZ9o7FN28TjTnIiLYdm823NjAUqHpXk6zUMB8odVLff4rRwxW+qGgBtqelsUPnG2tw9XY6h4ffcOn6kSFo1h8jM6e6uroq8aCWBAF+nB32nDA==
jCMLWjDVS3uiuOdya9Y/uAGidflAcFPo9idUyIe7N/rvO0ps1jy/ZLHgSTydZ6XYzx+LcuEwFeDe790bkCVspx8=
nHdhOgMRYINluv1mMmRLS8zs/Ehaj+B4MwOLelOD/txilBPEHUgd7Mm/+BqTxd+itdh5ALIHqevk3RCnYw==
FxBMFrDqMBCBTAalfcSw583s/Ehaj+B4MwOLelOD/txilBPEHUgd7Mm//xqTxd+itdh5ALIHqevk3RCnYw==
WM0pV8dxkiyCoVtaElWHjg2ewy7QctQXm2e4PG6j4S089FFSWkiV6tFhsyP8LnagWH4dVY8YQ0o+KgIoyPHJxA+DL2mnGA==
4wV7gm5GxvT3nDw1iYUXNk09y4BfsXEuGi5DFjGczuFAVXmBjHjJ3trEDXVuyTHPnMIuDOgyxRlPVJsGDgZaxKgd0eg/jzdlpxQ=
fgFdyTmYmObVapyIk68LaAyewy7QctQXm2e4PG6j4S089FFSWkiV6tFhsyP8LnagWH4dU44YQ0o+KgIoyPHJxA+DL2mnGA==
MEVwOxco6gjirRrv9SEzu009y4BfsXEuGi5DFjGdzuFAVXmBjHjJ3trEDXVuyTHPnMIuDOgyxR9OVJsGDgZaxKgd0eg/jzdlpxQ=
bC5UH7iEfeU36PMzlDR03CgFhbdm5hhiED4MWyvL4NAOT3mBjHjJ3trEDWZhzSvPnMIuDOgyxR9OVJoGDgZaxKgd0eg/jzdlpxQ=
2mc7I7GeyuAHKCgQbqYNOm3NjAUqHpXk6zUMB8odVLff47RwxW+qGgBtqelsUPnG2tw9XY6h4ffcOn6kSFo1h87M6u6uroq8aCWBAF+nB32nDA==
lpuqIwh4aE/DXyzHlccBJdJ4EyYSiivTPHl2Ta36SiC+/wXvthtaVVrVoYi0hlxxOX1SBuFD7koL7xio8EjtoyNffDgBCxj7n/LLQeQiaqCc4m6saJKF/Ug0XaaOpprkqP0RiL9vd0WnNA==
AJtAK3Rd0D8fW3Fbpaub6NJ4EyYSiijTPHl2Ta36SiC+/wXvthtaVVrVoYi0hlxxOX1SBuFD7koL7xio8EjtoiNffDgBCxj7n/LLQeQiaqCc4m6saJKF+080XaaOpprkqP0RiL9vd0WnNA==
gAZ6ihJyH8XH5W/kSWeVQwuewy7QctQXm2e4PG6j4S089FFSWkiV6tFhsyP8LnagWH4dWo8YRko+KgIoyPHJxA+DL2mnGA==
z4u5gfOMIj7xw8HIk0Mm5009y4BfsXEuGi5DFjGazuFAVXmBjHjJ3trEDXVuyTHPnMIuDOgyxRZPVJ4GDgZaxKgd0eg/jzdlpxQ=
1tBgUxj8k8/iIfxU2VBqrgqewy7QctQXm2e4PG6j4S089FFSWkiV6tFhsyP8LnagWH4dWo4YRko+KgIoyPHJxA+DL2mnGA==
utIgQz2G55NRTW2DGZgAI009y4BfsXEuGi5DFjGbzuFAVXmBjHjJ3trEDXVuyTHPnMIuDOgyxRZOVJ4GDgZaxKgd0eg/jzdlpxQ=
j7KK8Q+fq1Jb6slBV4r1yCsFhbdm5hhiED4MWyvL4NAOT3mBjHjJ3trEDWZhzSvPnMIuDOgyxR1KVJEGDgZaxKgd0eg/jzdlpxQ=
6vZr08CkFXFgsC0WM6S2pG3NjAUqHpXk6zUMB8odVLff4LRwxW+qGgBtqelsUPnG2tw9XY6h4ffcOn6kSFo1hcrM4e6uroq8aCWBAF+nB32nDA==
7GKagx4/Z7cBnvw1XHCh0tJ4EyYSiivTPHl2Ta36SiC+/wXvthtZVVrVoYi0hlxxOX1SBuFD7koL7xio8EjtpSNffDgBCxj7n/LLQeQiaqCc4m6saJKF90k0UaaOpprkqP0RiL9vd0WnNA==
sJQoQ73IroxI+HM40SrPeNJ4EyYSiijTPHl2Ta36SiC+/wXvthtZVVrVoYi0hlxxOX1SBuFD7koL7xio8EjtpCNffDgBCxj7n/LLQeQiaqCc4m6saJKF/E80UaaOpprkqP0RiL9vd0WnNA==
xqUBtrqTzFhfOCk4X4GVeQmewy7QctQXm2e4PG6j4S089FFSWkiV6tFhsyP8LnagWH4dW48YQEs+KgIoyPHJxA+DL2mnGA==
5Ou9qYuWm6BeltKsouVyiE09y4BfsXEuGi5DFjGYzuFAVXmBjHjJ3trEDXVuyTHPnMIuDOgyxRdPVJgHDgZaxKgd0eg/jzdlpxQ=
LXcfO6JTKgjdpi0pVuCCOgiewy7QctQXm2e4PG6j4S089FFSWkiV6tFhsyP8LnagWH4dVI4YQEs+KgIoyPHJxA+DL2mnGA==
IHRwqEUxFWRszh8tFQ6KHk09y4BfsXEuGi5DFjGZzuFAVXmBjHjJ3trEDXVuyTHPnMIuDOgyxRhOVJgHDgZaxKgd0eg/jzdlpxQ=
dZ5MTaADOADNezQ0kw/p5CoFhbdm5hhiED4MWyvL4NAOT3mBjHjJ3trEDWZhzSvPnMIuDOgyxRxKVJsHDgZaxKgd0eg/jzdlpxQ=
mMnNlEBiz0hIyuYPhcE8w23NjAUqHpXk6zUMB8odVLff4bRwxW+qGgBtqelsUPnG2tw9XY6h4ffcOn6kSFo1hMrM6++uroq8aCWBAF+nB32nDA==
RD01t+dRSAMvAnaG7rBvvtJ4EyYSiivTPHl2Ta36SiC+/wXvthtYVVrVoYi0hlxxOX1SBuFD7koL7xio8EjtpyNffDgBCxj7n/LLQeQiaqCc4m6saJKF9kk0W6eOpprkqP0RiL9vd0WnNA==
7h9Zzo1Qa9P+z7NFrBxgrtJ4EyYSiinTPHl2Ta36SiC+/wXvthtYVVrVoYi0hlxxOX1SBuFD7koL7xio8EjtpiNffDgBCxj7n/LLQeQiaqCc4m6saJKF+k40W6eOpprkqP0RiL9vd0WnNA==
pCebzjJg+9oDVKnlgTE0mAeewy7QctQXm2e4PG6j4S089FFSWkiV6tFhsyP8LnagWH4dVY4YREs+KgIoyPHJxA+DL2mnGA==
rhvaPXuKCdGi+5wE7TBOmk09y4BfsXEuGi5DFjGWzuFAVXmBjHjJ3trEDXVuyTHPnMIuDOgyxRlOVJwHDgZaxKgd0eg/jzdlpxQ=
ddDhlG1zqZ0+Op7YXDHJeAaewy7QctQXm2e4PG6j4S089FFSWkiV6tFhsyP8LnagWH4dVosYR0s+KgIoyPHJxA+DL2mnGA==
0ZOkAtpuNXDITubDIr9NOE09y4BfsXEuGi5DFjGXzuFAVXmBjHjJ3trEDXVuyTHPnMIuDOgyxRpLVJ8HDgZaxKgd0eg/jzdlpxQ=
QGbybtpCZsu+41WrPqy4NS0Fhbdm5hhiED4MWyvL4NAOT3mBjHjJ3trEDWZhzSvPnMIuDOgyxRxKVJ8HDgZaxKgd0eg/jzdlpxQ=
wp9TcEgnEaEsH7RtNVf0P23NjAUqHpXk6zUMB8odVLff5rRwxW+qGgBtqelsUPnG2tw9XY6h4ffcOn6kSFo1hMrM7++uroq8aCWBAF+nB32nDA==
D94xXQhX+oZGwWhGc/swpNJ4EyYSiivTPHl2Ta36SiC+/wXvthtfVVrVoYi0hlxxOX1SBuFD7koL7xio8EjtqSNffDgBCxj7n/LLQeQiaqCc4m6saJKF/Uk0X6eOpprkqP0RiL9vd0WnNA==
FHc5EwAhZwENU3CpOlVsQtJ4EyYSiijTPHl2Ta36SiC+/wXvthtfVVrVoYi0hlxxOX1SBuFD7koL7xio8EjtqCNffDgBCxj7n/LLQeQiaqCc4m6saJKF/Eg0X6eOpprkqP0RiL9vd0WnNA==
K6xukC7tFJfdwmJNM1mtARBSS7XdgKOGIK9KZleW2gtyENF3cTqp9w21fJ0Y1Adsz6QLC0C4KXZfKid8I9Dow/sDhilqpxk=
YFRo/L986Qb05yLSQd41/HoBue9EE+bxVMt0c3R1aqA6eHyj5mAl7/26JW9qSuwvpHTbBDv037MMeGWOC/oTVP+wFKvvM7IxZqcV
9G1b2J8HHWNqCYLzIREBIBFSS7XdgKOGIK9KZleW2gtyENF3cTqp9w21fJ0Y1Adsz6QLC0i4KXZfKid8I9Dow/sDhilqpxk=
g4pPKmF0y7sn3pXfwGSjF3oBue9EE+bxVMt0c3R0aqA6eHyj5mAl7/26JW9qSuwvpHTbBDv037MEeGWOC/oTVP+wFKvvM7IxZqcV
wD4DRzokleSllFwdTnDU9CwFhbdm5hhiED4MWyvL4NAOT3mBjHjJ3trEDWZhzSvPnMIuDOgyxRpOVJwEDgZaxKgd0eg/jzdlpxQ=
uWhv5c1N5yDYeqjAY5veTm3NjAUqHpXk6zUMB8odVLff57RwxW+qGgBtqelsUPnG2tw9XY6h4ffcOn6kSFo1gs7M7Oyuroq8aCWBAF+nB32nDA==
+aAXnsXSXSiJA+Btpx5dTUp6IHCJwnqDnwjZr54OohiqVzGtj5yzxZ2Nif2TAwx5bmEAidrBGbVl6g8t1YMbE3sbNiYf7dY+mP/TKV7AR3SLdPtE23S/c+l7RU2rerOUn7D064+zEnFGpzU=
N1QKMKvikX5DAa5PyUhDtkp6IHCJwnmDnwjZr54OohiqVzGtj5yzxZ2Nif2TAwx5bmEAidrBGbVl6g8t1YMbEnsbNiYf7dY+mP/TKV7AR3SLdPtE23S/c+96RU2rerOUn7D064+zEnFGpzU=
lU4CKndrAmM+HdY2kQjv6BJSS7XdgKOGIK9KZleW2gtyENF3cTqp9w21fJ0Y1Adsz6QLC0G7KXtfKid8I9Dow/sDhilqpxk=
gWjmnNZsAzkitUmkMmjpTHoBue9EE+bxVMt0c3R3aqA6eHyj5mAl7/26JW9qSuwvpHTbBDv037MNe2WDC/oTVP+wFKvvM7IxZqcV
m/4HhwK9Yg18Zl9x/4ufmBNSS7XdgKOGIK9KZleW2gtyENF3cTqp9w21fJ0Y1Adsz6QLC0K7KXtfKid8I9Dow/sDhilqpxk=
H6SV3GkM//Jh4FsF3bQOKHoBue9EE+bxVMt0c3R2aqA6eHyj5mAl7/26JW9qSuwvpHTbBDv037MOe2WDC/oTVP+wFKvvM7IxZqcV
6RfBUlxYVducvfyxeApGVC8Fhbdm5hhiED4MWyvL4NAOT3mBjHjJ3trEDWZhzSvPnMIuDOgyxRxKVJEEDgZaxKgd0eg/jzdlpxQ=
4JuXgtaG6TWYMkr0ZtZbvW3NjAUqHpXk6zUMB8odVLff5LRwxW+qGgBtqelsUPnG2tw9XY6h4ffcOn6kSFo1hMrM4eyuroq8aCWBAF+nB32nDA==
O3ew0OLfOcmDZESYc/uAIUp6IHCJwnqDnwjZr54OohiqVzGtj5ywxZ2Nif2TAwx5bmEAidrBGbVl6g8t1YMbEXsbNiYf7dY+mP/TKV7AR3SLdPtE23S/c+14RUKrerOUn7D064+zEnFGpzU=
qcaoy5f6rKI47wBDBcyMGkp6IHCJwnmDnwjZr54OohiqVzGtj5ywxZ2Nif2TAwx5bmEAidrBGbVl6g8t1YMbEHsbNiYf7dY+mP/TKV7AR3SLdPtE23S/c+1/RUKrerOUn7D064+zEnFGpzU=
KVH0NB6iO1vdFkRrUYd/MxRSS7XdgKOGIK9KZleW2gtyENF3cTqp9w21fJ0Y1Adsz6QLC0a/KXReKid8I9Dow/sDhilqpxk=
md8+GgQoA+phowZeyIhcxXoBue9EE+bxVMt0c3RxaqA6eHyj5mAl7/26JW9qSuwvpHTbBDv037MKf2WMCvoTVP+wFKvvM7IxZqcV
o/nCv8PGCdqVX9EDCXAqHS4Fhbdm5hhiED4MWyvL4NAOT3mBjHjJ3trEDWZhzSvPnMIuDOgyxRtOVJ4FDgZaxKgd0eg/jzdlpxQ=
VnPlDLAC2hvjTjryLEH/Lm3NjAUqHpXk6zUMB8odVLff5bRwxW+qGgBtqelsUPnG2tw9XY6h4ffcOn6kSFo1g87M7u2uroq8aCWBAF+nB32nDA==
N8bbsHvU04UKYEaIw91HoEp6IHCJwnqDnwjZr54OohiqVzGtj5yxxZ2Nif2TAwx5bmEAidrBGbVl6g8t1YMbF3sbNiYf7dY+mP/TKV7AR3SLdPtE23S/c+p7RUOqerOUn7D064+zEnFGpzU=
NJmnaXTb2VEgxJlKszg95hVSS7XdgKOGIK9KZleW2gtyENF3cTqp9w21fJ0Y1Adsz6QLC0e7KXpeKid8I9Dow/sDhilqpxk=
AcUfFlyO4dZHB8AD4hrOrHoBue9EE+bxVMt0c3RwaqA6eHyj5mAl7/26JW9qSuwvpHTbBDv037MLe2WCCvoTVP+wFKvvM7IxZqcV
YqFyQRET2Ok4y/TnsH1B4kp6IHCJwnmDnwjZr54OohiqVzGtj5yxxZ2Nif2TAwx5bmEAidrBGbVl6g8t1YMbFnsbNiYf7dY+mP/TKV7AR3SLdPtE23S/c+55RUKqerOUn7D064+zEnFGpzU=
z7rzmbD1XJiYSPcbmFs0LfXzAOaVre/6hVnO1vbZ8mElic+xyKlzKGL3hRx1N0/uAfpvV4j74hItdhgvZayA2oR4WNkyEQkycgaXfRoOpLltnOMycgeWkPypx68qJF0PBpe2BsRTrEpNvuxre3xwNw3ItLJwy04SaznuEM4xTMB6avAIWeeu5tt0ZqxWClg/5W5HlYu7p8Y=
HUiIm1Mbo5jdnIEnDL2UsdG70I+EsA6KxURPr7Y22NeMyQs5SvgaglyK3nQIqlWRztwPmm7+Kgzo1eHQH5cnbacc
lVNjI0XONPtv5xGCpWc/5jT2+FW7pmre2fVRTaACL1wk9Ctky7Qv0xp+da09uqP0TzCEC7/z4tEWp2U=
8GqMcF3VTvbEMjvkdo0bQIYgOMJxdxrhIlhu8h+NTGC6inBoGUeuRpsU5kyWqlifJY7H9csbp2Y=
gX4Qedn42tiPoYyOgP3KtPXzAOaVre/6hVnO1vbZ8mElic+xyKlzKGL3hRx1N0/uAfpvV4j74hItdhgvZayA2oR4WNkyEQkycgaXfRoOpLltnOMycgeWkPypx68qJF0PBpe2BsRTrEpNvuxre3xwNw3ItLJwy04SaznuEM4xTMB6avAIWeip5tp0ZqxWClg/5W5HlYu7p8Y=
ec+xHBzwpjGTImNTbmFWuTT2+FW7pmre2fVRTaACL1wk9Ctky7Qv0xV5daw9uqP0TzCEC7/z4tEWp2U=
0h0UpdRtzZ50/81mGm8+wIYgOMJxdxrhIlhu8h+NTGC6inBoGUipRpoU5kyWqlifJY7H9csbp2Y=
A0mT86XNJyCn4GQ3NhyKd9G70I+EsA6KxURPr7Y22NeMyQs5SvgaglyK3nQIqlWeydwOmm7+Kgzo1eHQH5cnbacc
5VGvRTZyYMrEG+zYORgEj5en3PYHFtayhMpcKLGNxHu6MFndTmJQ2QVt+PodhieATxjErWoGwsQ+zknrpjuwar+nltfkmTALAKaZfzy6bKflx248wyXNnQEk/+qFwp4EsY0IcctbgG+fQNPZ2r1sqhdIYDq3sFxs85ZQcb92DN73vocVS9Dqgc6u3n4EYusLlmaykcLGBjcRFT4ytcgZrZf23XKfxYp/PtIdX2Var51Y+5jeJmS7yihG0inIPf/5Ok9RiOdP76/DxvMB3Aubg6Hp90180opsHeZOjpolV1AoF2nyjJ1gqRSuoeb1d0/UhtPTSqLRE3XiNEFQ1T1dgluw8rXn9LEy7fMXAkK1wIK6zeKYjdauf1iV/JOVZdWKMA/3uwmJkra7umG476PJDW/WZ32rkqbqA/5XK7a1XWFt9tCOVCx1JwtPCCgJMlVdUOpPvdEvH5nEKHh6biZYawknwh8ICBc03Bxhxfxu9uBYvp0aidjGDj7qgujIsUkED8OvqafY
PlS85Q63Y3bs8YAqOwP/XZl+rlLPBiAkbhZeVwaUbuMgHmY++3KJwpo9U6JzrWeeHnmdDr8YRn0xaXsGK9LTf8xxnUbAIH5FHbORpJmNQPzv2mKSlg9qycM9fqrQ9tcHnioV980SPE1l0eJ32Gf2QfvNPPePZKkdsAo9HBixzv3zzGeX3ZIda8Nu82XI3lCc0JBon96zctLO6wNgsfWt2qvgfT28mmgLmPiCheRSxJm58UzwInXs5z+U7RVgO3MaefoDNciau+IrKJ7FAroDkaHOFgjdrIrNryoSAMp+k9EfcqZz7cNdiCM7xJhoL0zulCTSZGtLqB32D+5wTM9qL1kOZiZvmEM6gjXM3E9DhJPeKDWa9a5BgfoIPQnBCqTEJisMpkxEwfwSPsab5NkzGf61dba86fDDD4xWkKwDWESefbx8OKOdYx3i1KnjOmyIdsQC7+FszKL+MAOvbd3Odes69mVJEvBBsrbpX8vN1DdNF0WURmcF08WpPnnpSizaXeYItLsd1xxY7KjCKK3s3yUcWjHoqZgQoV/Xr/MH2jNyk7ORPlvzNO2X44lwbhx37mFD9j2UHdcQj0KmA0HrD8JMb1lege5tfrDVBoEW7xKEZbLEjGjZVeN4Me/OVFdMX2Qbq5m5eRRJ6rcc81DYo0vDtknap6k=
roiAPiY+f/vL2kj6m1G1aqYEZEvL1vHWMRmOBEayMGdWFmPEOk98t4InuWneH44tOcSr/ea9JKE6GAp1DpI4jzX63Ztk/8E3Jy+l3uQ4wm5F7OYRJis3Qq3sZU/KS4DlmgpAlmzILN9Qeew7JLMQaV9JW22bLwP/DlRpY+wb6wSXg3thgRppl7DawVEWINYQ4KWhaeh/SPrYzg5oUhGy63rHYvemNjTK/mua95WxdDB2xq0NuGl/ePIJ54MDHxVUMRPgepX0NPlIlAsZE1rSMC+/eUAkH8+SLxcz6jEYz+XQRDMk5Ra7mRWTpjwWuiAxaa9/CfLNEfeQmE/iFcQZrBoePiuMmdsJptX9RoTpyDOH7A6AREMw9GZdtCzgI8UzFQJs2Uv6RJguZIpfmWw0EnaQ279FnWaFU1r+tZGSqJG6lpHvIw28J5X3zeR+Zz2jTUnmaYGKxGolxgBk450PzFCMEDKA7cTP/bzSgRCp4KAp/4+/28dyQ8pzu8Fm2ytk5bcbORgu9Ge2AcsGBZQlJ5jvGrbrAYO/OmxnCYYBtj12UG12KdbHAtzFOnT0aCHla9jp/+YU/7znBBN7QTkhxEHKz6wbkLCzkyM+OeKnkQ==
l61D/pvIXzsDNyz+Y+KuBO+9YNVtZDOeFueuzJoSRmYKXBQSfcm0FpFj/7Z+7s2/mlQWo9UukSTXVjfopRp70/eLeu1FEvsC/dPawJwkUOL05LOnfDTLBoDZCqjHE/xvMpWhcXk9Y0TzfVA+Wqsy8nCbdc06Mmym7UslBqEHCd7jB3P+wuc3donbg5EeS9n4vur7oD1M00Hsaus0KlJfZFhFUPDhTSkDmpvrqxm/7Lig+ifD/M3LJRrEVj4F1p15BRxjvFrQPMXu1rKHQ6cGvdCnU02CVPpxJB2ksTYsi6hDCeNAnaIEDSdkSt9ZbHSSNpAbP4WdJgUTWj41UZLoEXqWUW9jDfynVfcNZD5nfSONSSbpwYqE6uXGwOSjnc9MkIxQssDtBE89vJIBUKkgIOn/zz+bx7LDCnP7QSbb6+Slt1u52C405/YBi4bFlOWn2O9aNisBQz96bCeJRgH2vTZQrfbp1oeCnMX69DRoYWUr2Cl/JhS/PKcE0/uBOWFEgcoPLFuQ8DNTI/65oqfR
WYuLiarc6jZDWQtipRYZQlqx+kifPJNZyHKlMnTwpCs591BZNwyE/dZyuDP8LnagWH4dUYgYRk4+KgIoyPHJxA+DL2mnGA==
bVCEcWEb4CHFRQG0nrNJqdwQhTciQTjkAUAZ/O2HtNjfOL8yMVDlYE5PbdvAxRynbw==
RvyGlrfOHupmtLA86YnX4DT2+FW7pmre2fVRTaACL1wk9Ctky7Qv0x54daw9uqP0TzCEC7/z4tEWp2U=
RGiaEScWiro1eUCodWTe5IYgOMJxdxrhIlhu8h+NTGC6inBoGUOoRpoU5kyWqlifJY7H9csbp2Y=
+U0AxmQE20llUIaBQPfZU3M1mRjFp93noeDaZE02kZyGhEg/f/eJC6qevwaHPwDAybzEWmB9AfUsh/dWcHt+oPQd7CSSlgCcge9oYpJoNtguZjibTVJ3QRN3pwI=
nD/EOu44/IO/svuBv0akpgNa5PIeq3ADdE8tZlrmybgZBhoS2M3LiTHhBvgfpOOR6Hq1CjQINKPZv2BBNxS0tTb6KMu8FmaoeLZtyQiAtgYeIhIQCIlZTG9LH3GnAA==
gVpEK0LmNeANSsx8lGvbVCppy9cvmVEZQ08tZlrmybgZBhoS2M3LiTHhBvgfpOOR6Hq1CjQINKPZv2BBNxS0tTb6KMu8FmaoeLZtyQiAtgYeIhIQCIlZTG9LH3GnAA==
JE6NYKx53z7fM9FXuZUGnxd+YCxRRiViWuLBrAkSMvb4qeNdYbXOPF9gK8W4rh1ulOycN0kr6MW3kDwhpm6ALxxyznwo4qUNSER+Uk72OnQobXFYf18XdacE
5vhID7ZXjrtiIkPTrbUFE/aEJ1eNrSoBhh6IHc/VDwesVF1eWt65kPkuSkoYFZvhkQm2gJ9cU/lIkmVSdNDki7mXkHk3LESdVtL4E/xOtkDY3t0xiPgG7r5KQsjI0Qlkj2NvSac4
7/9TaFaRZUkrh8BHTEJM8jfV4vL36NM2V8nVOpp5U2epHx8aHX/Ntemwg0BOVRSlRuRRb28l1JRFTytcOzqu3ahyWBdPYmB6teI6BHXYVcwx70CY6xDjwn1I0cDaN2GLfG1Ipzs=
+T7odJ18Olb3Cp64Enc/tJAnVndW43+fYmhmUrrMWyCS/R/6k3pFUlrSoZzJwlJmeDlDDaFF7kxfkAu1+H69/hR8fGcJGwj1t6DcEeY+YL+c4m6saJKF/Ug0XqKOpprkqP0RiL9vd0WnNA==
VY+AXf+4OH3ahmrfHiGxA+3Gqw31jDM+uon+BXMQWs7wtWUvJQdpky/bDlCkP+wtk6yVAxsnDAn68zVKXpu4hRL0S6RrNI+T/nhVbF06wzRvMGRLX3NCEXanBQ==
