+sIIVVmfahK/6TYCc/oZj2LNyvtPWbqywF92CWuKiv1VyjIoMoTxGFyNhJJo/WO99dc4sYqNDuQhgLl8TUeQ27/327JWkIVgLo8NW6AFfKcP
m92537weLeEfilWHTlxxm/lwwgb8JdZY4irifMFq1PMIPn9Y03kB8ZihUpYeo5RTaaQ7EjFkC0FJCdIpfj4XnI/QUFtu/y4sdWZS3nSMpkWAz3k3oYSSxMIWqv3Oy++U8NXa6Sr0i1cdO1FX2OcYO3mVTPsBcOe/CR0yfj4jZKlpko8Ur7M6R8jyIVGpmyhkZR2sIZxptBi/0oNGTYZObZggPijrsUnw+/vsBNWYNUzRL+ubi1/HQloIscB690ELHC3op5s=
zqWSy/gzuLDhorTzdG+ka/lwwgb8JdZY4irifMFq1PMIPn9Y03kB8ZihUpYeo5RTaaQ7EjFkC0FJCdIpfj4XnI/QUFtu/y4sdWZS3nSMpkWAz3k3oYSSxMIWqv3Oy++U8NXa6Sr0i1cdO1FX2OcYO3mVTPsBcOe/CR0yfj4jZKlpko8Ur7M6R8jyIVGpmyhkZR2sIZxptBi/0oNGTYZObZggPijrsUnw+/vsBNWYNUzRL+qbi1/HQloIscB690ELHC3op5s=
jqL6+DJf9iQ8DmMRue1sz9/4242Yog+Y1FQMv6lj2N23iAxpRuYQl1yK3nQIqlWWytwBnm75Kgzo1eHQH5cnbacc
1UiT6r4SyNuqxN0Zdn8ebJAnVndW43+fYmhmUrrMWyCS/R/6k3pFUlrSoZzJwlJmeDlDDaFF7kxfkAu1+Hq/8BR8fGcJGwj1t6DcEeY+YL+c4m6saJKF/ko0UaaOoZrkqP0RiL9vd0WnNA==
VTnnfbCccUAZQKExzZN/tTfV4vL36NM2V8nVOpp5U2epHx8aHX/Ntemwg0BOVRSlRuRRb28l1JRBTSVcOzqu3ahyWBdPYmB6teI6BHXYVcwx70Oa6x/nwnpI0cDaN2GLfG1Ipzs=
SqQhGWvTvkthFTZizj/TL/aEJ1eNrSoBhh6IHc/VDwesVF1eWt65kPkuSkoYFZvhkQm2gJ9cU/lIlmdcdNDki7mXkHk3LESdVtL4E/xOtkDY3t0yivgJ6r5NQsjI0Qlkj2NvSac4
R8iAsETis0fadb6oCYJJhBd+YCxRRiViWuLBrAkSMvb4qeNdYbXOPF9gK8W4qh9glOycN0kr6MW3kDwhpm6ALxxyznwo4qUOSkRxVk7xOnQobXFYf18XdacE
KPsv9g7A1iBILSFqyxUJiSppy9cvmVEZQ08tZlrmybgZBhoS2M3LiTHhBvgfpOOR6H63BDQINKPZv2BBNxS0tTb6KMu8FmaoeLZtygqAuQIeJRIQCIlZTG9LH3GnAA==
kSKrFaadr6WLFb6sgPo0fQNa5PIeq3ADdE8tZlrmybgZBhoS2M3LiTHhBvgfpOOR6H63BDQINKPZv2BBNxS0tTb6KMu8FmaoeLZtygqAuQIeJRIQCIlZTG9LH3GnAA==
nu5ftN4AwLeaA3XNoAa4OHM1mRjFp93noeDaZE02kZyGhEg/f/eJC6qevwaHPwDEy7LEWmB9AfUsh/dWcHt+oPQd7CSSlgCcgexqYp1sNt8uZjibTVJ3QRN3pwI=
iOj4SRzSuEET8ssK4FEYZflwwgb8JdZY4irifMFq1PMIPn9Y03kB8ZihUpYeo5RTaaQ7EjFkC0FJCdIpfj4XnI/QUFtu/y4sdWZS3nSMpkWAz3k3oYSSxMIWqv3Oy++U8NXa6Sr0i1cdO1FX2OcYO3mVTPsBcOe/CR0yfj4jZKlpko8Ur7M6R8jyIVGpmyhkZR2sIZxptBi/0oNGTYZObZggPijrsUnw+/vsBNWYNUzRL+Oai1/HQloIscB690ELHC3op5s=
PfVmWa7oLLAWU0RforLc9b2f6Ge1+Gk7hIYY8NQBaIT4XqSaFyonc+Q6SzQ161DvcrAKre/uF0lsXx3BmiW6fM165aADjadDD6PlwJO7oKGZE0k0fq76wyoy7m8ZT/BRPD0yUsi+aTroALZOS6Dl6Q6/0q959J1m8U63sjUi4HZI/TdcjNPoqrWhTP54o9gpBDYnsfbzFepMGU6vuxSqJ/9lxNT8nNAuhGr4u8j+4tsVbHUzrZ29x1YbjtiYjbPkg1C+tDRjC+1IGV3ikOlfciaN1K5fMw19srt7T4O40GeT/wPxCPWP+uq26/5ueG19wZA+NB6urp2KExOEXJ2+ac48J0dhY5W33F9ES9WdqDsl+IsP1eW2Xnp7WDmFWisUC3vW1/SqZXEtY/TUCZWI4XhhGGjjaoemid4yfTTo2qiP+eXgByOoZNEg6bx9J4bar9cr8gZwNeC+L32bcGVMpz8=
kJ3tsm6DGMk4srLLkQSOStGXXavjg/YhKJHSbco4MZnBHcB1XrrhFZRr3ccQ/rQ6JCJnoqp+WEq7UrPTEOJnRCnDpC/G2JYdAzYjKXhn8REmTS78WZJZ8G+1s6M7+4lwD1MU4e07VcRS9o5jvspCP2Vn5FEoFU4CZEb9mpxYmr5XiJGpuldOHxWsqYbldtviicp09tyVi4xg6/zKgXmgTuTLbOnwHjvB2ivhSthh4n9HPL4n6004BFDkRI5wstTL1NYWG6EE6YNBRYmnQiNiCCTlJ2QXuALkWFsfDXxBMVIMAesyUqXIXnNred0mQ9cf/5DEZ4fXf6GkDRtanu7HDnJQGT11eKKEcvaafZ4rf9TgdSrpWlSbl41bgdfoh6j7SfUc+9HQl3/5PUL+7gP06XlyPxQfUyoHWNLx0dm72KQVvXwhzAmE2A+ys8ad5t6tiIBOKBsRWbBrG7yE5XiFDOHPMprb/zcCKihBQCrX0csMTVinKw==
FzXwIyx4mPObJp8DwDwNrjlGIeC1EDzYSNQ4/4JIBu/ScyUyzRWz+TTmSCooKmOirnZUWkdKl/N0mjt05Qtg7wKQ2m1fjofJnP9NgarFqnzdGtVg0y3Xw59DVYDDm1ChqXMZ9I4OakOa0j4vaW/gUSwdQhIYXtm6eKBGjhvA1en+n4LvyRQN5oHuZ3IFQvB2WB0HHNxzGColwfw+qIOoKTTW9/GGU4Vq/Hkeb0s0uifvRTQUrPxgrhTKiPsYHtLbZUyl8x39LUemu96YqG2j5JMwjnTkw3tt2PntosDJr3IW7YRur5Od/QJbqw/zmMBng99zsdgVP3p6Fhs+PhhdfTGwbnSuTj4d+rPDRGz9rmne3BcHMcNlN0w/9IsFvdg7FRhbT6VFJt7KGwj5dXo7FBtbJhekytXxvcOElNl1uOEIQcioUwoXJnl+Yj0ECMqon5nVINeD2ORBwFn8LQd22p+3ezL20KVgDs+t2wBFXKcv
JeKA0673WokFZhtNlu4GQCtpxtNgj03Bf1h28g6Du4fMsUS9FGtORnT8m0lY7MiMneN/5yqVKW5gnPGR7Wptc4PZHGiQStSycxwLQmEinMptc5HsKbYQH4AR2zcg+WMQSfNROTc9RtmgchIFItFyspaWudtljeu4OtYeTLwA3pzEQ9YtV9jo/W0TIjgjy2LhNUvZsUyYVVedvjKRSxljclLpZzqvi4AtQotGqYjfx/EI0csAdmo3rJO2/yspefTxq1AEpjqRQAUdMCWFWxo+Sb8MwtM3qwq+nWblLynswwo+U+cWdYxlmWsUUocUDEIXzp6tlMrh8F/gZWW3YSRodfudSSsWSHOQXe6/0V1DV8yLu0sQArRr9AudBiepj3XMnOjUTjEZA6X0vpmAAVMosOM7ce37h+xi5AwedGxF0d1OucgqE0qUtt0TLJziLuAk8VXq2u3U1mde3vijPWqXeWNPpzo=
bnvX+OEWS4uDpJft3aGBhStpxtNgj03Af1h28giNp5jGrES9FG5EQGnkm0lY7MiMneN/5yqVKW5gnPGR7Wptc4PZHGiQStSycxwLQmEinMptc5HsKbYQH4AR2zcg+WMQSfNROTc9RtmgchIFItFyspaWudtljeu4OtYeTLwA3pzEQ9YtV9jo/W0TIjgjy2LhNUvZsUyYVVedvjKRSxljclLpZzqvi4AtQotGqYjfx/EI0csAdmo3rJO2/yspefTxq1AEpjqRQAUdMCWFWxo+Sb8MwtM3qwq+nWblLynswwo+U+cWdYxlmWsUUocUDEIXzp6tlMrh8F/gZWW3YSRodfudSSsWSHOQXe6/0V1DV8yLu0sQArRr9AudBiepj3XMnOjUTjEZA6X0vpmAAVMosOM7ce37h+xi5AwedGxF0d1OucgqE0qUtt0TLJziLuAk8VPq2ubV1mde3vijPWqXeWNPpzo=
3I1KdJ22mGSQEvw2Lj39oStpxtNgj03Af1h28g6Du4fMsUS9FGtORnT8m0lY7MiMneN/5yqVKW5gnPGR7Wptc4PZHGiQStSycxwLQmEinMptc5HsKbYQH4AR2zcg+WMQSfNROTc9RtmgchIFItFyspaWudtljeu4OtYeTLwA3pzEQ9YtV9jo/W0TIjgjy2LhNUvZsUyYVVedvjKRSxljclLpZzqvi4AtQotGqYjfx/EI0csAdmo3rJO2/yspefTxq1AEpjqRQAUdMCWFWxo+Sb8MwtM3qwq+nWblLynswwo+U+cWdYxlmWsUUocUDEIXzp6tlMrh8F/gZWW3YSRodfudSSsWSHOQXe6/0V1DV8yLu0sQArRr9AudBiepj3XMnOjUTjEZA6X0vpmAAVMosOM7ce37h+xi5AwedGxF0d1OucgqE0qUtt0TLJziLuAk8VPq2ubV1mde3vijPWqXeWNPpzo=
KgpBs9f6W/ymzWyGwBZiBFOZQ4R7vttmQdEo37trjlkYduUYpl+snvgEcsrGMuXubSPO3nk8N/+6zxjkyGVdir3Z5ttvaXjx8DyHrgeIcYmtUyXH1whR78oBc4fLvMxKUJNg9hxHe1v6UTYpUHo6eiNqQuQExsk0D0lk6xBnS5C3dvtKxZrX9qo2AinV9P5XYjofxf42uveyCe4iJbnEFz+6Bt28B9mAIKd18aZ8Dliafq6OyrPK6gj7fzi3+x/5F1fcn/xweln5pMmEXJxGZwH9Yn1vKlK9NdLMGVYm7denLfh/iWfhrNpnmeth2foxxapAUll27OyH3avE/PwsyoSNgBdhrL5J9CmE6MXvE+cfJ3Y79oMXycIbz+yJB+cBnA4wv6qR586hlIHvtH8Gbi8hB4fG3AuBYsESNdqgUQ4tNgNaQNXWPJDoxS0HyHUnonT7RNt0v3PqekVIqHq0lJ+w9OuPsxJxRqc1
4Zd5IUd0DggNS9qbMEfMMFqx+kifPJNZyHKlMnTwpCs591BZNwyE/dZyuDP8LnagWH4dU4kYQks+LQIoyPHJxA+DL2mnGA==
wU7XZjIikjtD6Lxz59ew6+3Gqw31jDM+uon+BXMQWs7wtWUvJQdpky/bDlCkP+wtk6yVAxsnDAn68zVKXpu4hRL0S6RrNI+T/HlVaFg6xDRvMGRLX3NCEXanBQ==
