Waen/1Lc+w9ob4/v1hXU3WLNyvtPWbqywF92CWuKiv1VyjIoMoTxGFyNhJJo/WO99dc4sYqNDuQhgLl8TUeS37/927JSkIVkLo8NW6AFbKML
psJsDu8pnI1YhoX+JtagD/lwwgb8JdZY4irifMFq1PMIPn9Y03kB8ZihUpYeo5RTaaQ7EjFkC0FJCdIpfj4XnI/QUFtu/y4sdWZS3nSMpkWAz3k3oYSSxMIWqv3Oy++U8NXa6Sr0i1cdO1FX2OcYO3mVTPsBcOe/CR0yfj4jZKlpko8Ur7M6R8jyIVGpmyhkZR2sIZxptBi/0oNGTYZObZggPijrsUnw+/vsBNWYNUzRL+Wfi1XHQl4IscR690ELHC34o58=
mqOmxwUOV8YGxlMlyzil1Plwwgb8JdZY4irifMFq1PMIPn9Y03kB8ZihUpYeo5RTaaQ7EjFkC0FJCdIpfj4XnI/QUFtu/y4sdWZS3nSMpkWAz3k3oYSSxMIWqv3Oy++U8NXa6Sr0i1cdO1FX2OcYO3mVTPsBcOe/CR0yfj4jZKlpko8Ur7M6R8jyIVGpmyhkZR2sIZxptBi/0oNGTYZObZggPijrsUnw+/vsBNWYNUzRL+Sfi1XHQl4IscR690ELHC34o58=
UoI6Mm6LBQNvU2P/Yao4IN/4242Yog+Y1FQMv6lj2N23iAxpRuYQl1yK3nQIqlWez9wLnm79Kgzs1eHQH5cnfaMY
26UQ131uADQiAQMToON0E+h+Czw6WN1Ew/SBRsd13/KX5Vxl5yUlzKLT5VEQND3qOMOMoW/kMCYGt77cn5hB1gBzcM9VKbwUxsA7SUEZBHXTrZ+e9pBR+0JCDaOQPpiujGh5qosd3eMQxiAmZLwcY7IXlM8lvm5h0wQhj9cr3rcplhIaqRzbvloIX4Rxzsnsd9dmMGmToiY9nBQ20zOTxT2k6xjkB/6c7Py3TXZgeBYm4jVGzyyPA2+6tgTHhRyNmPTLpOs0D5N1f9Vp2TpANO805Evfc8IR5qOB
3sCrA26Jboh4TLXl8oawhg+ewy7QctQXm2e4PG6j4S089FFSWkiV6tFhsyP8LnagWH4dWo8YQ0o+KQIozPHJxA+DL3mjHA==
LSjRWMk5uR6cj/EMid5WQg6ewy7QctQXm2e4PG6j4S089FFSWkiV6tFhsyP8LnagWH4dWo8YQ0o+KQIozPHJxA+DL3mjHA==
vrlhaie3eBZoDGBjPzUxng2ewy7QctQXm2e4PG6j4S089FFSWkiV6tFhsyP8LnagWH4dWo8YQ0o+KQIozPHJxA+DL3mjHA==
6OfGVYxuVs5XWMuebmddAAyewy7QctQXm2e4PG6j4S089FFSWkiV6tFhsyP8LnagWH4dWo8YQ0o+KQIozPHJxA+DL3mjHA==
Mo+w8bK8Aj2KSaZTUB4dgAuewy7QctQXm2e4PG6j4S089FFSWkiV6tFhsyP8LnagWH4dWo8YQ0o+KQIozPHJxA+DL3mjHA==
4K17ywPieNa/3x4igDiRNwqewy7QctQXm2e4PG6j4S089FFSWkiV6tFhsyP8LnagWH4dWo8YQ0o+KQIozPHJxA+DL3mjHA==
ntgR8EM1pjZJgGKofpvJuQmewy7QctQXm2e4PG6j4S089FFSWkiV6tFhsyP8LnagWH4dWo8YQ0o+KQIozPHJxA+DL3mjHA==
mjNDCDy6BMAyhxr8ATHm3wiewy7QctQXm2e4PG6j4S089FFSWkiV6tFhsyP8LnagWH4dWo8YQ0o+KQIozPHJxA+DL3mjHA==
DPq5ssigkaj2iPjdAuEQSAeewy7QctQXm2e4PG6j4S089FFSWkiV6tFhsyP8LnagWH4dWo8YQ0o+KQIozPHJxA+DL3mjHA==
zbc5XHuEhi/3ZEy1u4x7Hgaewy7QctQXm2e4PG6j4S089FFSWkiV6tFhsyP8LnagWH4dWo8YQ0o+KQIozPHJxA+DL3mjHA==
AmNAQRjPYEDoTc+Vf7/PEhBSS7XdgKOGIK9KZleW2gtyENF3cTqp9w21fJ0Y1Adsz6QLC0m/KXFdKiR8I9Tow/sDhil6ox0=
d1Boflv9H8JrYq36u2KiDRFSS7XdgKOGIK9KZleW2gtyENF3cTqp9w21fJ0Y1Adsz6QLC0m/KXFdKiR8I9Tow/sDhil6ox0=
CaCyHHtEbUN0lqlcQaaOHhJSS7XdgKOGIK9KZleW2gtyENF3cTqp9w21fJ0Y1Adsz6QLC0m/KXFdKiR8I9Tow/sDhil6ox0=
NNOK3Z/qkkcgPranC81ZkxNSS7XdgKOGIK9KZleW2gtyENF3cTqp9w21fJ0Y1Adsz6QLC0m/KXFdKiR8I9Tow/sDhil6ox0=
4RbvRHbJXXpv2X30j6dgZRRSS7XdgKOGIK9KZleW2gtyENF3cTqp9w21fJ0Y1Adsz6QLC0m/KXFdKiR8I9Tow/sDhil6ox0=
U4nUp9CPWGwIukpAi0RNERVSS7XdgKOGIK9KZleW2gtyENF3cTqp9w21fJ0Y1Adsz6QLC0m/KXFdKiR8I9Tow/sDhil6ox0=
FoYj7H6leZiA2clooLuYOxZSS7XdgKOGIK9KZleW2gtyENF3cTqp9w21fJ0Y1Adsz6QLC0m/KXFdKiR8I9Tow/sDhil6ox0=
trxdowSLMyzJL8zHv7vDKxdSS7XdgKOGIK9KZleW2gtyENF3cTqp9w21fJ0Y1Adsz6QLC0m/KXFdKiR8I9Tow/sDhil6ox0=
Naxw7ILmYT5o5e0zo4MVRRhSS7XdgKOGIK9KZleW2gtyENF3cTqp9w21fJ0Y1Adsz6QLC0m/KXFdKiR8I9Tow/sDhil6ox0=
G/Oq+NbQxfQ6XcfDX+keaxlSS7XdgKOGIK9KZleW2gtyENF3cTqp9w21fJ0Y1Adsz6QLC0m/KXFdKiR8I9Tow/sDhil6ox0=
ykbVxDGC4nJLl2+UMjqDuhBRS7XdgKOGIK9KZleW2gtyENF3cTqp9w21fJ0Y1Adsz6QLC0m/KXFdKiR8I9Tow/sDhil6ox0=
viBAFWJyPE0TeklKDuTdzRFRS7XdgKOGIK9KZleW2gtyENF3cTqp9w21fJ0Y1Adsz6QLC0m/KXFdKiR8I9Tow/sDhil6ox0=
zdkh5K7+yQxBymKaq3mMzRJRS7XdgKOGIK9KZleW2gtyENF3cTqp9w21fJ0Y1Adsz6QLC0m/KXFdKiR8I9Tow/sDhil6ox0=
1uSLScE+DzZm93Mg8b0LZxNRS7XdgKOGIK9KZleW2gtyENF3cTqp9w21fJ0Y1Adsz6QLC0m/KXFdKiR8I9Tow/sDhil6ox0=
LGoobE+VjvVT6MltzW2skikFhbdm5hhiED4MWyvL4NAOT3mBjHjJ3trEDWZhzSvPnMIuDOgyxRZPVJsGDgVaxKwd0eg/jzd1oxA=
2V9g90J+AZEGySrofsRIQZwFinpShUtEvq4hDSOE/4nRUkElUpK3nMVBh6C58gJnOILtBiBPQPjTQ6t6c0OPXc7Z4sQ9iL1sqX/TH3OFfyLWGBkEkkdJa0QdYKMH
kVr31/mOX2wXmV8Jqd1M2B4j8dh6Wq7NEcBvPnR/Po4LNmaj5mAl7/26JW95Reg1pHTbBDv037MFf2WJCfoQVP+0FKvvM7IxdqMR
7q96qKcrJ+Jox7892oQY3h8j8dh6Wq7NEcBvPnR/Po4LNmaj5mAl7/26JW95Reg1pHTbBDv037MFf2WJCfoQVP+0FKvvM7IxdqMR
LGbwqI6HVL5DLrHeYQW/P/aLvQ4NLLndlWI5kNmhzVqpQJeuzN9WXkN2rtPOQD0f5bo9H2FlwMXstBNU01RnI33/3RnxmriEt3RcmwdTqgFuowk=
y3caAnH5LUhsP7iJ3+Rmw/eLvQ4NLLndlWI5kNmhzVqpQJeuzN9WXkN2rtPOQD0f5bo9H2FlwMXstBNU01RnI33/3RnxmriEt3RcmwdTqgFuowk=
FEQ/dpMDb5I9EhxqudBvYCgFhbdm5hhiED4MWyvL4NAOT3mBjHjJ3trEDWZhzSvPnMIuDOgyxRZPVJsGDgVaxKwd0eg/jzd1oxA=
Itu0tZBsjJhVKAtXuNK2qSsFhbdm5hhiED4MWyvL4NAOT3mBjHjJ3trEDWZhzSvPnMIuDOgyxRZPVJsGDgVaxKwd0eg/jzd1oxA=
N+Qjdz1aRUBFSx7xfGer6yoFhbdm5hhiED4MWyvL4NAOT3mBjHjJ3trEDWZhzSvPnMIuDOgyxRZPVJsGDgVaxKwd0eg/jzd1oxA=
Eiuj/z3/PL8dDG+p6p2ZPS0Fhbdm5hhiED4MWyvL4NAOT3mBjHjJ3trEDWZhzSvPnMIuDOgyxRZPVJsGDgVaxKwd0eg/jzd1oxA=
K2bBDyh7w4UlV5DGMkTWOhRRS7XdgKOGIK9KZleW2gtyENF3cTqp9w21fJ0Y1Adsz6QLC0m/KXFdKiR8I9Tow/sDhil6ox0=
mBVWp2vkbqhkF0mjB3A//RVRS7XdgKOGIK9KZleW2gtyENF3cTqp9w21fJ0Y1Adsz6QLC0m/KXFdKiR8I9Tow/sDhil6ox0=
KQDxv3aL6H4xOdv/KH00NBZRS7XdgKOGIK9KZleW2gtyENF3cTqp9w21fJ0Y1Adsz6QLC0m/KXFdKiR8I9Tow/sDhil6ox0=
0Y20w0o/ano+Q7qV5q54hxdRS7XdgKOGIK9KZleW2gtyENF3cTqp9w21fJ0Y1Adsz6QLC0m/KXFdKiR8I9Tow/sDhil6ox0=
CYKDfjdXorwEzLTbJ8BydxhRS7XdgKOGIK9KZleW2gtyENF3cTqp9w21fJ0Y1Adsz6QLC0m/KXFdKiR8I9Tow/sDhil6ox0=
J7w0hlURAZINyfkrFvbk1EUR8Y5UYAfGFXn3oImS0qdIYl2GsO8QOOMju3pjo78dHnlyRI3oTSz5n+Mfg6Uv4ma46YQCpxkrtD1woxc=
pcCTeKkClar1PXg358nYtBlRS7XdgKOGIK9KZleW2gtyENF3cTqp9w21fJ0Y1Adsz6QLC0m/KXFdKiR8I9Tow/sDhil6ox0=
v+r/aOMj+Svf9MVHj78OohBQS7XdgKOGIK9KZleW2gtyENF3cTqp9w21fJ0Y1Adsz6QLC0m/KXFdKiR8I9Tow/sDhil6ox0=
M3t/XSeZ/mkHOn2MeybJvhFQS7XdgKOGIK9KZleW2gtyENF3cTqp9w21fJ0Y1Adsz6QLC0m/KXFdKiR8I9Tow/sDhil6ox0=
9GTxxqY0+uoxV3oLW0gtghJQS7XdgKOGIK9KZleW2gtyENF3cTqp9w21fJ0Y1Adsz6QLC0m/KXFdKiR8I9Tow/sDhil6ox0=
DPHWmCb5LYycHrAAm/NBUxNQS7XdgKOGIK9KZleW2gtyENF3cTqp9w21fJ0Y1Adsz6QLC0m/KXFdKiR8I9Tow/sDhil6ox0=
n1ZmTIiHfWyz2E3qs0vjOBRQS7XdgKOGIK9KZleW2gtyENF3cTqp9w21fJ0Y1Adsz6QLC0m/KXFdKiR8I9Tow/sDhil6ox0=
Agg1wpcB0hRXrx2rb/XPxBwj8dh6Wq7NEcBvPnR/Po4LNmaj5mAl7/26JW95Reg1pHTbBDv037MFf2WJCfoQVP+0FKvvM7IxdqMR
4aCzw5qOOWAhFtxSYaBfZ/SLvQ4NLLndlWI5kNmhzVqpQJeuzN9WXkN2rtPOQD0f5bo9H2FlwMXstBNU01RnI33/3RnxmriEt3RcmwdTqgFuowk=
g/hNIHJAoyprZA/RMNWjmiwFhbdm5hhiED4MWyvL4NAOT3mBjHjJ3trEDWZhzSvPnMIuDOgyxRZPVJsGDgVaxKwd0eg/jzd1oxA=
IXpIh7Q0DPyVcEnZ32RoRy8Fhbdm5hhiED4MWyvL4NAOT3mBjHjJ3trEDWZhzSvPnMIuDOgyxRZPVJsGDgVaxKwd0eg/jzd1oxA=
MuaDjg0LHL/eP2r32TYpXC4Fhbdm5hhiED4MWyvL4NAOT3mBjHjJ3trEDWZhzSvPnMIuDOgyxRZPVJsGDgVaxKwd0eg/jzd1oxA=
JA+0oW52K/eXDByiApp83iEFhbdm5hhiED4MWyvL4NAOT3mBjHjJ3trEDWZhzSvPnMIuDOgyxRZPVJsGDgVaxKwd0eg/jzd1oxA=
t/gr3Fe2NTNEAmSuCeWlkiAFhbdm5hhiED4MWyvL4NAOT3mBjHjJ3trEDWZhzSvPnMIuDOgyxRZPVJsGDgVaxKwd0eg/jzd1oxA=
0R5pnsDX0vetsm2FxRXtAh5g/M9gWqvOEcBvPnR/Po4LNmaj5mAl7/26JW95Reg1pHTbBDv037MFf2WJCfoQVP+0FKvvM7IxdqMR
2eqrx1svXnA0ph1cT+pg5Yi5Iw03ga37LxQJwKb5fie37A8gMQKqB+Aylcb4H3gY+1OjentTpz32CbqExTjljAEPW5/7NZeCjuihREqXMUusDWijDw==
0wQ716T2oTMZTqlfF7OlHom5Iw03ga37LxQJwKb5fie37A8gMQKqB+Aylcb4H3gY+1OjentTpz32CbqExTjljAEPW5/7NZeCjuihREqXMUusDWijDw==
EN7YS5L9uzNQMZgkkvMqWikfg7V99BhiED4MWyvL4NAOT3mBjHjJ3trEDWZhzSvPnMIuDOgyxRZPVJsGDgVaxKwd0eg/jzd1oxA=
X8TJpAP9VA6bfLj5h7AkECkfg7d6/hliED4MWyvL4NAOT3mBjHjJ3trEDWZhzSvPnMIuDOgyxRZPVJsGDgVaxKwd0eg/jzd1oxA=
QXq6Jg2yL3xaiXMNGOsE/p0FinpShUtEvq4hDSOE/4nRUkElUpK3nMVBh6C58gJnOILtBiBPQPjTQ6t6c0OPXc7Z4sQ9iL1sqX/TH3OFfyLWGBkEkkdJa0QdYKMH
GhTSIqvIQuKCdifsKyWJbFqx+kifPJNZyHKlMnTwpCs591BZNwyE/dZyuDP8LnagWH4dWo8YQ0o+KQIozPHJxA+DL3mjHA==
UyuMOb/dbzRNnTwdFXyTfVqx+kifPJNZyHanPHTwpCs591BZNwyE/dZyuDP8LnagWH4dWo8YQ0o+KQIozPHJxA+DL3mjHA==
7QiHtG0l2vnAMDwVaQRLlJdW/wLJQ/Agt/t9Y47JX////zl11i4dZHk0Y7RjFLdDjf/tOaFayCQH9Mz71xOaIX6jGQ==
eAorroVmNpGYxTbJqSc5WZAnVndW43+fYmhmUrrMWyCS/R/6k3pFUlrSoZzJwlJmeDlDDaFF7kxfkAu1+Hq/8BR8fGcJGwj1t6DcEeY+YL+c4m6saJKF9080W6aOpZrkrP0RiL9vd1WjMA==
nkKm10b95mQm/+2PtUllZjfV4vL36NM2V8nVOpp5U2epHx8aHX/Ntemwg0BOVRSlRuRRb28l1JRBTSVcOzqu3ahyWBdPYmB6teI6BHXYVcwx70qf6xXnwn5I0cTaN2GLfG1Yoz8=
rbR5VFTFiW0rMETuhyesqvaEJ1eNrSoBhh6IHc/VDwesVF1eWt65kPkuSkoYFZvhkQm2gJ9cU/lIlmdcdNDki7mXkHk3LESdVtL4E/xOtkDY3t07j/gD6r5JQsjM0Qlkj2NvWaM8
joqJJm2Y9RvCNGYl0rk6zRd+YCxRRiViWuLBrAkSMvb4qeNdYbXOPF9gK8W4qh9glOycN0kr6MW3kDwhpm6ALxxyznwo4qUHT0R7Vk71OnQsbXFYf18XZaMA
PBNAZ47f/UDS2YqMFlhlxyppy9cvmVEZQ08tZlrmybgZBhoS2M3LiTHhBvgfpOOR6H63BDQINKPZv2BBNxS0tTb6KMu8FmaoeLZtww+AswIeIRIQDIlZTG9LH2GjBA==
ujktfvcESb4+GZxCaiUkagNa5PIeq3ADdE8tZlrmybgZBhoS2M3LiTHhBvgfpOOR6H63BDQINKPZv2BBNxS0tTb6KMu8FmaoeLZtww+AswIeIRIQDIlZTG9LH2GjBA==
7fr2JM6NLozGFZzFQhrzX3M1mRjFp93noeDaZE02kZyGhEg/f/eJC6qevwaHPwDEy7LEWmB9AfUsh/dWcHt+oPQd7CSSlgCcgeVvYpdsNtsuZjybTVJ3QRNnowY=
QgeawZkfPx3+DnHz9R5ij/lwwgb8JdZY4irifMFq1PMIPn9Y03kB8ZihUpYeo5RTaaQ7EjFkC0FJCdIpfj4XnI/QUFtu/y4sdWZS3nSMpkWAz3k3oYSSxMIWqv3Oy++U8NXa6Sr0i1cdO1FX2OcYO3mVTPsBcOe/CR0yfj4jZKlpko8Ur7M6R8jyIVGpmyhkZR2sIZxptBi/0oNGTYZObZggPijrsUnw+/vsBNWYNUzRL+qfi1XHQl4IscR690ELHC34o58=
4ZrOFGs254QKQXngolT76CQVmou4r6m0W79FdGifcONJZW5CJ8pxvrxqJIpGubMiqDRNc37jfHnnblFCqrAcXxGQxQI5oJ97qr6WzRjRZ3YSWcqeaffxmVT8TkUftYRa/8h6Wnz3/jOwDjKjHdhYocUbxDcjgz1j5j7QwnfHCeymu69IZ7ZvBDhU6nnnaMkTRBRdPNSP+w8jpIxWlbY2k0ZUxzXSlCCKR0IIvD+30Qjy1U9Iuk/P+EMGIC63QQZaWdByxL2IPWwpf1ob84T/IlYYmQQSR8lrxB3go4c=
+10AWYf1EVKuv2npaslA2TT2+FW7pmre2fVRTaACL1wk9Ctky7Qv0xx7dag5uqD0TzSEC7/z4tEGo2E=
3g+z5ptKJWRTlZhQ65TGk4YgOMJxdxrhIlhu8h+NTGC6inBoGUGrRp4Q5k+WqlyfJY7H9csLo2I=
SrNwgXOvJA4q5h0e+b34aNG70I+EsA6KxURPr7Y22NeMyQs5SvgaglyK3nQIqlWXy9wKnm79Kgzs1eHQH5cnfaMY
Sa7lAlkgdn52C7WCKh+xr1qx+kifPJNZyHKlMnTwpCs591BZNwyE/dZyuDP8LnagWH4dVIsYQko+KQIozPHJxA+DL3mjHA==
fmI63HyRz11dJKJUkyTaFdwQhTciQTjkAUAZ/O2HsdvfPLsyMlDlZE5PbdvAxQyjaw==
mmP/nt8nJQnuk5S6NzluHjT2+FW7pmre2fVRTaACL1wk9Ctky7Qv0xt7dag5uqD0TzSEC7/z4tEGo2E=
DpdwTaziPlDKJgyxXvMnWIYgOMJxdxrhIlhu8h+NTGC6inBoGUarRp4Q5k+WqlyfJY7H9csLo2I=
wv91wFAtqlknmMu+hPuB2XM1mRjFp93noeDaZE02kZyGhEg/f/eJC6qevwaHPwDAybzEWmB9AfUsh/dWcHt+oPQd7CSSlgCcgeprYpZsNtsuZjybTVJ3QRNnowY=
Uf/ErlWfpWGyrrPxAtrYnANa5PIeq3ADdE8tZlrmybgZBhoS2M3LiTHhBvgfpOOR6Hq1CjQINKPZv2BBNxS0tTb6KMu8FmaoeLZtzAuAsgIeIRIQDIlZTG9LH2GjBA==
27U+/4+9py627QkRNdrM0Sppy9cvmVEZQ08tZlrmybgZBhoS2M3LiTHhBvgfpOOR6Hq1CjQINKPZv2BBNxS0tTb6KMu8FmaoeLZtzAuAsgIeIRIQDIlZTG9LH2GjBA==
k3eHY13ylsQzii6P4rEDaBd+YCxRRiViWuLBrAkSMvb4qeNdYbXOPF9gK8W4rh1ulOycN0kr6MW3kDwhpm6ALxxyznwo4qUIS0R6Vk71OnQsbXFYf18XZaMA
qwN1LpkmYdjuKYXU8IQKaPaEJ1eNrSoBhh6IHc/VDwesVF1eWt65kPkuSkoYFZvhkQm2gJ9cU/lIkmVSdNDki7mXkHk3LESdVtL4E/xOtkDY3t00i/gC6r5JQsjM0Qlkj2NvWaM8
QCmJSLBbP3BInKqxmEfGJTfV4vL36NM2V8nVOpp5U2epHx8aHX/Ntemwg0BOVRSlRuRRb28l1JRFTytcOzqu3ahyWBdPYmB6teI6BHXYVcwx70Wb6xTnwn5I0cTaN2GLfG1Yoz8=
/X4qXlQxxhke3pU2XduBIZAnVndW43+fYmhmUrrMWyCS/R/6k3pFUlrSoZzJwlJmeDlDDaFF7kxfkAu1+H69/hR8fGcJGwj1t6DcEeY+YL+c4m6saJKF+Es0WqaOpZrkrP0RiL9vd1WjMA==
Axh1bMCVDKH8sfXGCAbflO3Gqw31jDM+uon+BXMQWs7wtWUvJQdpky/bDlCkP+wtk6yVAxsnDAn68zVKXpu4hRL0S6RrNI+T+3tVaFk6wDRvNGRLX3NCEWajAQ==
