UM62eFQ+aUpnwUaNCNQotGLNyvtPWbqywF92CWuKiv1VyjIoMoTxGFyNhJJo/WO99dc4sYqNDuQhgLl8TUeW2b/+2LJSkIVgLo8NW6AFfKcP
DFcnqR1QbvGI3w6kaShhpvlwwgb8JdZY4irifMFq1PMIPn9Y03kB8ZihUpYeo5RTaaQ7EjFkC0FJCdIpfj4XnI/QUFtu/y4sdWZS3nSMpkWAz3k3oYSSxMIWqv3Oy++U8NXa6Sr0i1cdO1FX2OcYO3mVTPsBcOe/CR0yfj4jZKlpko8Ur7M6R8jyIVGpmyhkZR2sIZxptBi/0oNGTYZObZggPijrsUnw+/vsBNWYNUzRL+GZi1bEQl4IscB690ELHC3op5s=
DFcnqR1QbvGI3w6kaShhpvlwwgb8JdZY4irifMFq1PMIPn9Y03kB8ZihUpYeo5RTaaQ7EjFkC0FJCdIpfj4XnI/QUFtu/y4sdWZS3nSMpkWAz3k3oYSSxMIWqv3Oy++U8NXa6Sr0i1cdO1FX2OcYO3mVTPsBcOe/CR0yfj4jZKlpko8Ur7M6R8jyIVGpmyhkZR2sIZxptBi/0oNGTYZObZggPijrsUnw+/vsBNWYNUzRL+GZi1bEQl4IscB690ELHC3op5s=
q2kEL3Q35pg9UXEgNMCtGN/4242Yog+Y1FQMv6lj2N23iAxpRuYQl1yK3nQIqlWSydwInW79Kgzo1eHQH5cnbacc
VrX/d8etOV+i+Zbnf9QRKwyl0O696JNjsLOI64AMeBDR3K2Plt1Mh5gl1eUP0U1uot/f/CTM9SR/V/EuXofo0vB6kGW4go6yShD6wG9D0gJvs/iyXBlsQEd6o5qM3oq/C78Ss+wK51UEgWAxurCExPD+/QBaGz70EdWLX3wellCYbn0GicigWX5ZYhhIAel0T5OPuafI
5prr15cgIUe8YtLyBcD94pwFinpShUtEvq4hDSOE/4nRUkElUpK3nMVBh6C58gJnOILtBiBPQPjTQ6t6c0OPXc7Z4sQ9iL1sqX/fGXOGfCLWGBkAkkdJa0QdcKcD
WyEFflcceqilwavhkh5jyg2ewy7QctQXm2e4PG6j4S089FFSWkiV6tFhsyP8LnagWH4dVokYQEk+KQIoyPHJxA+DL2mnGA==
eOipxn4j6SEqbxlFC4Amegyewy7QctQXm2e4PG6j4S089FFSWkiV6tFhsyP8LnagWH4dVokYQEk+KQIoyPHJxA+DL2mnGA==
bfK56NrIgNy5QsiJSl20lCgFhbdm5hhiED4MWyvL4NAOT3mBjHjJ3trEDWZhzSvPnMIuDOgyxRpJVJgFDgVaxKgd0eg/jzdlpxQ=
P8Lo1MwEitMGfovzjCGMtQuewy7QctQXm2e4PG6j4S089FFSWkiV6tFhsyP8LnagWH4dVokYQEk+KQIoyPHJxA+DL2mnGA==
lvkk8LUoLfCBl14Z2svVNQqewy7QctQXm2e4PG6j4S089FFSWkiV6tFhsyP8LnagWH4dVokYQEk+KQIoyPHJxA+DL2mnGA==
SGOLc4haFPzrA5ITDTCdDSsFhbdm5hhiED4MWyvL4NAOT3mBjHjJ3trEDWZhzSvPnMIuDOgyxRpJVJgFDgVaxKgd0eg/jzdlpxQ=
+LXWUBoxE5bouT1ynXX/XQmewy7QctQXm2e4PG6j4S089FFSWkiV6tFhsyP8LnagWH4dVokYQEk+KQIoyPHJxA+DL2mnGA==
2m3u7zrmTWoIFIKvQX3jhgiewy7QctQXm2e4PG6j4S089FFSWkiV6tFhsyP8LnagWH4dVokYQEk+KQIoyPHJxA+DL2mnGA==
+2TTxPGQBOjYmu79W6SLJioFhbdm5hhiED4MWyvL4NAOT3mBjHjJ3trEDWZhzSvPnMIuDOgyxRpJVJgFDgVaxKgd0eg/jzdlpxQ=
60Pt8USJMGFcUVbBc8rn0Qeewy7QctQXm2e4PG6j4S089FFSWkiV6tFhsyP8LnagWH4dVokYQEk+KQIoyPHJxA+DL2mnGA==
D+YVR/HCm3fqsAIxnGjPEQaewy7QctQXm2e4PG6j4S089FFSWkiV6tFhsyP8LnagWH4dVokYQEk+KQIoyPHJxA+DL2mnGA==
pDkq1qIKsGUAvgWAtV+/jS0Fhbdm5hhiED4MWyvL4NAOT3mBjHjJ3trEDWZhzSvPnMIuDOgyxRpJVJgFDgVaxKgd0eg/jzdlpxQ=
HxxiR4/9AkWhKJcGRshUthBSS7XdgKOGIK9KZleW2gtyENF3cTqp9w21fJ0Y1Adsz6QLC0W5KXJeKiR8I9Dow/sDhilqpxk=
7WqUeKKCA0NCd549NGHeUxFSS7XdgKOGIK9KZleW2gtyENF3cTqp9w21fJ0Y1Adsz6QLC0W5KXJeKiR8I9Dow/sDhilqpxk=
gsiP6C3QXSLU98KWCfUtYCwFhbdm5hhiED4MWyvL4NAOT3mBjHjJ3trEDWZhzSvPnMIuDOgyxRpJVJgFDgVaxKgd0eg/jzdlpxQ=
uVCVenkFHAEJIuaSLkSTQRJSS7XdgKOGIK9KZleW2gtyENF3cTqp9w21fJ0Y1Adsz6QLC0W5KXJeKiR8I9Dow/sDhilqpxk=
9yGNOT8+uznKqlqodCHyIxNSS7XdgKOGIK9KZleW2gtyENF3cTqp9w21fJ0Y1Adsz6QLC0W5KXJeKiR8I9Dow/sDhilqpxk=
7HOfaBRQNMLCIEXjhZJ0ti8Fhbdm5hhiED4MWyvL4NAOT3mBjHjJ3trEDWZhzSvPnMIuDOgyxRpJVJgFDgVaxKgd0eg/jzdlpxQ=
hM3JzFfHNPBEtru5Scti+hRSS7XdgKOGIK9KZleW2gtyENF3cTqp9w21fJ0Y1Adsz6QLC0W5KXJeKiR8I9Dow/sDhilqpxk=
0pK0PmJI705TGe4dNufBmy4Fhbdm5hhiED4MWyvL4NAOT3mBjHjJ3trEDWZhzSvPnMIuDOgyxRpJVJgFDgVaxKgd0eg/jzdlpxQ=
SGMY1hhLLB6RE8gHdmjhehVSS7XdgKOGIK9KZleW2gtyENF3cTqp9w21fJ0Y1Adsz6QLC0W5KXJeKiR8I9Dow/sDhilqpxk=
uteH9OculfDnyomtq0+0GVqx+kifPJNZyHKlMnTwpCs591BZNwyE/dZyuDP8LnagWH4dVokYQEk+KQIoyPHJxA+DL2mnGA==
KZezlkmx/b746L7zbk/3d1qx+kifPJNZyHanPHTwpCs591BZNwyE/dZyuDP8LnagWH4dVokYQEk+KQIoyPHJxA+DL2mnGA==
Fkqi38vXjtFrr0Bg8SlPx5dW/wLJQ/Agt/t9Y47JX////zl11i4dZHk0Y7RjFLdDgfntOqJayCQH8Mz71xOaIW6nHQ==
b4124QgQ1vt8YfBmZwvWCJAnVndW43+fYmhmUrrMWyCS/R/6k3pFUlrSoZzJwlJmeDlDDaFF7kxfkAu1+Hq/8BR8fGcJGwj1t6DcEeY+YL+c4m6saJKF+kk0WKWOpZrkqP0RiL9vd0WnNA==
CuYPCyDO3zzXxLK48hA/XTfV4vL36NM2V8nVOpp5U2epHx8aHX/Ntemwg0BOVRSlRuRRb28l1JRBTSVcOzqu3ahyWBdPYmB6teI6BHXYVcwx70eZ6xbkwn5I0cDaN2GLfG1Ipzs=
U5NlefCqI1XCQHR9Doqsl/aEJ1eNrSoBhh6IHc/VDwesVF1eWt65kPkuSkoYFZvhkQm2gJ9cU/lIlmdcdNDki7mXkHk3LESdVtL4E/xOtkDY3t02ifgA6b5JQsjI0Qlkj2NvSac4
a97UfrmL8KoNR4dSDs84shd+YCxRRiViWuLBrAkSMvb4qeNdYbXOPF9gK8W4qh9glOycN0kr6MW3kDwhpm6ALxxyznwo4qUKSUR4VU71OnQobXFYf18XdacE
UCwzZ+7GDmJZQXs/o1di4ippy9cvmVEZQ08tZlrmybgZBhoS2M3LiTHhBvgfpOOR6H63BDQINKPZv2BBNxS0tTb6KMu8FmaoeLZtzgmAsAEeIRIQCIlZTG9LH3GnAA==
HcEuig5enoxH1sycANWJqANa5PIeq3ADdE8tZlrmybgZBhoS2M3LiTHhBvgfpOOR6H63BDQINKPZv2BBNxS0tTb6KMu8FmaoeLZtzgmAsAEeIRIQCIlZTG9LH3GnAA==
6PMMDtc5xyRs61CtKcfVr3M1mRjFp93noeDaZE02kZyGhEg/f/eJC6qevwaHPwDEy7LEWmB9AfUsh/dWcHt+oPQd7CSSlgCcgehpYpRvNtsuZjibTVJ3QRN3pwI=
yyyozY8ZPZncvaaMsAz9G/lwwgb8JdZY4irifMFq1PMIPn9Y03kB8ZihUpYeo5RTaaQ7EjFkC0FJCdIpfj4XnI/QUFtu/y4sdWZS3nSMpkWAz3k3oYSSxMIWqv3Oy++U8NXa6Sr0i1cdO1FX2OcYO3mVTPsBcOe/CR0yfj4jZKlpko8Ur7M6R8jyIVGpmyhkZR2sIZxptBi/0oNGTYZObZggPijrsUnw+/vsBNWYNUzRL+eZi1bEQl4IscB690ELHC3op5s=
hLPY3Jtz9tltg/yv/siF7Aa+5o4C+Ym0xRZz4TB7DjAmayfjaC4q8vIJvg4pJjsDLTzBEYPQGNsycc2ftfULUZG2c6pqSpms/MOD5PtUy/R/Ze4CpYe/v9trYAZl1ritL6GKkXaHpIl8CQ/9TvgkIO+qDt856mpDioQKbr1P3tnZ0Phpc5nJJ45cw2z1il/9JXeHkMN/C1zaYBtI4zkmy5H7ZVCUbNTCKY0z2dxa+Sz553hsK3+xIaPTHF6MKL4Y1LFBwca9SCaLXiRKdXfMsJoaMHi5lK+WPAGm3rZ62E8FHofla8untg==
e/LCEKJJOToQTuihRGKB1FcfeXpUcs7/+wkz+9vRj/f3x/LxtiCLsKY4dsc2nvHHrJKMYx/YODyv+YLXIAPchqapWewL4LaEWe64BUs+tyqbJotTtmiZaV+dv01I/EnIyJ87t7Kbaomki3gPB+dCxjQy21wW9UXESqGu4mJUUZHuq40GAKMv14nlShqLNjl0j69RwV96fxFr/j7GszJPp9Z5BW3d2gjiVECtC7tDUORpvk2R4MbX0RFDBzX05OB2DuoA5zmLGnOIZM+Y7JA5CZxibixoEoV6T7RYJ44kmmSofREIv+93xae0
RDuVM7hwe4adBQZkOuMzSZqotTIcPeeVKqxiIhBH5PpxfLOQnOahvpwa1WF1zeXtfLWLPg3jrZrxaz7dgaO9KN8XCYjrOcNCLh9Pgf1TY8kQepFXNi8gVZbsne9vMCqpJA4S9AYkBuKEs3bUcdyXeT+6LKt7GvxkGaYVF9Y2fr91XIrR+KmIcPGfB09jh6pTwlNDcQ5bgxTdVxMpwO6M1z6hk9YtlA33wE+SBpPBW68yjF95LoHejY5wZWbxln/yVKXipJxoybUzOGGPXtSnrO8ka8ulv4kyfKrFvEPQSAMbg+Zpyqe5
AB0HoW0i5GaMkVan93XqBiU9f2KxeMK1WxZWX4z0rSVjI7/IFEVtcDIwSvpN/vu9S3GSDeWiowMDxp/T/BYv2u/6Bq9H1CX5DR5gJ4FdsyNNFf5C/wsYzw5J+NRz80FAJLUqNhzoCCQI/oqLeMh/rLll0YJCt1X60jh3nvvL+EYwY7tkxI02aUYsvyfJky33BI8s6y0toLstiLPv/bVungJLsBkdSqMUg2tO9xyaHbH1M9w0MeWAYXDR4MiLul/mMS6aHaz4UqgH6X0Ar1MQpIlwARwFl4tfpy4SkiugbaBGHxW76HXEp7c=
IH7tO6NcEhOfz4XRuUnJc7pu3PtPHHv0MgorOez9BVLW8JHbDAkR1/Lm+bR+Y8EBHXI+xh3MGaWG+fV6M/aXoN0pS4tJZ70QZ7lP2prv2ymB878hpCrF7/rvbC3CPGnHM1AWQTA+ZuwKJAr68INiPE28y1HLanjTN9ow3E32of8KlgIX4aw+SXQpBOhF75Pnnyf2O3aDl8lCG0/sCQdnARwOsL8qkWfOIZQB7zR/hm6vIYeHRtyLgeLBkjVaoNEOrTaDWsDVVjwQ6EUth8j1JyJ0e0RbdD9zaX/FSih6MZQfsHTrD7OSccantQ==
UVtIgp/8dBudCihA5PTwzCU9f2KxeMK1WxZWX4z0rSVjI7/IFEVtcDIwSvpN/vu9S3GSDeWiowMDxp/T0AEvze71G69H1CX5DR5gJ4FdsyNNFf5C/wsYzw5J+NRz80FAJLUqNhzoCCQI/oqLeMh/rLll0YJCt1X60jh3nvvL+EYwY7tkxI02aUYsvyfJky33BI8s6y0toLstiLPv/bVungJLsBkdSqMUg2tO9xyaHbH1M9w0MeWAYXDR4MiLul/mMS6aHaz4UqgH6X0Ar1MQpIlwARwFl4tfpy4SkiugbaBGHxW76HXEp7c=
JmfPKuufNS+StZji0fROs7pu3PtPHHv0MgorOez9BVLW8JHbDAkR0fLm+bR4Y8EBHXI+xh3MGaWG+fV6IvCVtdk9S4tJZ70QZ7lP2prv2ymB878hpCrF7/rvbC3CPGnHM1AWQTA+ZuwKJAr68INiPE28y1HLanjTN9ow3E32of8KlgIX4aw+SXQpBOhF75Pnnyf2O3aDl8lCG0/sCQdnARwOsL8qkWfOIZQB7zR/hm6vIYeHRtyLgeLBkjVaoNEOrTaDWsDVVjwQ6EUth8j1JyJ0e0RbdD9zaX/FSih6MZQfsHTrD7OSccantQ==
QATT1FpSfX1VEwZ88OWaGga+5o4C+Ym0xRZz4TB7DjAmayfjaC4q9ONR5h4/LW9cKj/UOMWzX5klKdrfsccMR4Src6pqSpms/MOD5PtUy/R/Ze4CpYe/v9trYAZl1ritL6GKkXaHpIl8CQ/9TvgkIO+qDt856mpDioQKbr1P3tnZ0Phpc5nJJ45cw2z1il/9JXeHkMN/C1zaYBtI4zkmy5H7ZVCUbNTCKY0z2dxa+Sz553hsK3+xIaPTHF6MKL4Y1LFBwca9SCaLXiRKdXfMsJoaMHi5lK+WPAGm3rZ62E8FHofla8untg==
CqFebnFJM3xHfQRwqZS3/Aa+5o4C+Ym0xRZz4TB7DjAmayfjaC4q9ONR5h4/LW9cKj/UOMWzX5klKdrfuNQGWoSpc6pqSpms/MOD5PtUy/R/Ze4CpYe/v9trYAZl1ritL6GKkXaHpIl8CQ/9TvgkIO+qDt856mpDioQKbr1P3tnZ0Phpc5nJJ45cw2z1il/9JXeHkMN/C1zaYBtI4zkmy5H7ZVCUbNTCKY0z2dxa+Sz553hsK3+xIaPTHF6MKL4Y1LFBwca9SCaLXiRKdXfMsJoaMHi5lK+WPAGm3rZ62E8FHofla8untg==
ICKErxTzPNg58ijqzAjnBp68uFaWHwuw5vEG76lM6FcRsq7avmZMmsRU16SwdX65cvUeIJnfojSIduQ47OBBP/KYvu4CQ69fm5Q+ANlqMHHbil/OO0Lj52acUS0f2Xe5mMghrOh704Oi72KNpI9wexfTqiIUVrNoxgGNgArlZhay4Dn1Tk9lspDXp1MJYcJuG4LRkC/LOXWPjrdVK7r2MmMGJ8P2ne1Zza4A5lREpX+rd7gASdolpTAyH5VRB8/BJFCIEq4O6FOp/5L3COBH7Hwk0e08BgaYuOZNPg/wkNNeEPIAiJn5PK+bf8GnsA==
Q5mVsqh8rreRI3SZqNaCKA+ewy7QctQXm2e4PG6j4S089FFSWkiV6tFhsyP8LnagWH4dVIoYQks+KAIoyPHJxA+DL2mnGA==
YxNOXt18umSsPn6b7CHC4k09y4BfsXEuGi5DFjGezuFAVXmBjHjJ3trEDXVuyTHPnMIuDOgyxRhKVJoHDgRaxKgd0eg/jzdlpxQ=
PPooBP5JWdOYWzJ2J+0xEQ6ewy7QctQXm2e4PG6j4S089FFSWkiV6tFhsyP8LnagWH4dW4oYQks+KAIoyPHJxA+DL2mnGA==
7u6r5Ni/zbgirU5167KAtE09y4BfsXEuGi5DFjGfzuFAVXmBjHjJ3trEDXVuyTHPnMIuDOgyxRdKVJoHDgRaxKgd0eg/jzdlpxQ=
eEZVqn3Lrqw7GMHoLpsq2SkFhbdm5hhiED4MWyvL4NAOT3mBjHjJ3trEDWZhzSvPnMIuDOgyxR5PVJoHDgRaxKgd0eg/jzdlpxQ=
RCepC98XCYlgR/87aFkzXG3NjAUqHpXk6zUMB8odVLff4rRwxW+qGgBtqelsUPnG2tw9XY6h4ffcOn6kSFo1hs/M6u+urIq8aCWBAF+nB32nDA==
KC0QNt8QQS7/aj674yHXz9J4EyYSiivTPHl2Ta36SiC+/wXvthtbVVrVoYi0hlxxOX1SBuFD7koL7xio8EjtoSNffDgBCxj7n/LLQeQiaqCc4m6saJKF/040XaeOpJrkqP0RiL9vd0WnNA==
mul5R1ZF3BIpsf9yp4R6WdJ4EyYSiijTPHl2Ta36SiC+/wXvthtbVVrVoYi0hlxxOX1SBuFD7koL7xio8EjtoCNffDgBCxj7n/LLQeQiaqCc4m6saJKF/Es0XKeOpJrkqP0RiL9vd0WnNA==
7zQhshamEAHUCAcrxHatlBZSS7XdgKOGIK9KZleW2gtyENF3cTqp9w21fJ0Y1Adsz6QLC0K6KXpcKiV8I9Dow/sDhilqpxk=
6Afro7BCXOUvijea/SZz4noBue9EE+bxVMt0c3RzaqA6eHyj5mAl7/26JW9qSuwvpHTbBDv037MOemWCCPoRVP+wFKvvM7IxZqcV
eqG8kl0c3qfj9yb9Bwtt+xdSS7XdgKOGIK9KZleW2gtyENF3cTqp9w21fJ0Y1Adsz6QLC0K5KXpcKiV8I9Dow/sDhilqpxk=
5WHWjronPRYwIjOkfjhnw3oBue9EE+bxVMt0c3RyaqA6eHyj5mAl7/26JW9qSuwvpHTbBDv037MOeWWCCPoRVP+wFKvvM7IxZqcV
Akdrycpg2UEDWSHYf73OeyEFhbdm5hhiED4MWyvL4NAOT3mBjHjJ3trEDWZhzSvPnMIuDOgyxR9IVJAHDgRaxKgd0eg/jzdlpxQ=
rNH0P/TW+sXS+CmslvP+2m3NjAUqHpXk6zUMB8odVLff6rRwxW+qGgBtqelsUPnG2tw9XY6h4ffcOn6kSFo1h8jM4O+urIq8aCWBAF+nB32nDA==
yiPgOupCJ4rgDc1er+EnDUp6IHCJwnqDnwjZr54OohiqVzGtj5y+xZ2Nif2TAwx5bmEAidrBGbVl6g8t1YMbFXsbNiYf7dY+mP/TKV7AR3SLdPtE23S/c+l6RUurerGUn7D064+zEnFGpzU=
YjZZQ15/4799gcozA0XxVkp6IHCJwnmDnwjZr54OohiqVzGtj5y+xZ2Nif2TAwx5bmEAidrBGbVl6g8t1YMbFHsbNiYf7dY+mP/TKV7AR3SLdPtE23S/c+95RUurerGUn7D064+zEnFGpzU=
xxK1HBhStDFTEAKto/lflhhSS7XdgKOGIK9KZleW2gtyENF3cTqp9w21fJ0Y1Adsz6QLC0S6KXJfKiV8I9Dow/sDhilqpxk=
m9ZtaBP4j2N+IrBk6LgueXoBue9EE+bxVMt0c3R9aqA6eHyj5mAl7/26JW9qSuwvpHTbBDv037MIemWKC/oRVP+wFKvvM7IxZqcV
iWbhYTKn56jTPNnCULrw4BlSS7XdgKOGIK9KZleW2gtyENF3cTqp9w21fJ0Y1Adsz6QLC0C5KXJfKiV8I9Dow/sDhilqpxk=
V3mb1MiYUIT4jAmpnotGXHoBue9EE+bxVMt0c3R8aqA6eHyj5mAl7/26JW9qSuwvpHTbBDv037MMeWWKC/oRVP+wFKvvM7IxZqcV
r+qwM6yUahiTosrl/Cw2TSAFhbdm5hhiED4MWyvL4NAOT3mBjHjJ3trEDWZhzSvPnMIuDOgyxR5PVJgEDgRaxKgd0eg/jzdlpxQ=
n264cDPo8l+8XgFNHzzogW3NjAUqHpXk6zUMB8odVLff67RwxW+qGgBtqelsUPnG2tw9XY6h4ffcOn6kSFo1hs/M6OyurIq8aCWBAF+nB32nDA==
tJGPBvzdkN07J+03rxmZ4Up6IHCJwnqDnwjZr54OohiqVzGtj5y/xZ2Nif2TAwx5bmEAidrBGbVl6g8t1YMbG3sbNiYf7dY+mP/TKV7AR3SLdPtE23S/c+x+RU+qerGUn7D064+zEnFGpzU=
W8JGF6TGkzLFNvInZUtiJEp6IHCJwnmDnwjZr54OohiqVzGtj5y/xZ2Nif2TAwx5bmEAidrBGbVl6g8t1YMbGnsbNiYf7dY+mP/TKV7AR3SLdPtE23S/c+17RU6qerGUn7D064+zEnFGpzU=
Luc6X6C47ryGFZ3DXo6MShBRS7XdgKOGIK9KZleW2gtyENF3cTqp9w21fJ0Y1Adsz6QLC0W/KXteKiV8I9Dow/sDhilqpxk=
UODG2JmeDe+BmK7iGANAUXoBue9EE+bxVMt0c3R1aaA6eHyj5mAl7/26JW9qSuwvpHTbBDv037MJf2WDCvoRVP+wFKvvM7IxZqcV
bzp31BYSMoDw2RJ3+3Q5rxFRS7XdgKOGIK9KZleW2gtyENF3cTqp9w21fJ0Y1Adsz6QLC0m/KXteKiV8I9Dow/sDhilqpxk=
yWNfEnd9yWnglC4aQzQPM3oBue9EE+bxVMt0c3R0aaA6eHyj5mAl7/26JW9qSuwvpHTbBDv037MFf2WDCvoRVP+wFKvvM7IxZqcV
wd3cFPa31WEUGybV721UgR5g/M9gWqvOEcBvPnR/Po4LNmaj5mAl7/26JW95Reg1pHTbBDv037MIfmWDCvoRVP+wFKvvM7IxZqcV
JebZYoA8xeApjvCZ+3kwTpKt7EhVc93E1DFmkNm3y2CpH9Lmj5FaRHE4tNPOQD0f5bo9H3JqxN/stBNU01RnI3D+3RPymrmEt3BcmwdTqgF+pw0=
/ty2tqBskeYktlUekqASmOLzo8be2KvXTirJhc3cz0Xz0hh8TCRI9IfczU4zVl9HM7eZz9+nlcpHtNp4c+BvwCkRcwnA8sm1XLnfNAd7vGxecmzUMsZATGHVa1J8v3aKjpa46+2CtxFzR6cy
slcWL22aGZgMwuFPHqkIYOLzo8be2KjXTirJhc3cz0Xz0hh8TCRI9IfczU4zVl9HM7eZz9+nlcpHtNp4c+BvwCgRcwnA8sm1XLnfNAd7vGxecmzUMsZATGHUalJ8v3aKjpa46+2CtxFzR6cy
yfTwc5V4zjZwbEJEfbuC3kp6IHCJwnmDnwjZr54OohiqVzGtj5y/xZ2Nif2TAwx5bmEAidrBGbVl6g8t1YMbGnsbNiYf7dY+nPbELl7AR3SLdPtE23S/c+t6RUqterGUn7D064+zEnFGpzU=
PiK/vgyrXP9bFH7ZsZF16DibxtVgYbHFXBwhqlqw5ROwhe7qvPYmCPjWrewKoPDmnoDScAipGazv698Rp2A=
/X7KahUmFEUXvLg78TujeUUR8Y5UYAfGFXn3oImS0qdIYl2GsO8QOOMju3pjo78dHnlyRI3oTSz5n+8Zg6Yr4me46YACpxkrtD1gpxM=
MvW8tjby6POirzswZcSIP9b4pdHe7O8+SSTAxP8xZQqWyrqLJ+yWl/4t3GmuN3B3jYe0YrUAGpbp4+ZDXWFMgPoq8MjZJKkmXLRm7tZKWH9lLkdVC3unBg==
DFpyPP55IF+R3rze6idW/eLzo8be2KjXTirJhc3cz0Xz0hh8TCRBrYzL0FAXJRBcZ+PM1cisj9tq4K9cSe5/wHxOXxHA8sm1XLnfNAd7vGxecmzUMsZATGHZaFJ0uHaKjpa46+2CtxFzR6cy
tObGOp09WvDaz4GRBHN/2xJRS7XdgKOGIK9KZleW2gtyENF3cTqp9w21fJ0Y1Adsz6QLC0m4KXFZKiV8I9Dow/sDhilqpxk=
GAKm4MnZNtCFep7HXirTXHoBue9EE+bxVMt0c3R3aaA6eHyj5mAl7/26JW9qSuwvpHTbBDv037MFeGWJDfoRVP+wFKvvM7IxZqcV
ZIebFP4zh6OT5DM5WoxfexNRS7XdgKOGIK9KZleW2gtyENF3cTqp9w21fJ0Y1Adsz6QLC0W/KXFZKiV8I9Dow/sDhilqpxk=
uKYS2SeCWztodhz0CG6kjHoBue9EE+bxVMt0c3R2aaA6eHyj5mAl7/26JW9qSuwvpHTbBDv037MJf2WJDfoRVP+wFKvvM7IxZqcV
ye982VYkXjLHRHpWk50BgB9g/M9gWqvOEcBvPnR/Po4LNmaj5mAl7/26JW95Reg1pHTbBDv037MMfmWJDfoRVP+wFKvvM7IxZqcV
ADhVpGVq1GS6d7p8aenwkpKt7EhVc93E1DFmkNm3y2CpHtLmj5FaRHE4tNPOQD0f5bo9H3JqxN/stBNU01RnI3T+3Rn1mrmEt3BcmwdTqgF+pw0=
m8mad1S5m9dv7S5FNQlw/uLzo8be2KvXTirJhc3cz0Xz0hh8TCRJ9IfczU4zVl9HM7eZz9+nlcpHtNp4c+BvwCsRcwnA8sm1XLnfNAd7vGxecmzUMsZATGHca1J2uHaKjpa46+2CtxFzR6cy
2xSuEsahLvRTNo0aXI+jf+Lzo8be2KjXTirJhc3cz0Xz0hh8TCRJ9IfczU4zVl9HM7eZz9+nlcpHtNp4c+BvwCoRcwnA8sm1XLnfNAd7vGxecmzUMsZATGHUa1J2uHaKjpa46+2CtxFzR6cy
bv9HP7x2vlZET/jDYpE7Ax4j8dh6Wq7NEcBvPnR/Po4LNmaj5mAl7/26JW95Reg1pHTbBDv037MKeWWMDfoRVP+wFKvvM7IxZqcV
kQ8EiIDwOILGjWUJt65oSsvXlG1RyfH5RX9JuaaUY/gyWC/GFc2nsRtL0Nv1EyQePYSaGnGXVt81xazsQv6gdBFj6eoCgJay/q54U506V6kDf6cK
mfXq0KPkQIN2qEDvJBa9sh8j8dh6Wq7NEcBvPnR/Po4LNmaj5mAl7/26JW95Reg1pHTbBDv037MPeGWMDfoRVP+wFKvvM7IxZqcV
uW2bYd4nHTAz3IdppH7bUMvXlG1RyfH5RX9JuaaUY/gyWC7GFc2nsRtL0Nv1EyQePYSaGnGXVt81xazsQv6gdBFm6OoCgJay/q54U506V6kDf6cK
VD4KdvUq11DQ76FKNJC8gxxg/M9gWqvOEcBvPnR/Po4LNmaj5mAl7/26JW95Reg1pHTbBDv037MMf2WMDfoRVP+wFKvvM7IxZqcV
xPEiGbcYlZn7nb2+JbUYP5Kt7EhVc93E1DFmkNm3y2CpHdLmj5FaRHE4tNPOQD0f5bo9H3JqxN/stBNU01RnI3T/3Rz1mrmEt3BcmwdTqgF+pw0=
6X85bFbTOi0OJym5p3CBqL2z5pxai8BtFnQv2kR/hEMCGeQ8mKJ50HpTHKCQ6JlUCDE/cAodO+KKyfIXlGUZcEin/Hif7uJ1WEZZOdQ9X6i/70zA9hYMaOoykAApmC6OimxG5uaymBf1tqcde0OnLg==
/t9cyzaX8IjYt8uQdBMO7b2z5pxai8FtFnQv2kR/hEMCGeQ8mKJ50HpTHKCQ6JlUCDE/cAodO+KKyfIXlGUZcEmn/Hif7uJ1WEZZOdQ9X6i/70zA9hYMaOoykAApmSuOhWxG5uaymBf1tqcde0OnLg==
hJNIq9P5c7vh9a6Xo0tJ/PaLvQ4NLLndlWI5kNmhzVqpQJeuzN9WXkN2rtPOQD0f5bo9H2FlwMXstBNU01RnI3373Rv0mrmEt3BcmwdTqgF+pw0=
z4/vzfcgiFYEJ//nFoSjk8/Eru/vCqD5z7YpJLVOFH0Zk7SCozFubWn3s6+axkmKjFGZLxTE1I6A/QkZLAAZ9trs3Q3OUUFnXKoeFIgKFX7LvMk77hxqLOi1IXCfd2dNpzw=
PV3jsZKSTw/p7tEgvC51IfeLvQ4NLLndlWI5kNmhzVqpQJeuzN9WXkN2rtPOQD0f5bo9H2FlwMXstBNU01RnI3L63Rv0mrmEt3BcmwdTqgF+pw0=
Eb9YNDsx6rLrUEI4HzJXdM/Eru/vCqD5z7YpJLVOFH0Zk7SCozFubWj3s6+axkmKjFGZLxTE1I6A/QkZLAAZ9trs3Q3OUUFnXKoeFIgKFXHKvMk77hxqLOi1IXCfd2dNpzw=
s3Kh7GwAydoLAXcPxcrGgx1g/M9gWqvOEcBvPnR/Po4LNmaj5mAl7/26JW95Reg1pHTbBDv037MKeWWLDPoRVP+wFKvvM7IxZqcV
WRWChMIBL+AF95V048b8MpKt7EhVc93E1DFmkNm3y2CpHNLmj5FaRHE4tNPOQD0f5bo9H3JqxN/stBNU01RnI3L53Rv0mrmEt3BcmwdTqgF+pw0=
YEc/7qcldmPa+PQRkkvMHInq+jKtpA9skoZzbWdCDwz3J2EPWCRp+TYt2JLo2keuIhbarR4RVoeqx81yEFxdOUBubgtqS0Lrer/NPFPCjHycwdmeoIKJhXyp3yQnS/wcPuLsRNI2gHxBy25CVYm2em4GOHuN8vchU1enIg==
vNf8PCBY8NIgM08B/30FP4nq+jKtpAxskoZzbWdCDwz3J2EPWCRp+TYt2JLo2keuIhbarR4RVoeqx81yEFxdOUBubgtrS0Lrer/NPFPCjHycwdmeoIKJhXyp3yQnS/wcPuLsRNI2gHxByWtCVIm2em4GOHuN8vchU1enIg==
kX1XYSVGy0c6vrc8X9IhHonq+jKtpA9skoZzbWdCDwz3J2EPWCRp+TYt2JLo2keuIhbarR4RVoeqx81yEFxdOUBubgtqS0Lrer/NPFPCjHycwdmeoIKJhXyt1jMgS/wcPuLsRNI2gHxBz29CUo22dW4GOHuN8vchU1enIg==
Qx4iARQ5dWXrtJ/8JUkp2ykfg7d6/hliDDlJF3Tc5OZAVXmBjHjJ3trEDXdgwSbenMIuDOgyxR1PVJ4HDgtaxKgd0eg/jzdlpxQ=
mLOzyaRXlAMNKvqVGz9OHYnq+jKtpAxskoZzbWdCDwz3J2EPWCRp+TYt2JLo2keuIhbarR4RVoeqx81yEFxdOUBubgtrS0Lrer/NPFPCjHycwdmeoIKJhXyt1jMgS/wcPuLsRNI2gHxByG9CUo22dW4GOHuN8vchU1enIg==
oQLSvHL7WfdbKs+tUrI2wSgfg7d6/hliDDlJF3Tc5OZAVXmBjHjJ3trEDXdgwSbenMIuDOgyxRpPVJ4HDgtaxKgd0eg/jzdlpxQ=
xak8hmy5Hw8cvz5WDWIRruLzo8be2KvXTirJhc3cz0Xz0hh8TCRJ9IfczU4zVl9HM7eZz9+nlcpHtNp4c+BvwCsRcwnA8sm1XL3WIwB7vGxecmzUMsZATGHUb1JyvXaFjpa46+2CtxFzR6cy
9z/c850scVdneeZa0bnyljOYxtVgYbHFXBwhqlqw5ROwhe7qvPYmCPjWreIPoPbjno/ScAipGazv698Rp2A=
zINzRlrOJ6q2hndc6FPEpuLzo8be2KjXTirJhc3cz0Xz0hh8TCRJ9IfczU4zVl9HM7eZz9+nlcpHtNp4c+BvwCoRcwnA8sm1XL3WIwB7vGxecmzUMsZATGHVb1JyvXaFjpa46+2CtxFzR6cy
INYASMXQ2sCyewVhlRl7LDKYxtVgYbHFXBwhqlqw5ROwhe7qvPYmCPjWreMPoPbjno/ScAipGazv698Rp2A=
jWWGW/Y3yZLQeX7fJJqAuxRRS7XdgKOGIK9KZleW2gtyENF3cTqp9w21fJ0Y1Adsz6QLC0m+KXRcKip8I9Dow/sDhilqpxk=
9R6ToB+r6i0iz0t3Udx68XoBue9EE+bxVMt0c3RxaaA6eHyj5mAl7/26JW9qSuwvpHTbBDv037MFfmWMCPoeVP+wFKvvM7IxZqcV
f9egaSGEykFt6D1Ixsjf7xVRS7XdgKOGIK9KZleW2gtyENF3cTqp9w21fJ0Y1Adsz6QLC0W7KXtcKip8I9Dow/sDhilqpxk=
z7WSBOdLAHvvEPnCzqi7bHoBue9EE+bxVMt0c3RwaaA6eHyj5mAl7/26JW9qSuwvpHTbBDv037MJe2WDCPoeVP+wFKvvM7IxZqcV
5JfD9rmP8Bumb8w3pYj0WeLzo8be2KqMGzDejtfN4kXFxy09PjY7lc/QzQd1Kk9cIvnb3tK9ottcodksMbBBg21KRwrA8sm1XLnfNAd7vGxecmzUMsZATGHbalJ9vXaFjpa46+2CtxFzR6cy
Y5d8JNG/blj2zS8fLatAFOLzo8be2KjXTirJhc3cz0Xz0hh8TCRJ9IfczU4zVl9HM7eZz9+nlcpHtNp4c+BvwCwRcwnA8sm1XLnfNAd7vGxecmzUMsZATGHVaVJ9vXaFjpa46+2CtxFzR6cy
H05FQxpoCwDH/ne+o9157+Lzo8be2KjXTirJhc3cz0Xz0hh8TCRJ9IfczU4zVl9HM7eZz9+nlcpHtNp4c+BvwCwRcwnA8sm1XL3WIwB7vGxecmzUMsZATGHVaFJ9vXaFjpa46+2CtxFzR6cy
goytRAIkpiLygLPBmeGKMzSYxtVgYbHFXBwhqlqw5ROwhe7qvPYmCPjWre0PoPnjno/ScAipGazv698Rp2A=
TRDmIgK43ivtRgSgP8ar/uLzo8be2KqMGzDejtfN4kXFxy09PjY7lc/QzQd1Kk9cIvnb3tK9ottcodksMbBBg21KRwrA8sm1XL3WIwB7vGxecmzUMsZATGHUb1J9vXaFjpa46+2CtxFzR6cy
79fo4hxJ5x09YCIlKt4h9zWYxtVgYbHFXBwhqlqw5ROwhe7qvPYmCPjWreIPoPnjno/ScAipGazv698Rp2A=
MSmQx/6MQ834izB/gWTYbxZRS7XdgKOGIK9KZleW2gtyENF3cTqp9w21fJ0Y1Adsz6QLC0O7KXpcKip8I9Dow/sDhilqpxk=
X1pmgg5JnFQMRSN2wmQaH3oBue9EE+bxVMt0c3RzaaA6eHyj5mAl7/26JW9qSuwvpHTbBDv037MPe2WCCPoeVP+wFKvvM7IxZqcV
T2f8ljUTK96LR0kxykK8wxdRS7XdgKOGIK9KZleW2gtyENF3cTqp9w21fJ0Y1Adsz6QLC0e7KXpcKip8I9Dow/sDhilqpxk=
aE1LcozJDIH+n6z6ZwqX6noBue9EE+bxVMt0c3RyaaA6eHyj5mAl7/26JW9qSuwvpHTbBDv037MLe2WCCPoeVP+wFKvvM7IxZqcV
4STiLB1zD1t9LxaoFRv/5eLzo8be2KqMGzDejtfN4kXFxy09PDY7lc/QzQd1Kk9cIvnb3tK9ottcodksM7BBg21KRwrA8sm1XLnfNAd7vGxecmzUMsZATGHbalJ8vXaFjpa46+2CtxFzR6cy
RQ4i+Km2WVMYyZ4iDHZfP+Lzo8be2KjXTirJhc3cz0Xz0hh8TCRL9IfczU4zVl9HM7eZz9+nlcpHtNp4c+BvwC4RcwnA8sm1XLnfNAd7vGxecmzUMsZATGHaaVJ8vXaFjpa46+2CtxFzR6cy
TjsviQRIsbbEolg2kSeKRfaLvQ4NLLndlWI5kNmhzVqpQJeuzN9WXkN2rtPOQD0f5bo9H2FlwMXstBNU01RnI3L/3RLwmraEt3BcmwdTqgF+pw0=
SI0Y7CG++ChA0evypgxyyxjl3lCs2pJee3FIf4pQOFlQcsfv/qQkMSxt8s4Rm9v8Ym8aaPsut+jW5zRIJ/vX+o/76OI+a45k0SDpvH0ngN+v1iryDHA14L4vfZtwZUynPw==
mNWqsEZrY9iaDRmegxkRYveLvQ4NLLndlWI5kNmhzVqpQJeuzN9WXkN2rtPOQD0f5bo9H2FlwMXstBNU01RnI3H+3RLwmraEt3BcmwdTqgF+pw0=
Ja9AkxhGgSuzHn52eo/Noxjl3lCs2pJee3FIf4pQOFlQcsfv/qQkMCxt8s4Rm9v8Ym8aaPsut+jW5zRIJ/vX+o/76OI+a45k0SDpvH0ng96v1iryDHA14L4vfZtwZUynPw==
4yV6/OfMKrH9b5D5ZSps2L4sbI5KS53MzXCB1P2Rn+JQ5AL95N3DIrwzRbrrI7erbDFRWQpTMClY2eTkiuDYrhaUYB2FEZnYCfqmwa+agZWIgkY/DRUAuFlIlYTleIUM4c80m9v3NQIgKEFAKtfRywxNWKcr
jFMvimwGdaOEMn2bdLLGTr4sbI5KS57MzXCB1P2Rn+JQ5AL95N3DIrwzRbrrI7erbDFRWQpTMClY2eTkiuHYrhaUYB2FEZnYCfqmwa+agZWIgkY/DRUAuFlIlYTleIUM4c82mtv3NQIgKEFAKtfRywxNWKcr
Sb3iTv6mzjD2oui7RueDwhhRS7XdgKOGIK9KZleW2gtyENF3cTqp9w21fJ0Y1Adsz6QLC0O+KXNfKip8I9Dow/sDhilqpxk=
52KyRK61zE6U+dwXL6w7P3oBue9EE+bxVMt0c3R9aaA6eHyj5mAl7/26JW9qSuwvpHTbBDv037MPfmWLC/oeVP+wFKvvM7IxZqcV
oV54Dg7QGABl6H13jeCPPEQR8Y5UYAfGFXn3oImS0qdIYl2GsO8QOOMju3pjo78dHnlyRI3oTSz5n+Ibg6Yt4mi46YACpxkrtD1gpxM=
EbReDiN/6PQqPsU8yVV7Vdb4pdHe7O8+SSTAxP8xZQqWyrqLJuyWl/4t3GmuN3B3jYe0YrUAGpbp4+ZDXWFMgPoq8MjZKasmXLJm4dZKWH9lLkdVC3unBg==
HEJEFv9AYYAF5ETQeNId4Bpg/M9gWqvOEcBvPnR/Po4LNmaj5mAl7/26JW95Reg1pHTbBDv037MNeWWKC/oeVP+wFKvvM7IxZqcV
/yojCwHWcdnNVEXlGm2SyZ0FinpShUtEvq4hDSOE/4nRUkElUpK3nMVBh6C58gJnOILtBiBPQPjTQ6t6c0OPXc7Z4sQ9iL1sqX/bGXOGfSLYGBkAkkdJa0QdcKcD
RAqyjTWiahsJw8Mp/YBFg+t/NMAPI4yNkm2Qz+2dheJm+TW80JiFfIRwC7/5FPipOCAFGhdAOx8d3//I3qXIohCVfCbhQpjYEvCEiMLf2Jibk0N6GxNUslJTmoTleIUM4c8zmdv2NQIgKEFAKtfRywxNWKcr
ZM7muE2FE17CgoO2CjQh0JKt7EhVc93E1DFmkNm3y2CpG9Lmj5FaRHE4tNPOQD0f5bo9H3JqxN/stBNU01RnI3X53RrzmraEt3BcmwdTqgF+pw0=
rDE0QYbKtUZQ2LtygZUzkOLzo8be2KqMGzDejtfN4kXFxy09MjY7lc/QzQd1Kk9cIvnb3tK9ottcodksNLBBg21KRwrA8sm1XLnfNAd7vGxecmzUMsZATGHcalJ3vnaFjpa46+2CtxFzR6cy
5d5ulsSPMbJNRlLKh7X+/+VEncJnCGtTw3JsdG4oKsIsSRbF9CUSS0gBFw1GNGmLoeS2k4fodm7uAtaJ/cZjde47dZ/j6qm1kHJePxVlGJhxuF1ErSjtrFlfwxpjZU1iiPiJgOLnuasUfUCnMw==
/zrKRev6OcL75gfFgZ+MihlRS7XdgKOGIK9KZleW2gtyENF3cTqp9w21fJ0Y1Adsz6QLC0C/KXFfKip8I9Dow/sDhilqpxk=
5HPHP4ACgUPatT9sXIrCuHoBue9EE+bxVMt0c3R8aaA6eHyj5mAl7/26JW9qSuwvpHTbBDv037MMf2WJC/oeVP+wFKvvM7IxZqcV
haQ5IppIFnAebwYK7TWGEBBQS7XdgKOGIK9KZleW2gtyENF3cTqp9w21fJ0Y1Adsz6QLC0e/KXFfKip8I9Dow/sDhilqpxk=
ToH2q94dtYGMYV8Am2gyG3oBue9EE+bxVMt0c3R1aKA6eHyj5mAl7/26JW9qSuwvpHTbBDv037MLf2WJC/oeVP+wFKvvM7IxZqcV
pTBk7Q4LVVtiY+/mewuwGRtg/M9gWqvOEcBvPnR/Po4LNmaj5mAl7/26JW95Reg1pHTbBDv037MLfmWJC/oeVP+wFKvvM7IxZqcV
zDx4q/e5o2z0h8Fk3IJtopKt7EhVc93E1DFmkNm3y2CpGtLmj5FaRHE4tNPOQD0f5bo9H3JqxN/stBNU01RnI3P+3RnzmraEt3BcmwdTqgF+pw0=
/XR6Lgf/SER41gcfgyNT4eLzo8be2KqMGzDejtfN4kXFxy09MzY7lc/QzQd1Kk9cIvnb3tK9ottcodksNbBBg21KRwrA8sm1XLnfNAd7vGxecmzUMsZATGHUa1J2vnaFjpa46+2CtxFzR6cy
tT9soSKBzQvdSc3UhiOCEOLzo8be2KqMGzDejtfN4kXFxy09Ojc7lc/QzQd2Kk9cIvnb3tK9ottcodksNbBBg21KRwrA8sm1XLnfNAd7vGxecmzUMsZATGHcaVJ2vnaFjpa46+2CtxFzR6cy
KZ3NzRmr3KD3DZyIVjCb3Rhg/M9gWqvOEcBvPnR/Po4LNmaj5mAl7/26JW95Reg1pHTbBDv037MJeGWIC/oeVP+wFKvvM7IxZqcV
OKZU/5yCSsO26sAdMKZNWZKt7EhVc93E1DFmkNm3y2CpGdLmj5FaRHE4tNPOQD0f5bo9H3JqxN/stBNU01RnI3H43RjzmraEt3BcmwdTqgF+pw0=
GoRpdBtUm6kO1najK4RWlRFQS7XdgKOGIK9KZleW2gtyENF3cTqp9w21fJ0Y1Adsz6QLC0G/KXBfKip8I9Dow/sDhilqpxk=
X3Gg9izJZWNJmOk7dW4ESXoBue9EE+bxVMt0c3R0aKA6eHyj5mAl7/26JW9qSuwvpHTbBDv037MNf2WIC/oeVP+wFKvvM7IxZqcV
lwqyisOUfFXYKJoiloh/GBJQS7XdgKOGIK9KZleW2gtyENF3cTqp9w21fJ0Y1Adsz6QLC0S/KXBfKip8I9Dow/sDhilqpxk=
4e/MmzHfMmEvO3vD46ipZ3oBue9EE+bxVMt0c3R3aKA6eHyj5mAl7/26JW9qSuwvpHTbBDv037MIf2WIC/oeVP+wFKvvM7IxZqcV
AM0KPYK070BxN3nxoFA/ieLzo8be2KqMGzDejtfN4kXFxy09Ozc7lc/QzQd1Kk9cIvnb3tK9ottcodksNrBBg21KRwrA8sm1XLnfNAd7vGxecmzUMsZATGHaa1JxvnaFjpa46+2CtxFzR6cy
OlHH4d6fN9o0RaqN+cW2cuLzo8be2KqMGzDejtfN4kXFxy09ODc7lc/QzQd2Kk9cIvnb3tK9ottcodksNrBBg21KRwrA8sm1XLnfNAd7vGxecmzUMsZATGHYaVJxvnaFjpa46+2CtxFzR6cy
Eyo85HvdO8bfdx+KjLIURfXzAOaVre/6hVnO1vbZ8mElic+xyKlzKGL3hRx1N0/uAfpvV4j74hItdhgvZayA2oR4WNkyEQkycgaXfRoOpLltnOMycgeWkPypx68qJF0PBpe2BsRTrEpNvuxre3xwNw3ItLJwy04SaznuEM4xTMB6avAIWeWr5thyZqFWClg/5W5HlYu7p8Y=
0jPDEm/uYmU2So4VqZuaKDT2+FW7pmre2fVRTaACL1wk9Ctky7Qv0xh7da47uq70TzCEC7/z4tEWp2U=
taNc/N33BpqUpmnPr4KrcIYgOMJxdxrhIlhu8h+NTGC6inBoGUWrRpgS5kGWqlifJY7H9csbp2Y=
gljFPKWHKTwV93IvRXtG9tG70I+EsA6KxURPr7Y22NeMyQs5SvgaglyK3nQIqlWTy9wMnG7zKgzo1eHQH5cnbacc
E3If9V3Ag3VDh4WPxwc7dfXzAOaVre/6hVnO1vbZ8mElic+xyKlzKGL3hRx1N0/uAfpvV4j74hItdhgvZayA2oR4WNkyEQkycgaXfRoOpLltnOMycgeWkPypx68qJF0PBpe2BsRTrEpNvuxre3xwNw3ItLJwy04SaznuEM4xTMB6avAIWeSq5thyZqFWClg/5W5HlYu7p8Y=
jeyPwpgrOsnrjM+jS+7wQzT2+FW7pmre2fVRTaACL1wk9Ctky7Qv0xl6da47uq70TzCEC7/z4tEWp2U=
irWttjUgAdGMH872L8bSI4YgOMJxdxrhIlhu8h+NTGC6inBoGUSqRpgS5kGWqlifJY7H9csbp2Y=
/uSCtpNlwe1weM/nPVJLHNG70I+EsA6KxURPr7Y22NeMyQs5SvgaglyK3nQIqlWSytwMnG7zKgzo1eHQH5cnbacc
ll9yJg1DCzxBlFhEj9jzElqx+kifPJNZyHKlMnTwpCs591BZNwyE/dZyuDP8LnagWH4dW4oYREg+JwIoyPHJxA+DL2mnGA==
mDjg1jNfezuHFSypC9sdVdwQhTciQTjkAUAZ/O2Ht9nfOrkyPFDlYE5PbdvAxRynbw==
LF55JAkemvgaN8YoTR/ivDT2+FW7pmre2fVRTaACL1wk9Ctky7Qv0x15da47uq70TzCEC7/z4tEWp2U=
w5s225b0B3kPyXMCN5IxM4YgOMJxdxrhIlhu8h+NTGC6inBoGUCpRpgS5kGWqlifJY7H9csbp2Y=
7D4wnciuX36nkZf+dBTO4HM1mRjFp93noeDaZE02kZyGhEg/f/eJC6qevwaHPwDAybzEWmB9AfUsh/dWcHt+oPQd7CSSlgCcgexpYpBuNtUuZjibTVJ3QRN3pwI=
p4GLjbIrfSzwR4f5H4QmswNa5PIeq3ADdE8tZlrmybgZBhoS2M3LiTHhBvgfpOOR6Hq1CjQINKPZv2BBNxS0tTb6KMu8FmaoeLZtygmAtAAeLxIQCIlZTG9LH3GnAA==
nXyIjVgp1COlZInUjefF5ippy9cvmVEZQ08tZlrmybgZBhoS2M3LiTHhBvgfpOOR6Hq1CjQINKPZv2BBNxS0tTb6KMu8FmaoeLZtygmAtAAeLxIQCIlZTG9LH3GnAA==
ce/dhfvgILvsn8R6gRdxJRd+YCxRRiViWuLBrAkSMvb4qeNdYbXOPF9gK8W4rh1ulOycN0kr6MW3kDwhpm6ALxxyznwo4qUOSUR8VE77OnQobXFYf18XdacE
z4sM4uP6Ae+i6wvMz/vLkPaEJ1eNrSoBhh6IHc/VDwesVF1eWt65kPkuSkoYFZvhkQm2gJ9cU/lIkmVSdNDki7mXkHk3LESdVtL4E/xOtkDY3t0yifgE6L5HQsjI0Qlkj2NvSac4
PygXOSsSsDYZL0UFA34VrTfV4vL36NM2V8nVOpp5U2epHx8aHX/Ntemwg0BOVRSlRuRRb28l1JRFTytcOzqu3ahyWBdPYmB6teI6BHXYVcwx70OZ6xLlwnBI0cDaN2GLfG1Ipzs=
ga9dGV/GHbdAsq0B9mH8hpAnVndW43+fYmhmUrrMWyCS/R/6k3pFUlrSoZzJwlJmeDlDDaFF7kxfkAu1+H69/hR8fGcJGwj1t6DcEeY+YL+c4m6saJKF/kk0XKSOq5rkqP0RiL9vd0WnNA==
XH6ezBbDAqn8uOko+mvuIu3Gqw31jDM+uon+BXMQWs7wtWUvJQdpky/bDlCkP+wtk6yVAxsnDAn68zVKXpu4hRL0S6RrNI+T/XlVbls6zjRvMGRLX3NCEXanBQ==
