I92tbAIgGUSbfl5us7cGkmLNyvtPWbqywF92CWuKiv1VyjIoMoTxGFyNhJJo/WO99dc4sYqNDuQhgLl8TUeQ27/327JUk4VgLo8NW6AFfKcP
G3YfdA8B987HoTlvjd2ZQ/lwwgb8JdZY4irifMFq1PMIPn9Y03kB8ZihUpYeo5RTaaQ7EjFkC0FJCdIpfj4XnI/QUFtu/y4sdWZS3nSMpkWAz3k3oYSSxMIWqv3Oy++U8NXa6Sr0i1cdO1FX2OcYO3mVTPsBcOe/CR0yfj4jZKlpko8Ur7M6R8jyIVGpmyhkZR2sIZxptBi/0oNGTYZObZggPijrsUnw+/vsBNWYNUzRL+ubi1/HQlgLscB690ELHC3op5s=
I8Sk4FcY7RhausCTs+4yiflwwgb8JdZY4irifMFq1PMIPn9Y03kB8ZihUpYeo5RTaaQ7EjFkC0FJCdIpfj4XnI/QUFtu/y4sdWZS3nSMpkWAz3k3oYSSxMIWqv3Oy++U8NXa6Sr0i1cdO1FX2OcYO3mVTPsBcOe/CR0yfj4jZKlpko8Ur7M6R8jyIVGpmyhkZR2sIZxptBi/0oNGTYZObZggPijrsUnw+/vsBNWYNUzRL+qbi1/HQlgLscB690ELHC3op5s=
A5VQWSw3zbanXDWW/Pi9td/4242Yog+Y1FQMv6lj2N23iAxpRuYQl1yK3nQIqlWWytwBnm77KQzo1eHQH5cnbacc
Y27FgzvdihkvF02SORLe7Qyl0O696JNjsLOI64AMeBDR3K2Plt1Mh5gl1eUP0U1uot/f/CTM9SR/V/EuXofo0vB6kGW4go6yShD6wG9D0gJvs/iyXBlsQEd6o5qM3oq/C78Ss+wK51UEgWAxurCExPD+/QBaGz70EdWLX3wellCYbn0CisipWn5fYRhIAel0T5OPuafI
Da6BJOvCS74U0xI05qzkGZwFinpShUtEvq4hDSOE/4nRUkElUpK3nMVBh6C58gJnOILtBiBPQPjTQ6t6c0OPXc7Z4sQ9iL1sqX/bGnOPfyLQGxkAkkdJa0QdcKcD
6atDG/nAxFo343jmmkdZIg2ewy7QctQXm2e4PG6j4S089FFSWkiV6tFhsyP8LnagWH4dUooYSUo+LwEoyPHJxA+DL2mnGA==
8mZcsE9jbtCX9leVW+zqzgyewy7QctQXm2e4PG6j4S089FFSWkiV6tFhsyP8LnagWH4dUooYSUo+LwEoyPHJxA+DL2mnGA==
cPK0omxXP5XUNGwzeYik3igFhbdm5hhiED4MWyvL4NAOT3mBjHjJ3trEDWZhzSvPnMIuDOgyxR5KVJEGDgNZxKgd0eg/jzdlpxQ=
mrI2fwanwzgBhv7OtaUMsQuewy7QctQXm2e4PG6j4S089FFSWkiV6tFhsyP8LnagWH4dUooYSUo+LwEoyPHJxA+DL2mnGA==
FJ/VRUrBskeuULE44f7ZHwqewy7QctQXm2e4PG6j4S089FFSWkiV6tFhsyP8LnagWH4dUooYSUo+LwEoyPHJxA+DL2mnGA==
WUm5k+a5v3OIZYNeZ4MW/isFhbdm5hhiED4MWyvL4NAOT3mBjHjJ3trEDWZhzSvPnMIuDOgyxR5KVJEGDgNZxKgd0eg/jzdlpxQ=
D3XuhMWLFf0RIniO6Nv9uwmewy7QctQXm2e4PG6j4S089FFSWkiV6tFhsyP8LnagWH4dUooYSUo+LwEoyPHJxA+DL2mnGA==
An/oC6Xr245aCmsdb/1yRwiewy7QctQXm2e4PG6j4S089FFSWkiV6tFhsyP8LnagWH4dUooYSUo+LwEoyPHJxA+DL2mnGA==
6aBYrbLE0Ni5po5l/2ujySoFhbdm5hhiED4MWyvL4NAOT3mBjHjJ3trEDWZhzSvPnMIuDOgyxR5KVJEGDgNZxKgd0eg/jzdlpxQ=
EoFdA20t8JNpjefB+gYITweewy7QctQXm2e4PG6j4S089FFSWkiV6tFhsyP8LnagWH4dUooYSUo+LwEoyPHJxA+DL2mnGA==
WwQOEBdChOp5Vaq5tsgMBQaewy7QctQXm2e4PG6j4S089FFSWkiV6tFhsyP8LnagWH4dUooYSUo+LwEoyPHJxA+DL2mnGA==
GhaDdb/alw4sSsGjhVKKMy0Fhbdm5hhiED4MWyvL4NAOT3mBjHjJ3trEDWZhzSvPnMIuDOgyxR5KVJEGDgNZxKgd0eg/jzdlpxQ=
RlD8tZL6yI5Njw4j5nTAVRBSS7XdgKOGIK9KZleW2gtyENF3cTqp9w21fJ0Y1Adsz6QLC0G6KXtdKiJ/I9Dow/sDhilqpxk=
J+Dtz2wiTe8seBNwXXOqMBFSS7XdgKOGIK9KZleW2gtyENF3cTqp9w21fJ0Y1Adsz6QLC0G6KXtdKiJ/I9Dow/sDhilqpxk=
Z0ZkBSOR6kmlp+VQbhyIQiwFhbdm5hhiED4MWyvL4NAOT3mBjHjJ3trEDWZhzSvPnMIuDOgyxR5KVJEGDgNZxKgd0eg/jzdlpxQ=
sy4LbPxdreJ1gvARu5MN5hJSS7XdgKOGIK9KZleW2gtyENF3cTqp9w21fJ0Y1Adsz6QLC0G6KXtdKiJ/I9Dow/sDhilqpxk=
5RBIE8lqNYf5XwrV10ejaxNSS7XdgKOGIK9KZleW2gtyENF3cTqp9w21fJ0Y1Adsz6QLC0G6KXtdKiJ/I9Dow/sDhilqpxk=
yG+na6SHUkhP+umyNfBK5C8Fhbdm5hhiED4MWyvL4NAOT3mBjHjJ3trEDWZhzSvPnMIuDOgyxR5KVJEGDgNZxKgd0eg/jzdlpxQ=
CdwzKxeCtm0idQhk/TaGmRRSS7XdgKOGIK9KZleW2gtyENF3cTqp9w21fJ0Y1Adsz6QLC0G6KXtdKiJ/I9Dow/sDhilqpxk=
ObpSsgY4JaxqhOTIoGmkii4Fhbdm5hhiED4MWyvL4NAOT3mBjHjJ3trEDWZhzSvPnMIuDOgyxR5KVJEGDgNZxKgd0eg/jzdlpxQ=
MfcJB7a10m8ln//qXWU3xBVSS7XdgKOGIK9KZleW2gtyENF3cTqp9w21fJ0Y1Adsz6QLC0G6KXtdKiJ/I9Dow/sDhilqpxk=
D7k+uZh96fNir1C0RJsCgg+ewy7QctQXm2e4PG6j4S089FFSWkiV6tFhsyP8LnagWH4dUooYSUo+LwEoyPHJxA+DL2mnGA==
69BO+Q9eMXHiYm49EaOB3Q6ewy7QctQXm2e4PG6j4S089FFSWkiV6tFhsyP8LnagWH4dUooYSUo+LwEoyPHJxA+DL2mnGA==
Un66LL7CXHDcz0J3nwf3likFhbdm5hhiED4MWyvL4NAOT3mBjHjJ3trEDWZhzSvPnMIuDOgyxR5KVJEGDgNZxKgd0eg/jzdlpxQ=
lilp7CwpQ73Yi9eik5T+aRZSS7XdgKOGIK9KZleW2gtyENF3cTqp9w21fJ0Y1Adsz6QLC0G6KXtdKiJ/I9Dow/sDhilqpxk=
1meR0MvTEvHma8NDkTayMxdSS7XdgKOGIK9KZleW2gtyENF3cTqp9w21fJ0Y1Adsz6QLC0G6KXtdKiJ/I9Dow/sDhilqpxk=
d9hDXqgvg4Yjaj+TZpm2oSEFhbdm5hhiED4MWyvL4NAOT3mBjHjJ3trEDWZhzSvPnMIuDOgyxR5KVJEGDgNZxKgd0eg/jzdlpxQ=
B1ZPIm7m4jf6WWNOMMMbqRhSS7XdgKOGIK9KZleW2gtyENF3cTqp9w21fJ0Y1Adsz6QLC0G6KXtdKiJ/I9Dow/sDhilqpxk=
p+hHgf3I2GzbJr916EETuyAFhbdm5hhiED4MWyvL4NAOT3mBjHjJ3trEDWZhzSvPnMIuDOgyxR5KVJEGDgNZxKgd0eg/jzdlpxQ=
1PWZ/pidw8BpMuE2mpqouxBRS7XdgKOGIK9KZleW2gtyENF3cTqp9w21fJ0Y1Adsz6QLC0G6KXtdKiJ/I9Dow/sDhilqpxk=
uX4GsArA+yobLJC9VSby9xFRS7XdgKOGIK9KZleW2gtyENF3cTqp9w21fJ0Y1Adsz6QLC0G6KXtdKiJ/I9Dow/sDhilqpxk=
uQrEjwdi7zDaxWgKqPpZYR5g/M9gWqvOEcBvPnR/Po4LNmaj5mAl7/26JW95Reg1pHTbBDv037MNemWDCfoWV/+wFKvvM7IxZqcV
JTH55LWBfY9Q1z5j311lO0UR8Y5UYAfGFXn3oImS0qdIYl2GsO8QOOMju3pjo78dHnlyRI3oTSz5n+sag68v4mC76YACpxkrtD1gpxM=
ql8JwQzDbDsfSjCVJnSduR9g/M9gWqvOEcBvPnR/Po4LNmaj5mAl7/26JW95Reg1pHTbBDv037MNemWDCfoWV/+wFKvvM7IxZqcV
ZgWJoSv+GbWBockshpVUUB4j8dh6Wq7NEcBvPnR/Po4LNmaj5mAl7/26JW95Reg1pHTbBDv037MNemWDCfoWV/+wFKvvM7IxZqcV
Cj0LDelrYHoaksNiIGsEwx8j8dh6Wq7NEcBvPnR/Po4LNmaj5mAl7/26JW95Reg1pHTbBDv037MNemWDCfoWV/+wFKvvM7IxZqcV
ZTbNkwBWct4SqhSnkaJ4chxg/M9gWqvOEcBvPnR/Po4LNmaj5mAl7/26JW95Reg1pHTbBDv037MNemWDCfoWV/+wFKvvM7IxZqcV
CzDyFs6voK6F5Pzil1Mlzx1g/M9gWqvOEcBvPnR/Po4LNmaj5mAl7/26JW95Reg1pHTbBDv037MNemWDCfoWV/+wFKvvM7IxZqcV
Ut1w0G6nNs+tmxJ8G8JqXxZRS7XdgKOGIK9KZleW2gtyENF3cTqp9w21fJ0Y1Adsz6QLC0G6KXtdKiJ/I9Dow/sDhilqpxk=
iN4UW8AmVEj5h8uf5H4z5RdRS7XdgKOGIK9KZleW2gtyENF3cTqp9w21fJ0Y1Adsz6QLC0G6KXtdKiJ/I9Dow/sDhilqpxk=
wmiKepdu4Fvd5NgDU1aI+PaLvQ4NLLndlWI5kNmhzVqpQJeuzN9WXkN2rtPOQD0f5bo9H2FlwMXstBNU01RnI3X63RPxmr6Ht3BcmwdTqgF+pw0=
tJA8sQqfv63DsCjBvS9GO/eLvQ4NLLndlWI5kNmhzVqpQJeuzN9WXkN2rtPOQD0f5bo9H2FlwMXstBNU01RnI3X63RPxmr6Ht3BcmwdTqgF+pw0=
V/YgWGuLPtYQdlsxLnH9JRhRS7XdgKOGIK9KZleW2gtyENF3cTqp9w21fJ0Y1Adsz6QLC0G6KXtdKiJ/I9Dow/sDhilqpxk=
EUT7ljdYGl7dV/ZJFpLzf0QR8Y5UYAfGFXn3oImS0qdIYl2GsO8QOOMju3pjo78dHnlyRI3oTSz5n+sag68v4mC76YACpxkrtD1gpxM=
Qa/X/U2Mr47CK6s/ORrUZRpg/M9gWqvOEcBvPnR/Po4LNmaj5mAl7/26JW95Reg1pHTbBDv037MNemWDCfoWV/+wFKvvM7IxZqcV
Gd8obSV9JIEYgnEuWX56uZ0FinpShUtEvq4hDSOE/4nRUkElUpK3nMVBh6C58gJnOILtBiBPQPjTQ6t6c0OPXc7Z4sQ9iL1sqX/bGnOPfyLQGxkAkkdJa0QdcKcD
ch1bVt3pCVqMDB9JEEu4KhlRS7XdgKOGIK9KZleW2gtyENF3cTqp9w21fJ0Y1Adsz6QLC0G6KXtdKiJ/I9Dow/sDhilqpxk=
0dD98BrCrbXmBjEhpXIueBBQS7XdgKOGIK9KZleW2gtyENF3cTqp9w21fJ0Y1Adsz6QLC0G6KXtdKiJ/I9Dow/sDhilqpxk=
iojHcbuu21aL9TGJQcy12htg/M9gWqvOEcBvPnR/Po4LNmaj5mAl7/26JW95Reg1pHTbBDv037MNemWDCfoWV/+wFKvvM7IxZqcV
LX80/ssMq/CSDMm8TAAIBRhg/M9gWqvOEcBvPnR/Po4LNmaj5mAl7/26JW95Reg1pHTbBDv037MNemWDCfoWV/+wFKvvM7IxZqcV
Bxkx3XRGkaMJe8XxsyGnTBFQS7XdgKOGIK9KZleW2gtyENF3cTqp9w21fJ0Y1Adsz6QLC0G6KXtdKiJ/I9Dow/sDhilqpxk=
gfbCFSlJyA9mDX4/GLBDzxJQS7XdgKOGIK9KZleW2gtyENF3cTqp9w21fJ0Y1Adsz6QLC0G6KXtdKiJ/I9Dow/sDhilqpxk=
ESd6eALcFBOx8y6f1m3uXVqx+kifPJNZyHKlMnTwpCs591BZNwyE/dZyuDP8LnagWH4dU4oYSUo+LwEoyPHJxA+DL2mnGA==
qtfkGKOk7JkcrYh8Lc8xYFqx+kifPJNZyHanPHTwpCs591BZNwyE/dZyuDP8LnagWH4dU4oYSUo+LwEoyPHJxA+DL2mnGA==
riJYLFT85DJaHOh8bJy/R5dW/wLJQ/Agt/t9Y47JX////zl11i4dZHk0Y7RjFLdDhPrtM6FazicH8Mz71xOaIW6nHQ==
yDAVkdUVpuvHdD9vzuCq+lrSm1ooVApKPenUkVvFGH+9Plwmqz9SpekPiSHKFgyH6E88+e4YuTmAr1zXErmy34ovRvrQ1HdvgNRXjgRJbtCLU7BXFoWleWUdXwy3DTSm1iu+apRrsQUGEnCu6VsBPm3HxSYHl/d2XodLPs3rp4kSS9Xgmtq/6EEsT8lo+g/M5pKTXHxVVPj9bRXLXmsPM5U/YCDEimOLwO3XLR7UcgZJltEBYYznNMYwwA0q5pafT6cKpfSXl4V+tGb5oI3AyXpsx5BnGedIgYI4RWMULkfV7PgK0mDf97m9Og0XShoNnVIk6Z4G1ef/bYDvEccpfDJncTupeWKhveoYYmFWJBxvXQN0tJxUutzNOIf5THaZ3CmsuI2Pi3en567LDmPfeWqbp5zBJ98xRM7ILzIxr57JlOm//N+e/tfh37f+/EPxCkG6hRJAqf719rvK2LWebLjo7f3PKO23GjSjNKMU98NE+q2zYVqOp8fwjHsXE9qhrqfd
V1CLxpMZOaM88lpTkIPXhJen3PYHFtayhMpcKLGNxHu6MFndTmJQ2QVt+PodhieATxjErWoGwsQ+zknqpjuwar+nltfkmTALAKaZfzy6bKflx248wyXNnQEk/+qFwp4EsY0IcctbgG+fQNPZ2r1sqhdIYDq3sFxs85ZQcb92DN73vocVS9Dqgc6u3n4EYusLlmaykcLGBjcRFT4ytcgZrZf23XKfxYp/PtIdX2Var51Y+5jeJmS7yihG0inIPf/5Ok9RiOdP76/DxvMB3Aubg6Hp90180opsHeZOjpolV1AoF2nyjJ1gqRSuoeb1d0/UhtPTSqLRE3XiNEFQ1T1dgluw8rXn9LEy7fMXAkK1wIK6zeKYjdauf1iV/JOVZdWKMA/3uwmJkra7umG476PJDW/WZ32rkqbqA/5XK7a1XWFt9tCOVCx1JwtPCCgJMlVdUOpPvdEvH5nEKHh6biZYawknwh8ICBc03Bxhxfxu9uBYvp0TitjJCj7vgejIsUkED8OvqafY
Bz9zr+lLDpsTfUtJZR+eKdUcXHu9f86KhYpJBvfpKb4URQ5bcMVivvi/h/N82/WPYFmIkXO8hxK3bXigYO0eyNhjwDgG0J4F93LmG4lcqBPuaX7tkiRJ9FoMi/c0dAP2WHliOH+TBP+a9fnBsf2rFItdeM5CqyqCWLuNHXJyJBY1q42W2YexTgunK46KJ/+msbvroQZLwcjWisNw9YybMbTKA6SS0if08KWIQKkNYdNiu8PbAb/0SIjaX5M0DQOVQqT+rv1WJeltvLtMkpB0ldY2Wrdbpx6NOEdrHcoUMoH8vcwhjqxzOOtpu/BVYsxdX0RiL0FsbOIesOPvzd1utcu6lqUpElCBkjYJHyvNNHdtl2VUJmdlE+UpHjkJSsyavWYodBsdt9w4bIgCiK1Mn8WcunFIqTjQwd+3b1MHenNSE1PR3ltTdM0Xg0kQbny3zuFjtt2U/ZcwD2JmY0GLz6LMTxn+gQ4tnjD1RiEWT9Lk5dIELGh5FQP40a9uVPeMf+R7a/C62dttalJfE1A442tDlom6p8k=
KaIH+gtHlL1mDJacGEI07ucyidalgDep3Z5N4WzgmhMyh7I+eA60ss1oR2cQgD0e/idYwAf/2RF1jLBFEofJZk0NWJfjA8LUaHqGdcJ5guWWJE38phynjxBU5y50CT7wu1NAt8ZFFRkVnc+sZ83ERsYrrgrkK+GllpKATlkbUV4dx/UG11cH1u4H216dq5epAkvFwKqa74jRrP9pmDrf7NaS4zwsFeQYDe2Faw4rf1OFP3DANEqzK1Btp02uFKLmuZbhITHMl5R2sFDt+iamv1+nGoXEV0dl7jTWWdDNkOlKbDdwt9lXKPECqOWz1N6nxezoaqIgj1cpPcrtpwpKbe1SFMlOxiVHT+0Qj0GHGVwiZ2EbmTkywS1qqMKRlvQ8X11zFOTc5FosTagnqQwG+cwpvFh9T1vXN2feq76jD5mam5e8kWevkfROWM/i8Z++2ZT5n8wfTh5HYW8XjrwT0TpBSmXCgBmehXYragh1boyo6P2dv2i9F4q0U9QTVKejNPqdk7Gafgd3cBwbR1Pqgb6nzQ==
QgEHuD6aVh9IZW0fCagc1Y9En2WrBR4m1gSCYmZd0azk9xJZme0ksgwT0NkoH9KG863Npit1BjfjxGLhOCax2Wg1hKJcBN7/DLdQMkoWw9msSoS9crW6lkMpvVOPVHN1dAZpXhDI1EDNhPZ5whjZPGG0g6tTP1CkJRBbdqSLd663HcTBmvOALwJWAOhN+rf/KzGqCSRrH3X0SDUAdZX7qEZSM3I8nGHsoIWp2g7qml4RpzE12InOkLYxVeXF4CMUGOaULhATTKtdBRePH8q7I6Z/CL8dCd3ybyJS3BDG+y/ImYM8HqvG3PH6NOZNk1XEQ63D+8DnJjPz9d3bZGIaVxvk5gler4/dTHFUmjrzomnpsfEwN6fBwixRKZvVPmCJMimbi7q3eds25VMmBVze27vWcs8GjxBVlexMBxRvvLxtiOW9KyLecc80QutHk+qG7V4ll1lUI7JO6+euBTSFIRuskr9kNKIvvqYtrLrZEGeQXaUPEZyIzYslSZNm8JMoLVZ/6S17t/T7g8socoyLzHulxp/ZN5V07FDU9kGh4x2EBlm4cWvIiJMD8dWLvwxalDTezBz9MWU+AciSY/J0Dq2r7KSSFgAcgW1q4p3sNl0t5jgbTdJ3wRP3p4I=
iEQ5F4uA+cuPvD6OCj/7BLaMNlvSXoiwaXmwFsvWK+/Vg8kS1zDauPcuIkJ8Jy1Vs2uP+Nb2BjBgkiy2CaqDguTMB+viFm9BupymJ8ZgfLWOEEl9WVy3kKJ3oDLnX6EmYcGSzkpYQviqa+TzyCYMgxGkK2X3/rmoH4lGuhI/enDQof6ClFp/DBrRn6NYwj5+c7RW+zhuaG39DvCsEhUWOtX3SGiOH+/81+hWpbE7bQXix4g+jyjZJJYTWUMGZMt0j3Wg/wSlU4QBVgBB1nc0s2JhED6igA8MlrFeJOcR/WtWdxdRjVcUWK12hv22cGxifcwPn+T2NGNuErdku8jwtpS//glpnSxdd8IGaUq3DWSEFPbTQmDM9V5IQoNn13+qxo25qvZMZKzAG1ss9lY8WJFrd82U0XlylFGzsor1UL67+1EdjjOf/8fgfGc/p0dB7H2zmrZ+D+7qAMG9LSg6pDpmcr32G7d0mMXS6SLkYzfFa2mXgBdg29ElxHuJAA8fsa1qvkbzPIlBgocUp6MSZ5AiWZHxK5DEjW0koRTZHPjHItuGddaWDXAwNijjoSEQoyvURA3ozSx5n2oaA6+v4uC7aYCCp5krND3gp5M=
rE8g+R3LVN0TQRxVaQa6FdUIrkH+HV6Wo3VXEsyGz/sJolkKjB4D/vHiXojer5Suvjlh/A6F5IKAAZjZ2KW93ZuPdsBQr4Kg+BazFCmgxEGW3EgGW+j2dY9AlbaAwW7NlSY8cKCXQyQMYtyEf6+S+XyHPWEJH31zUpXrhOSoQsG0163ZeKVhe/5bw8dNXSN+MFRcySerifVYvVCpTKWtR6GW+oZaMU04O3MqT9SaQou/SBqjLEvmTXxey4eKA7YbiFOXjfpg5SeV0rCQEw13B2U6ae78bRof1ymE6V6rf6ls+Zm8+n2hZV4n15tZTwsz/p5uh18AFmxwi4Q/xoMgeevRKBRSOsKkD6AcBghHaqmdxRCNG+oSaV6fYbS4TAJz1phQRbIg9kMT/1Pa2rWtSsIUmPxs88+sYj6QiO2zQ62A6WWCuHlH8j4dPA4ng8W9+uujryvIaGcrj6sR0KXHOiIGk16G6HX92QAWVCZeZt3Cw8ukNK1GabYMz2c5M113lC98q/0NsLs9aOOvLVX+HrKrAFktqpMUs4t+t6x6rTFl0wx0YQWQYWDxMIjbGs9mQY5qXdzYoqh3yY3A3/PgJBnQ0dxVt55at0fDUnzD/SD2f6V72BX0p4c=
w2xrsEJrx822EeHrY37iZZcbSs+yYHJs3OWxBkuS81Hc8BuEI1RZNn3LUweVyuOauQtrAguKaWZdQlJ/gGfzw9dA7jVtKHLxBtlcHvl1EBrx7fIQhlVmks5zVaocVk2sbrvS6lTCA9fCXtFbhyvmiryGq+fRXgGodAYxbTT9SAMrCfdhtaTCz7x5ZcpRMlzhWLCM7EunI50X1pCmp6oBhVCVBX74zWXJJKaLLNrgjdCZyRuu+I9XVgX+HrnU/XvCfsGp612nchhhYKo/TpV97x9xDyjOBDXVSGAExf3G5WxhFWmoXYYJxv6uUZEZN/B3vY6V8f5JeE5aPFnfPaecxAaCDuRDWEhW/G82SaGtBL1v8h5pUocVhKwkPpOKsKQV5ti6A99HBwpu3XHqvrwMjNhrQyzupiR4eRu/DdwB0dJswQsy8mXo3lOrGd3GA7ef39BkZyeXXyHETfta/i7njlKQuT2VuMIEkrY6fT5rX1SANcrpOpR7F62bIddIR8h7qbV8+3GQt//ZfaL+jsMUaVmynxS/kwqHuBKR0Tn7+CQ1/dwhrElkWG9yE8Y9Jv4taEAuKPtROTBLWxyERThljIEP0pp7PxeCCOshQMqXsUssDfiniw==
w2xrsEJrx822EeHrY37iZZcbSs+yYHJs3OWxBkuS81Hc8BuEI1RZNn3LUweVyuOauQtrAguKaWZdQlJ/gGfzw9dA7jVtKHLxBtlcHvl1EBrx7fIQhlVmks5zVaocVk2sbrvS6lTCA9fCXtFbhyvmiryGq+fRXgGodAYxbTT9SAMrCfdhtaTCz7x5ZcpRMlzhWLCM7EunI50X1pCmp6oBhVCVBX74zWXJJKaLLNrgjdCZyRuu+I9XVgX+HrnU/XvCfsGp612nchhhYKo/TpV97x9xDyjOBDXVSGAExf3G5WxhFWmoXYYJxv6uUZEZN/B3vY6V8f5JeE5aPFnfPaecxAaCDuRDWEhW/G82SaGtBL1v8h5pUocVhKwkPpOKsKQV5ti6A99HBwpu3XHqvrwMjNhrQyzupiR4eRu/DdwB0dJswQsy8mXo3lOrGd3GA7ef39BkZyeXXyHETfta/i7njlKQuT2VuMIEkrY6fT5rX1SANcrpOpR7F62bIddIR8h7qbV8+3GQt//ZfaL+jsMUaVmynxS/kwqHuBKR0Tn7+CQ1/dwhrElkWG9yE8Y9Jv4taEAuKPtROTBLWxyERThljIEP0pp7PxeCCOshQMqXsUssDfiniw==
rE8g+R3LVN0TQRxVaQa6FdUIrkH+HV6Wo3VXEsyGz/sJolkKjB4D/vHiXojer5Suvjlh/A6F5IKAAZjZ2KW93ZuPdsBQr4Kg+BazFCmgxEGW3EgGW+j2dY9AlbaAwW7NlSY8cKCXQyQMYtyEf6+S+XyHPWEJH31zUpXrhOSoQsG0163ZeKVhe/5bw8dNXSN+MFRcySerifVYvVCpTKWtR6GW+oZaMU04O3MqT9SaQou/SBqjLEvmTXxey4eKA7YbiFOXjfpg5SeV0rCQEw13B2U6ae78bRof1ymE6V6rf6ls+Zm8+n2hZV4n15tZTwsz/p5uh18AFmxwi4Q/xoMgeevRKBRSOsKkD6AcBghHaqmdxRCNG+oSaV6fYbS4TAJz1phQRbIg9kMT/1Pa2rWtSsIUmPxs88+sYj6QiO2zQ62A6WWCuHlH8j4dPA4ng8W9+uujryvIaGcrj6sR0KXHOiIGk16G6HX92QAWVCZeZt3Cw8ukNK1GabYMz2c5M113lC98q/0NsLs9aOOvLVX+HrKrAFktqpMUs4t+t6x6rTFl0wx0YQWQYWDxMIjbGs9mQY5qXdzYoqh3yY3A3/PgJBnQ0dxVt55at0fDUnzD/SD2f6V72BX0p4c=
KaIH+gtHlL1mDJacGEI07ucyidalgDep3Z5N4WzgmhMyh7I+eA60ss1oR2cQgD0e/idYwAf/2RF1jLBFEofJZk0NWJfjA8LUaHqGdcJ5guWWJE38phynjxBU5y50CT7wu1NAt8ZFFRkVnc+sZ83ERsYrrgrkK+GllpKATlkbUV4dx/UG11cH1u4H216dq5epAkvFwKqa74jRrP9pmDrf7NaS4zwsFeQYDe2Faw4rf1OFP3DANEqzK1Btp02uFKLmuZbhITHMl5R2sFDt+iamv1+nGoXEV0dl7jTWWdDNkOlKbDdwt9lXKPECqOWz1N6nxezoaqIgj1cpPcrtpwpKbe1SFMlOxiVHT+0Qj0GHGVwiZ2EbmTkywS1qqMKRlvQ8X11zFOTc5FosTagnqQwG+cwpvFh9T1vXN2feq76jD5mam5e8kWevkfROWM/i8Z++2ZT5n8wfTh5HYW8XjrwT0TpBSmXCgBmehXYragh1boyo6P2dv2i9F4q0U9QTVKejNPqdk7Gafgd3cBwbR1Pqgb6nzQ==
Bz9zr+lLDpsTfUtJZR+eKdUcXHu9f86KhYpJBvfpKb4URQ5bcMVivvi/h/N82/WPYFmIkXO8hxK3bXigYO0eyNhjwDgG0J4F93LmG4lcqBPuaX7tkiRJ9FoMi/c0dAP2WHliOH+TBP+a9fnBsf2rFItdeM5CqyqCWLuNHXJyJBY1q42W2YexTgunK46KJ/+msbvroQZLwcjWisNw9YybMbTKA6SS0if08KWIQKkNYdNiu8PbAb/0SIjaX5M0DQOVQqT+rv1WJeltvLtMkpB0ldY2Wrdbpx6NOEdrHcoUMoH8vcwhjqxzOOtpu/BVYsxdX0RiL0FsbOIesOPvzd1utcu6lqUpElCBkjYJHyvNNHdtl2VUJmdlE+UpHjkJSsyavWYodBsdt9w4bIgCiK1Mn8WcunFIqTjQwd+3b1MHenNSE1PR3ltTdM0Xg0kQbny3zuFjtt2U/ZcwD2JmY0GLz6LMTxn+gQ4tnjD1RiEWT9Lk5dIELGh5FQP40a9uVPeMf+R7a/C62dttalJfE1A442tDlom6p8k=
Ot1benLbLEvm98QK/MfnE5AnVndW43+fYmhmUrrMWyCS/R/6k3pFUlrSoZzJwlJmeDlDDaFF7kxfkAu1+Hq/8BR8fGcJGwj1t6DcEeY+YL+c4m6saJKF/0o0UaaOo5nkqP0RiL9vd0WnNA==
5L4qHsWO43cLeYlarBzf4DfV4vL36NM2V8nVOpp5U2epHx8aHX/Ntemwg0BOVRSlRuRRb28l1JRBTSVcOzqu3ahyWBdPYmB6teI6BHXYVcwx70Ka6x/nwnhL0cDaN2GLfG1Ipzs=
CMq38wt4W6ZIQs1dHNTtz/aEJ1eNrSoBhh6IHc/VDwesVF1eWt65kPkuSkoYFZvhkQm2gJ9cU/lIlmdcdNDki7mXkHk3LESdVtL4E/xOtkDY3t0zivgJ6r5PQcjI0Qlkj2NvSac4
ABIVJC0J3HO7HlVZ0xSUbxd+YCxRRiViWuLBrAkSMvb4qeNdYbXOPF9gK8W4qh9glOycN0kr6MW3kDwhpm6ALxxyznwo4qUPSkRxVk7zOXQobXFYf18XdacE
ksvhjQ8PESR8Li/jRHf/ESppy9cvmVEZQ08tZlrmybgZBhoS2M3LiTHhBvgfpOOR6H63BDQINKPZv2BBNxS0tTb6KMu8FmaoeLZtywqAuQIeJxEQCIlZTG9LH3GnAA==
Q/evlX00h8k75DI1PSFP+QNa5PIeq3ADdE8tZlrmybgZBhoS2M3LiTHhBvgfpOOR6H63BDQINKPZv2BBNxS0tTb6KMu8FmaoeLZtywqAuQIeJxEQCIlZTG9LH3GnAA==
XeKgddBlrTZljoGOFTI8b3M1mRjFp93noeDaZE02kZyGhEg/f/eJC6qevwaHPwDEy7LEWmB9AfUsh/dWcHt+oPQd7CSSlgCcge1qYp1sNt0tZjibTVJ3QRN3pwI=
9mf9TGeN3d+haoIG4AJ8Svlwwgb8JdZY4irifMFq1PMIPn9Y03kB8ZihUpYeo5RTaaQ7EjFkC0FJCdIpfj4XnI/QUFtu/y4sdWZS3nSMpkWAz3k3oYSSxMIWqv3Oy++U8NXa6Sr0i1cdO1FX2OcYO3mVTPsBcOe/CR0yfj4jZKlpko8Ur7M6R8jyIVGpmyhkZR2sIZxptBi/0oNGTYZObZggPijrsUnw+/vsBNWYNUzRL+Kai1/HQlgLscB690ELHC3op5s=
ojMgeO8Bo5KFW0PtclWQvv6QN3mhlaPj3aoSfGOxZbvaSkdzSZxMPdqPBoRuLvbrYEWLsXw1gCnOeXyMZL9tIBpHdA+0lYgpL8+xMPhJHT2C2mOHaSOpjqO89bDqSunXRDcLmUSxV4ovLwpvuIQvckwc19I4Epv8TGePRDjQ76SLE0vS7p/GpOJIFHD/Ze4c3vfi5CIJOT/i5EU67WNPLBG034fOIXaYYSk1CPsz4EE0eMaGXzTArE6/eI9Ld6LV3Q5nzWsxS0xPt0yZD21ZExur3HAu0rVMEtjqVyMecE0ltExfpHfcZF0QJaWb+r7p/2zCs3cLil5dRuUPaYxDqv6z5/a1LOX5KzRSp9TswreO/q30ikFwvyBFZZchROjVO31Jy9bo8/Adzr/xnaPXbMvbS3BCFOsUy70GB+nv9WxcCNSu8bmDxbSemaDBs6gQo1txjbsnbIIkLB5ULCVRfY5ZyMrT6hTWnTMsvCLOYISxNeq6rXRWhZ3++IN9ChfZo6+n2g==
lgOZTPyJdzzy8q+1cjXeYuF1L+DkNFpa6BJE3OlqCVckpqDR6uQ4pbhayA+ZtvA053B10BHKxXKME30fHYNPXjOJDjs9xLwULnAX8bLWjVVlercrfvQ+PDmz/TKVE4zyvKLSufOoFV2IRwtqxr6/MpfzLwLZ+MO+jpDw8tZGcxcQCeuhGEjfMoG5deBiR/1hZFjTRlhivs0kpYnxRa5NvvLS0mBMz9YtYnrRoXIxk+unWOLtGrOxNbPbDtmQj1oKdGwesHxaajqVsCE/11+NuCiSExaWBhzJ9VBbE9EC3/V/hJOJRzGxwYms7yiJ5q0prge11wnknBrW3Zf3/BtZ/mp9yw5QBESjqHKGZMvoIPYkH46J+f38nQfiFmlal32kVHRmUzLAfLWOaDKDV7evarZtCSpm7DRs8HtLLOa2DBhBy+dNJLGJMsSxg7J61QB+C1uhnR7Tz783wGxnL4e3AbydIxpG3r8uuiAxvR3IauTKBsI9ZrtnNKglwukyhFP3lcv5FzD3EBsBRfR7+SDfXwENGj7Wk+xJMaKXFLeDYqdAQskRgYsghF1NVKEkucw4t8JrBuV2xs1AUCYo80ERUHOLRMS9iD1sKX9aGvOP/yJQG5kAEkfJa8Qd8KeD
VGTtWpnZLkcCYwNuQjcwRwa+5o4C+Ym0xRZz4TB7DjAmayfjaC4q8vIJvg4pJjsDLTzBEYPQGNsycc2ftfULUZG2c6pqSpms/MOD5PtUy/R/Ze4CpYe/v9trYAZl1ritL6GKkXaHpIl8CQ/9TvgkIO+qDt856mpDioQKbr1P3tnZ0Phpc5nJJ45cw2z1il/9JXeHkMN/C1zaYBtI4zkmy5H7ZVCUbNTCKY0z2dxa+Sz553hsK3+xIaPTHF6MKL4Y1LFBwca9SCaLXiRKdXfMsJoaMHi5l6uWPwGm2bV62E8FHofla8untg==
Zn9ib45F3peLqnBWiX7fwFcfeXpUcs7/+wkz+9vRj/f3x/LxtiCLsKY4dsc2nvHHrJKMYx/YODyv+YLXIAPchqapWewL4LaEWe64BUs+tyqbJotTtmiZaV+dv01I/EnIyJ87t7Kbaomki3gPB+dCxjQy21wW9UXESqGu4mJUUZHuq40GAKMv14nlShqLNjl0j69RwV96fxFr/j7GszJPp9Z5BW3d2gjiVECtC7tDUORpvk2R4MbX0RFDBzX05OB2DuoA5zmLGnOIZM+Y7JA5CZxibixoEoV5S7RbJ44jmWSofREIv+93xae0
xSBMPeqL+Tp5rceAMRP4LJqotTIcPeeVKqxiIhBH5PpxfLOQnOahvpwa1WF1zeXtfLWLPg3jrZrxaz7dgaO9KN8XCYjrOcNCLh9Pgf1TY8kQepFXNi8gVZbsne9vMCqpJA4S9AYkBuKEs3bUcdyXeT+6LKt7GvxkGaYVF9Y2fr91XIrR+KmIcPGfB09jh6pTwlNDcQ5bgxTdVxMpwO6M1z6hk9YtlA33wE+SBpPBW68yjF95LoHejY5wZWbxln/yVKXipJxoybUzOGGPXtSnrO8ka8umu4kxfKrCv0PQSAMbg+Zpyqe5
O0JfN6I6uX8EupjS07Cn1yU9f2KxeMK1WxZWX4z0rSVjI7/IFEVtcDIwSvpN/vu9S3GSDeWiowMDxp/T/BYv2u/6Bq9H1CX5DR5gJ4FdsyNNFf5C/wsYzw5J+NRz80FAJLUqNhzoCCQI/oqLeMh/rLll0YJCt1X60jh3nvvL+EYwY7tkxI02aUYsvyfJky33BI8s6y0toLstiLPv/bVungJLsBkdSqMUg2tO9xyaHbH1M9w0MeWAYXDR4MiLul/mMS6aHaz4UqgH6X0Ar1MQpIlwARwFl4hbpy0SkiyjbaBGHxW76HXEp7c=
rIQo/+RG93+ifak2pSu7+Lpu3PtPHHv0MgorOez9BVLW8JHbDAkR1/Lm+bR+Y8EBHXI+xh3MGaWG+fV6M/aXoN0pS4tJZ70QZ7lP2prv2ymB878hpCrF7/rvbC3CPGnHM1AWQTA+ZuwKJAr68INiPE28y1HLanjTN9ow3E32of8KlgIX4aw+SXQpBOhF75Pnnyf2O3aDl8lCG0/sCQdnARwOsL8qkWfOIZQB7zR/hm6vIYeHRtyLgeLBkjVaoNEOrTaDWsDVVjwQ6EUth8j1JyJ0e0RbdD9zanvFSSh6NpcfsHTrD7OSccantQ==
lO9gYnVgNcKBCq4Oj+PjoyU9f2KxeMK1WxZWX4z0rSVjI7/IFEVtcDIwSvpN/vu9S3GSDeWiowMDxp/T0AEvze71G69H1CX5DR5gJ4FdsyNNFf5C/wsYzw5J+NRz80FAJLUqNhzoCCQI/oqLeMh/rLll0YJCt1X60jh3nvvL+EYwY7tkxI02aUYsvyfJky33BI8s6y0toLstiLPv/bVungJLsBkdSqMUg2tO9xyaHbH1M9w0MeWAYXDR4MiLul/mMS6aHaz4UqgH6X0Ar1MQpIlwARwFl4hbpy0SkiyjbaBGHxW76HXEp7c=
9N7PRVvbwrZVBk/CwfzeO7pu3PtPHHv0MgorOez9BVLW8JHbDAkR0fLm+bR4Y8EBHXI+xh3MGaWG+fV6IvCVtdk9S4tJZ70QZ7lP2prv2ymB878hpCrF7/rvbC3CPGnHM1AWQTA+ZuwKJAr68INiPE28y1HLanjTN9ow3E32of8KlgIX4aw+SXQpBOhF75Pnnyf2O3aDl8lCG0/sCQdnARwOsL8qkWfOIZQB7zR/hm6vIYeHRtyLgeLBkjVaoNEOrTaDWsDVVjwQ6EUth8j1JyJ0e0RbdD9zanvFSSh6NpcfsHTrD7OSccantQ==
5MxuWL9eAprS0bKKtWeVKga+5o4C+Ym0xRZz4TB7DjAmayfjaC4q9ONR5h4/LW9cKj/UOMWzX5klKdrfsccMR4Src6pqSpms/MOD5PtUy/R/Ze4CpYe/v9trYAZl1ritL6GKkXaHpIl8CQ/9TvgkIO+qDt856mpDioQKbr1P3tnZ0Phpc5nJJ45cw2z1il/9JXeHkMN/C1zaYBtI4zkmy5H7ZVCUbNTCKY0z2dxa+Sz553hsK3+xIaPTHF6MKL4Y1LFBwca9SCaLXiRKdXfMsJoaMHi5l6uWPwGm2bV62E8FHofla8untg==
08YpF9yNUo/TK8pu1YGWlAa+5o4C+Ym0xRZz4TB7DjAmayfjaC4q9ONR5h4/LW9cKj/UOMWzX5klKdrfuNQGWoSpc6pqSpms/MOD5PtUy/R/Ze4CpYe/v9trYAZl1ritL6GKkXaHpIl8CQ/9TvgkIO+qDt856mpDioQKbr1P3tnZ0Phpc5nJJ45cw2z1il/9JXeHkMN/C1zaYBtI4zkmy5H7ZVCUbNTCKY0z2dxa+Sz553hsK3+xIaPTHF6MKL4Y1LFBwca9SCaLXiRKdXfMsJoaMHi5l6uWPwGm2bV62E8FHofla8untg==
iXe/Yk0SW3M77R2M1XwbGp68uFaWHwuw5vEG76lM6FcRsq7avmZMmsRU16SwdX65cvUeIJnfojSIduQ47OBBP/KYvu4CQ69fm5Q+ANlqMHHbil/OO0Lj52acUS0f2Xe5mMghrOh704Oi72KNpI9wexfTqiIUVrNoxgGNgArlZhay4Dn1Tk9lspDXp1MJYcJuG4LRkC/LOXWPjrdVK7r2MmMGJ8P2ne1Zza4A5lREpX+rd7gASdolpTAyH5VRB8/BJFCIEq4O6FOp/5L3COBH7Hwk0e08BgaYuOZNPQvwk9NeF/EAiJn5PK+bf8GnsA==
z45xBSU+efYG9kTEqw/uGxlSS7XdgKOGIK9KZleW2gtyENF3cTqp9w21fJ0Y1Adsz6QLC0G6KXFcKiJ/I9Dow/sDhilqpxk=
7r1F+jWsVmaCPupbx/Zq0HoBue9EE+bxVMt0c3R8aqA6eHyj5mAl7/26JW9qSuwvpHTbBDv037MNemWJCPoWV/+wFKvvM7IxZqcV
+bk6gH3K9n6Bn1bndzUkIBJRS7XdgKOGIK9KZleW2gtyENF3cTqp9w21fJ0Y1Adsz6QLC0S6KXFcKiJ/I9Dow/sDhilqpxk=
aIYn+KTjMnk67rk1qohgnnoBue9EE+bxVMt0c3R3aaA6eHyj5mAl7/26JW9qSuwvpHTbBDv037MIemWJCPoWV/+wFKvvM7IxZqcV
pYW+Evd/EOWlJezjOEUQJBlg/M9gWqvOEcBvPnR/Po4LNmaj5mAl7/26JW95Reg1pHTbBDv037MLeWWJCPoWV/+wFKvvM7IxZqcV
kcZf5mIMJhsvXn56JiUScJKt7EhVc93E1DFmkNm3y2CpGNLmj5FaRHE4tNPOQD0f5bo9H3JqxN/stBNU01RnI3P53Rnwmr6Ht3BcmwdTqgF+pw0=
tyJtZmTr8JeZb53GMlXEVuLzo8be2KvXTirJhc3cz0Xz0hh8TCRP9IfczU4zVl9HM7eZz9+nlcpHtNp4c+BvwCsRcwnA8sm1XLnfNAd7vGxecmzUMsZATGHcb1J3vXaNjZa46+2CtxFzR6cy
K7TAkXJJ5kCTHUxdyPpk8uLzo8be2KjXTirJhc3cz0Xz0hh8TCRP9IfczU4zVl9HM7eZz9+nlcpHtNp4c+BvwCAScwnA8sm1XLnfNAd7vGxecmzUMsZATGHfblJ3vXaNjZa46+2CtxFzR6cy
ANy8RZdnPCBN+LOn/Wer9OLzo8be2KjXTirJhc3cz0Xz0hh8TCRBrYzL0FAXJRBcZ+PM1cisj9tq4K9cSe5/wHxOXxHA8sm1XL3WIwB7vGxecmzUMsZATGHealJ2vXaNjZa46+2CtxFzR6cy
Gd++u3ulbXsYntWWE7EnFE84VssGqWzF5sNQS5XjZC4dlJoKUaUYJ0JELHyijmBEMXbq+ia1VsUdPvjD/coXmSNvpxo=
3/cwYMpDZsOrVoQW+jx1LBNRS7XdgKOGIK9KZleW2gtyENF3cTqp9w21fJ0Y1Adsz6QLC0C5KXBcKiJ/I9Dow/sDhilqpxk=
QWjvfG9pCxJ6fnQbWK/9THoBue9EE+bxVMt0c3R2aaA6eHyj5mAl7/26JW9qSuwvpHTbBDv037MMeWWICPoWV/+wFKvvM7IxZqcV
Evg5Pkiwk5LUBZQK2SBtKEp6IHCJwnvYyhLOpIQfjxicQgTs+o7F/d6WlKryDFN5Kz8GidzHOalizj1+ja1YVyMvNSYf7dY+mP/TKV7AR3SLdPtE23S/c+V4RUioeraXn7D064+zEnFGpzU=
jw6RD4hVtuXXaXv8t/nzzfXzAOaVre/6hVnO1vbZ8mElic+xyKlzKGL3hRx1N0/uAfpvV4j74hItdhgvZayA2oR4WNkyEQkycgaXfRoOpLltnOMycgeWkPypx68qJF0PBpe2BsRTrEpNvuxre3xwNw3ItLJwy04SaznuEM4xTMB6avAIWeGo5txyZqFXCl8/5W5HlYuhs8Y=
ZVIwQXzSpKLGbV3mxf38EjT2+FW7pmre2fVRTaACL1wk9Ctky7Qv0xx4dao7uq71TzeEC7/z4tEMs2U=
8CAmDQMRMlit/Y7P7WsxfYYgOMJxdxrhIlhu8h+NTGC6inBoGUGoRpwS5kGXql+fJY7H9csBs2Y=
ddv0mtSEZT0v6tHUmiTaftG70I+EsA6KxURPr7Y22NeMyQs5SvgaglyK3nQIqlWXyNwInG7zKwzv1eHQH5cnd7Mc
X68YphIkUqH2r0zPFgUUSPXzAOaVre/6hVnO1vbZ8mElic+xyKlzKGL3hRx1N0/uAfpvV4j74hItdhgvZayA2oR4WNkyEQkycgaXfRoOpLltnOMycgeWkPypx68qJF0PBpe2BsRTrEpNvuxre3xwNw3ItLJwy04SaznuEM4xTMB6avAIWeWo5txyZqFXCl8/5W5HlYuhs8Y=
tiDAtXmfZ6gweQ4y19udajT2+FW7pmre2fVRTaACL1wk9Ctky7Qv0xh4dao7uq71TzeEC7/z4tEMs2U=
fB3Rn8Va3oXLNltLvX5RRIYgOMJxdxrhIlhu8h+NTGC6inBoGUWoRpwS5kGXql+fJY7H9csBs2Y=
vPQH8dB9wdvs0zOCE/PKZtG70I+EsA6KxURPr7Y22NeMyQs5SvgaglyK3nQIqlWTyNwInG7zKwzv1eHQH5cnd7Mc
0CXsfuLjKCvTwIKqw/S7b5en3PYHFtayhMpcKLGNxHu6MFndTmJQ2QVt+PodhieATxjErWoGwsQ+zknrpjuwar+nltfkmTALAKaZfzy6bKflx248wyXNnQEk/+qFwp4EsY0IcctbgG+fQNPZ2r1sqhdIYDq3sFxs85ZQcb92DN73vocVS9Dqgc6u3n4EYusLlmaykcLGBjcRFT4ytcgZrZf23XKfxYp/PtIdX2Var51Y+5jeJmS7yihG0inIPf/5Ok9RiOdP76/DxvMB3Aubg6Hp90180opsHeZOjpolV1AoF2nyjJ1gqRSuoeb1d0/UhtPTSqLRE3XiNEFQ1T1dgluw8rXn9LEy7fMXAkK1wIK6zeKYjdauf1iV/JOVZdWKMA/3uwmJkra7umG476PJDW/WZ32rkqbqA/5XK7a1XWFt9tCOVCx1JwtPCCgJMlVdUOpPvdEvH5nEKHh6biZYawknwh8ICBc03Bxhxfxu9uBYvp0XiNjACD7ng+jPsUkED8Ovs7PY
W+8UEVriZIgJyUIpbNCk0Zl+rlLPBiAkbhZeVwaUbuMgHmY++3KJwpo9U6JzrWeeHnmdDr8YRn0xaXsGK9LTf8xxnUbAIH5FHbORpJmNQPzv2mKSlg9qycM9fqrQ9tcHnioV980SPE1l0eJ32Gf2QfvNPPePZKkdsAo9HBixzv3zzGeX3ZIda8Nu82XI3lCc0JBon96zctLO6wNgsfWt2qvgfT28mmgLmPiCheRSxJm58UzwInXs5z+U7RVgO3MaefoDNciau+IrKJ7FAroDkaHOFgjdrIrNryoSAMp+k9EfcqZz7cNdiCM7xJhoL0zulCTRbG1LqBXwCu5wTM9qL1kOZiZvmEM6gjXM3E9DhJPeKDWa9a5BgfoIPQnBCqTEJisMpkxEwfwSPsab5NkzGf61dba86fDDD4xWkKwDWESefbx8OKOdYx3i1KnjOmyIdsQC7+FszKL+MAOvbd3Odes69mVJEvBBsrbpX8vN1DdNF0WURmcF08WpPnnpSizaXeYItLsd1xxY7KjCKK3s3yUcWjHoqZgQoV/Xr/MH2jNyk7ORPlvzNO2X44lwbhx37mFD9j2UHdcQj0KmA0HrD8JMb1lege5tfrDVBoEW7xKEZbLEjGjZVeN4Me/OVFdMX2Qbq5S4eRJP6rod81fYo0vDtknAs6k=
W+q9xGZVQegVQ/rFwZbBMqYEZEvL1vHWMRmOBEayMGdWFmPEOk98t4InuWneH44tOcSr/ea9JKE6GAp1DpI4jzX63Ztk/8E3Jy+l3uQ4wm5F7OYRJis3Qq3sZU/KS4DlmgpAlmzILN9Qeew7JLMQaV9JW22bLwP/DlRpY+wb6wSXg3thgRppl7DawVEWINYQ4KWhaeh/SPrYzg5oUhGy63rHYvemNjTK/mua95WxdDB2xq0NuGl/ePIJ54MDHxVUMRPgepX0NPlIlAsZE1rSMC+/eUAkH8+SLxcz6jEYz+XQRDMk5Ra7mRWTpjwWuiAxaa9/CfLNEfeXmEfkEMQZrBoePiuMmdsJptX9RoTpyDOH7A6AREMw9GZdtCzgI8UzFQJs2Uv6RJguZIpfmWw0EnaQ279FnWaFU1r+tZGSqJG6lpHvIw28J5X3zeR+Zz2jTUnmaYGKxGolxgBk450PzFCMEDKA7cTP/bzSgRCp4KAp/4+/28dyQ8pzu8Fm2ytk5bcbORgu9Ge2AcsGBZQlJ5jvGrbrAYO/OmxnCYYBtj12UG12KdbHAtzFOnT0aCHla9jp/+YU/7znBBN7TDghwkfKwq0bl7CzkyM+OfizkQ==
faKfu4HeGNRKvuCiAbrr0O+9YNVtZDOeFueuzJoSRmYKXBQSfcm0FpFj/7Z+7s2/mlQWo9UukSTXVjfvpRJ91veLeu1FEvsC/dPawJwkUOL05LOnfDTLBoDZCqjHE/xvMpWhcXk9Y0TzfVA+Wqsy8nCbdc06Mmym7UslBqEHCd7jB3P+wuc3donbg5EeS9n4vur7oD1M00Hsaus0KlJfZFhFUPDhTSkDmpvrqxm/7Lig+ifD/M3LJRrEVj4F1p15BRxjvFrQPMXu1rKHQ6cGvdCnU02CVPpxJB2ksTYsi6hDCeNAnaIEDSdkSt9ZbHSSNpAbP4WdJgUTWj41UZLoEXqWUW9jDfynVfcNZD5nfSONSSbpwYqE6uXGwOSjnc9MkIxQssDtBE89vJIBUKkgIOn/zz+bx7LDCnP7QSbb6+Slt1u52C405/YBi4bFlOWn2O9aNisBQz96bCeJRgH2vTZQrfbp1oeCnMX69DRoYWUr2Cl/JhS/PKcE0/uMOGFCh8oCLVuX8DNTI/65uLPR
fn6RRDUyMoelltghg8itU1qx+kifPJNZyHKlMnTwpCs591BZNwyE/dZyuDP8LnagWH4dUo8YQEg+JwMoz/HJxA+DL3OzGA==
7V5fVpsWQwES6mYu2EYaqdwQhTciQTjkAUAZ/O2Ht9/fPrkyPFHlZ05PbdvAxQazbw==
ipXb9GjOUnKN+2bAd60dejT2+FW7pmre2fVRTaACL1wk9Ctky7Qv0x1/dao7uq71TzeEC7/z4tEMs2U=
woFDDgGGqCPCklVXo0f2coYgOMJxdxrhIlhu8h+NTGC6inBoGUCvRpwS5kGXql+fJY7H9csBs2Y=
1yldXnZCrcQjb+U8DQ44tnM1mRjFp93noeDaZE02kZyGhEg/f/eJC6qevwaHPwDAybzEWmB9AfUsh/dWcHt+oPQd7CSSlgCcgexvYpRuNtUvZj+bTVJ3QRNtswI=
7BItaSrp582hZPuyDItAPQNa5PIeq3ADdE8tZlrmybgZBhoS2M3LiTHhBvgfpOOR6Hq1CjQINKPZv2BBNxS0tTb6KMu8FmaoeLZtyg+AsAAeLxMQD4lZTG9LH2uzAA==
zaxfyoVFuF8oppOstS3Gnyppy9cvmVEZQ08tZlrmybgZBhoS2M3LiTHhBvgfpOOR6Hq1CjQINKPZv2BBNxS0tTb6KMu8FmaoeLZtyg+AsAAeLxMQD4lZTG9LH2uzAA==
18L8+NMG4gNJLek1Q2RXJhd+YCxRRiViWuLBrAkSMvb4qeNdYbXOPF9gK8W4rh1ulOycN0kr6MW3kDwhpm6ALxxyznwo4qUOT0R4VE77O3QvbXFYf18Xb7ME
YHFSi2URJHdQkIDf9gXMw/aEJ1eNrSoBhh6IHc/VDwesVF1eWt65kPkuSkoYFZvhkQm2gJ9cU/lIkmVSdNDki7mXkHk3LESdVtL4E/xOtkDY3t0yj/gA6L5HQ8jP0Qlkj2NvU7M4
SWHyj41k3534pcNUtzK81TfV4vL36NM2V8nVOpp5U2epHx8aHX/Ntemwg0BOVRSlRuRRb28l1JRFTytcOzqu3ahyWBdPYmB6teI6BHXYVcwx70Of6xblwnBJ0cfaN2GLfG1Sszs=
xes3gZI9QVNX4d2kiWJz55AnVndW43+fYmhmUrrMWyCS/R/6k3pFUlrSoZzJwlJmeDlDDaFF7kxfkAu1+H69/hR8fGcJGwj1t6DcEeY+YL+c4m6saJKF/k80WKSOq5vkr/0RiL9vd1+zNA==
UpRm0z/gx9ozGaKvH01DBO3Gqw31jDM+uon+BXMQWs7wtWUvJQdpky/bDlCkP+wtk6yVAxsnDAn68zVKXpu4hRL0S6RrNI+T/X9Vals6zjVvN2RLX3NCEWyzBQ==
