8+k+hB4ISoRg1EQ475330WLNyvtPWbqywF92CWuKiv1VyjIoMoTxGFyNhJJo/WO99dc4sYqNDuQhgLl8TUeV2b/62LJRkIVkLo8NW6AFbKML
/KgaVvc6w8fZqUXS2Ll6GPlwwgb8JdZY4irifMFq1PMIPn9Y03kB8ZihUpYeo5RTaaQ7EjFkC0FJCdIpfj4XnI/QUFtu/y4sdWZS3nSMpkWAz3k3oYSSxMIWqv3Oy++U8NXa6Sr0i1cdO1FX2OcYO3mVTPsBcOe/CR0yfj4jZKlpko8Ur7M6R8jyIVGpmyhkZR2sIZxptBi/0oNGTYZObZggPijrsUnw+/vsBNWYNUzRL+GZi1LEQl0IscR690ELHC34o58=
EGz28VAZiCkeDds6w/foEPlwwgb8JdZY4irifMFq1PMIPn9Y03kB8ZihUpYeo5RTaaQ7EjFkC0FJCdIpfj4XnI/QUFtu/y4sdWZS3nSMpkWAz3k3oYSSxMIWqv3Oy++U8NXa6Sr0i1cdO1FX2OcYO3mVTPsBcOe/CR0yfj4jZKlpko8Ur7M6R8jyIVGpmyhkZR2sIZxptBi/0oNGTYZObZggPijrsUnw+/vsBNWYNUzRL+CZi1LEQl0IscR690ELHC34o58=
lYPkQlGTw6TtCR5yFTfB89/4242Yog+Y1FQMv6lj2N23iAxpRuYQl1yK3nQIqlWTydwMnW7+Kgzs1eHQH5cnfaMY
Fve1nakAkYKeIzBa8e9ZHwMhelFION2/5qdQfFdk1Y/P6qVQOGvUQpmzwvrNhWIDBEVQRhwGyf7xUTZH2GFQd/nrP7sJmBpdYwJktsEiVyU9wM4NTASoGIx72NhaFMKCFg4fadY0F/EEDNyjmAYvSK+03BRuKZMdzu3MEPMzTFPMvwpaQLLI/MF+muGKcrknxzFsFLIGQIzhmWkS8H92SA5WvKttwrdR85ej9g==
fAGMqEJvssVEVO7WP6mdW5wFinpShUtEvq4hDSOE/4nRUkElUpK3nMVBh6C58gJnOILtBiBPQPjTQ6t6c0OPXc7Z4sQ9iL1sqX/eGXOCfCLVGBkEkkdJa0QdYKMH
f5csfiYgalQigxuR2t52pA2ewy7QctQXm2e4PG6j4S089FFSWkiV6tFhsyP8LnagWH4dV4kYREk+KgIozPHJxA+DL3mjHA==
77ewGAfpgUlUytBRRjiJfQyewy7QctQXm2e4PG6j4S089FFSWkiV6tFhsyP8LnagWH4dV4kYREk+KgIozPHJxA+DL3mjHA==
3lN5epDzEq4G81/X12n9zygFhbdm5hhiED4MWyvL4NAOT3mBjHjJ3trEDWZhzSvPnMIuDOgyxRtJVJwFDgZaxKwd0eg/jzd1oxA=
biRWzi1oUap03GBGrx+8xguewy7QctQXm2e4PG6j4S089FFSWkiV6tFhsyP8LnagWH4dV4kYREk+KgIozPHJxA+DL3mjHA==
vDbYuhkabMT/CcbagzJIRAqewy7QctQXm2e4PG6j4S089FFSWkiV6tFhsyP8LnagWH4dV4kYREk+KgIozPHJxA+DL3mjHA==
yK9vKq17Qr07cjVRHORXDysFhbdm5hhiED4MWyvL4NAOT3mBjHjJ3trEDWZhzSvPnMIuDOgyxRtJVJwFDgZaxKwd0eg/jzd1oxA=
oDYklJ5gBKS+zTl5qnWRgQmewy7QctQXm2e4PG6j4S089FFSWkiV6tFhsyP8LnagWH4dV4kYREk+KgIozPHJxA+DL3mjHA==
nn88FTgJJEIg/1nuif7u2giewy7QctQXm2e4PG6j4S089FFSWkiV6tFhsyP8LnagWH4dV4kYREk+KgIozPHJxA+DL3mjHA==
cDVpojj7NzGlajSW3AcwECoFhbdm5hhiED4MWyvL4NAOT3mBjHjJ3trEDWZhzSvPnMIuDOgyxRtJVJwFDgZaxKwd0eg/jzd1oxA=
10KM81TilmcewC+6wEaqTgeewy7QctQXm2e4PG6j4S089FFSWkiV6tFhsyP8LnagWH4dV4kYREk+KgIozPHJxA+DL3mjHA==
LZ+7tIjRbkBx6wh/WN2aAwaewy7QctQXm2e4PG6j4S089FFSWkiV6tFhsyP8LnagWH4dV4kYREk+KgIozPHJxA+DL3mjHA==
s2rzjTUfliAJ7pLBYZh7TC0Fhbdm5hhiED4MWyvL4NAOT3mBjHjJ3trEDWZhzSvPnMIuDOgyxRtJVJwFDgZaxKwd0eg/jzd1oxA=
e6y1pxrWAsdJtkK+3MhbkRBSS7XdgKOGIK9KZleW2gtyENF3cTqp9w21fJ0Y1Adsz6QLC0S5KXZeKid8I9Tow/sDhil6ox0=
6+xGq2u3Y2ei+JHWitzZvRFSS7XdgKOGIK9KZleW2gtyENF3cTqp9w21fJ0Y1Adsz6QLC0S5KXZeKid8I9Tow/sDhil6ox0=
+e/+8mzSTR87LPstUjRtcSwFhbdm5hhiED4MWyvL4NAOT3mBjHjJ3trEDWZhzSvPnMIuDOgyxRtJVJwFDgZaxKwd0eg/jzd1oxA=
oQnlo+STfMMqtK0Ljf272xJSS7XdgKOGIK9KZleW2gtyENF3cTqp9w21fJ0Y1Adsz6QLC0S5KXZeKid8I9Tow/sDhil6ox0=
lfk+wkGpho71QJHL8LR/kBNSS7XdgKOGIK9KZleW2gtyENF3cTqp9w21fJ0Y1Adsz6QLC0S5KXZeKid8I9Tow/sDhil6ox0=
wJktygdwCsBj2pzZyLUhhS8Fhbdm5hhiED4MWyvL4NAOT3mBjHjJ3trEDWZhzSvPnMIuDOgyxRtJVJwFDgZaxKwd0eg/jzd1oxA=
WQx5oq4B4BgbJt1j2x8plhRSS7XdgKOGIK9KZleW2gtyENF3cTqp9w21fJ0Y1Adsz6QLC0S5KXZeKid8I9Tow/sDhil6ox0=
tGXPW3J60R6q7eOyD2TnqS4Fhbdm5hhiED4MWyvL4NAOT3mBjHjJ3trEDWZhzSvPnMIuDOgyxRtJVJwFDgZaxKwd0eg/jzd1oxA=
+IkOx3SpIxb2GN5B6nXiuBVSS7XdgKOGIK9KZleW2gtyENF3cTqp9w21fJ0Y1Adsz6QLC0S5KXZeKid8I9Tow/sDhil6ox0=
uWLkaXqQz5x9XFNLui5pyA+ewy7QctQXm2e4PG6j4S089FFSWkiV6tFhsyP8LnagWH4dV4kYREk+KgIozPHJxA+DL3mjHA==
YkNNcOLnm3TT5xoK8d5DOA6ewy7QctQXm2e4PG6j4S089FFSWkiV6tFhsyP8LnagWH4dV4kYREk+KgIozPHJxA+DL3mjHA==
DWGYcT33iBNMx5Wb9fHdvykFhbdm5hhiED4MWyvL4NAOT3mBjHjJ3trEDWZhzSvPnMIuDOgyxRtJVJwFDgZaxKwd0eg/jzd1oxA=
YRS2mr6ilNci1skqxNwzQBZSS7XdgKOGIK9KZleW2gtyENF3cTqp9w21fJ0Y1Adsz6QLC0S5KXZeKid8I9Tow/sDhil6ox0=
NufhbGUPDvvWk73PTYjzoBdSS7XdgKOGIK9KZleW2gtyENF3cTqp9w21fJ0Y1Adsz6QLC0S5KXZeKid8I9Tow/sDhil6ox0=
w7LqnIzDiiPGNnNl2lDqqyEFhbdm5hhiED4MWyvL4NAOT3mBjHjJ3trEDWZhzSvPnMIuDOgyxRtJVJwFDgZaxKwd0eg/jzd1oxA=
A4iYKTeQkPPWpT+k9OI6lBhSS7XdgKOGIK9KZleW2gtyENF3cTqp9w21fJ0Y1Adsz6QLC0S5KXZeKid8I9Tow/sDhil6ox0=
5uYQTd1URRwxnnUgRkDLVyAFhbdm5hhiED4MWyvL4NAOT3mBjHjJ3trEDWZhzSvPnMIuDOgyxRtJVJwFDgZaxKwd0eg/jzd1oxA=
d+yK7hTaJZkL1vf12R4DWRBRS7XdgKOGIK9KZleW2gtyENF3cTqp9w21fJ0Y1Adsz6QLC0S5KXZeKid8I9Tow/sDhil6ox0=
YGCkT/itch5+YmdO8YKHRBFRS7XdgKOGIK9KZleW2gtyENF3cTqp9w21fJ0Y1Adsz6QLC0S5KXZeKid8I9Tow/sDhil6ox0=
sQqVD++r6iDOFPIedNWfRR5g/M9gWqvOEcBvPnR/Po4LNmaj5mAl7/26JW95Reg1pHTbBDv037MIeWWOCvoTVP+0FKvvM7IxdqMR
eHrk7ihM3PjUxJ+YKQ/HOB9g/M9gWqvOEcBvPnR/Po4LNmaj5mAl7/26JW95Reg1pHTbBDv037MIeWWOCvoTVP+0FKvvM7IxdqMR
a7TQr/FuIccZJ3sp7oDPWh4j8dh6Wq7NEcBvPnR/Po4LNmaj5mAl7/26JW95Reg1pHTbBDv037MIeWWOCvoTVP+0FKvvM7IxdqMR
r0bTpIcqs1OyF999d6tUBh8j8dh6Wq7NEcBvPnR/Po4LNmaj5mAl7/26JW95Reg1pHTbBDv037MIeWWOCvoTVP+0FKvvM7IxdqMR
KuzTGLxTeDWlOmuCe8ObGhxg/M9gWqvOEcBvPnR/Po4LNmaj5mAl7/26JW95Reg1pHTbBDv037MIeWWOCvoTVP+0FKvvM7IxdqMR
pWQsmaCeI0okiClWp6+uzB1g/M9gWqvOEcBvPnR/Po4LNmaj5mAl7/26JW95Reg1pHTbBDv037MIeWWOCvoTVP+0FKvvM7IxdqMR
UBU+86QEItqmL9X2c95i5RZRS7XdgKOGIK9KZleW2gtyENF3cTqp9w21fJ0Y1Adsz6QLC0S5KXZeKid8I9Tow/sDhil6ox0=
DkUyhB9NJj3a/xlVOE7yvxdRS7XdgKOGIK9KZleW2gtyENF3cTqp9w21fJ0Y1Adsz6QLC0S5KXZeKid8I9Tow/sDhil6ox0=
0m0gfxoqV0vYPbFTdNYm//aLvQ4NLLndlWI5kNmhzVqpQJeuzN9WXkN2rtPOQD0f5bo9H2FlwMXstBNU01RnI3D53R7ymruEt3RcmwdTqgFuowk=
1OlEbN+XxcroJCiPCJWA6feLvQ4NLLndlWI5kNmhzVqpQJeuzN9WXkN2rtPOQD0f5bo9H2FlwMXstBNU01RnI3D53R7ymruEt3RcmwdTqgFuowk=
Yq4HLu8b+Pu6DdObdyvs2BhRS7XdgKOGIK9KZleW2gtyENF3cTqp9w21fJ0Y1Adsz6QLC0S5KXZeKid8I9Tow/sDhil6ox0=
uLVZD4tsS9v8Xa2TQMgEMUQR8Y5UYAfGFXn3oImS0qdIYl2GsO8QOOMju3pjo78dHnlyRI3oTSz5n+4Zg6Is4mW46YQCpxkrtD1woxc=
TqyWhDkioz/uvcrZq/8TCBpg/M9gWqvOEcBvPnR/Po4LNmaj5mAl7/26JW95Reg1pHTbBDv037MIeWWOCvoTVP+0FKvvM7IxdqMR
vg+kUoJeDMzrVqfM6RrZP50FinpShUtEvq4hDSOE/4nRUkElUpK3nMVBh6C58gJnOILtBiBPQPjTQ6t6c0OPXc7Z4sQ9iL1sqX/eGXOCfCLVGBkEkkdJa0QdYKMH
s5phSdx5X7zMMJspHGnjixlRS7XdgKOGIK9KZleW2gtyENF3cTqp9w21fJ0Y1Adsz6QLC0S5KXZeKid8I9Tow/sDhil6ox0=
MUEqZsgIPIK4sd+L7jf/ShBQS7XdgKOGIK9KZleW2gtyENF3cTqp9w21fJ0Y1Adsz6QLC0S5KXZeKid8I9Tow/sDhil6ox0=
A4/sey3vVE/AT+ydEhUHrhtg/M9gWqvOEcBvPnR/Po4LNmaj5mAl7/26JW95Reg1pHTbBDv037MIeWWOCvoTVP+0FKvvM7IxdqMR
bIsoA0PC0uJDHqZfhYAIBRhg/M9gWqvOEcBvPnR/Po4LNmaj5mAl7/26JW95Reg1pHTbBDv037MIeWWOCvoTVP+0FKvvM7IxdqMR
eCXFio3vi/TwI4vGfT2QPRFQS7XdgKOGIK9KZleW2gtyENF3cTqp9w21fJ0Y1Adsz6QLC0S5KXZeKid8I9Tow/sDhil6ox0=
4gt0/YiJdD9uLF3nzReXQRJQS7XdgKOGIK9KZleW2gtyENF3cTqp9w21fJ0Y1Adsz6QLC0S5KXZeKid8I9Tow/sDhil6ox0=
5/JJJtIt+zwbyGyDrW4CcRlSS7XdgKOGIK9KZleW2gtyENF3cTqp9w21fJ0Y1Adsz6QLC0S5KXZeKid8I9Tow/sDhil6ox0=
EJSXAiwHNm0smp0qQo92exJRS7XdgKOGIK9KZleW2gtyENF3cTqp9w21fJ0Y1Adsz6QLC0S5KXZeKid8I9Tow/sDhil6ox0=
8faFy1pk0Hvst1cCc701Whlg/M9gWqvOEcBvPnR/Po4LNmaj5mAl7/26JW95Reg1pHTbBDv037MIeWWOCvoTVP+0FKvvM7IxdqMR
if1AOJpC7mL5jmBIB2+RLhNRS7XdgKOGIK9KZleW2gtyENF3cTqp9w21fJ0Y1Adsz6QLC0S5KXZeKid8I9Tow/sDhil6ox0=
U1t3tHSeYqpP7maD9eetBVqx+kifPJNZyHKlMnTwpCs591BZNwyE/dZyuDP8LnagWH4dV4kYREk+KgIozPHJxA+DL3mjHA==
7BFFE3gahHqA4aIwB348Clqx+kifPJNZyHanPHTwpCs591BZNwyE/dZyuDP8LnagWH4dV4kYREk+KgIozPHJxA+DL3mjHA==
HIF9JuJ0hv5fm2+4gJa4S5dW/wLJQ/Agt/t9Y47JX////zl11i4dZHk0Y7RjFLdDgPntPqJayyQH9Mz71xOaIX6jGQ==
YqD7k/+OK05qpbCvAK+83ZAnVndW43+fYmhmUrrMWyCS/R/6k3pFUlrSoZzJwlJmeDlDDaFF7kxfkAu1+Hq/8BR8fGcJGwj1t6DcEeY+YL+c4m6saJKF+Ek0XKWOpprkrP0RiL9vd1WjMA==
GigtnFGHb8MqzDAxCwr8fjfV4vL36NM2V8nVOpp5U2epHx8aHX/Ntemwg0BOVRSlRuRRb28l1JRBTSVcOzqu3ahyWBdPYmB6teI6BHXYVcwx70WZ6xLkwn1I0cTaN2GLfG1Yoz8=
ICFhza4bFypw71AIfrDrWfaEJ1eNrSoBhh6IHc/VDwesVF1eWt65kPkuSkoYFZvhkQm2gJ9cU/lIlmdcdNDki7mXkHk3LESdVtL4E/xOtkDY3t00ifgE6b5KQsjM0Qlkj2NvWaM8
7sJXK17wQKJkwIZcHn2RaRd+YCxRRiViWuLBrAkSMvb4qeNdYbXOPF9gK8W4qh9glOycN0kr6MW3kDwhpm6ALxxyznwo4qUISUR8VU72OnQsbXFYf18XZaMA
FSMW5GgrhmEdml1XpnPdHCppy9cvmVEZQ08tZlrmybgZBhoS2M3LiTHhBvgfpOOR6H63BDQINKPZv2BBNxS0tTb6KMu8FmaoeLZtzAmAtAEeIhIQDIlZTG9LH2GjBA==
Z+wbVzLjeHlcuqk4kRS+GwNa5PIeq3ADdE8tZlrmybgZBhoS2M3LiTHhBvgfpOOR6H63BDQINKPZv2BBNxS0tTb6KMu8FmaoeLZtzAmAtAEeIhIQDIlZTG9LH2GjBA==
lAiAzTcRnQnYKvlQmCGWIHM1mRjFp93noeDaZE02kZyGhEg/f/eJC6qevwaHPwDEy7LEWmB9AfUsh/dWcHt+oPQd7CSSlgCcgeppYpBvNtguZjybTVJ3QRNnowY=
UTaf6+D9pG318Cb18Ub+g/lwwgb8JdZY4irifMFq1PMIPn9Y03kB8ZihUpYeo5RTaaQ7EjFkC0FJCdIpfj4XnI/QUFtu/y4sdWZS3nSMpkWAz3k3oYSSxMIWqv3Oy++U8NXa6Sr0i1cdO1FX2OcYO3mVTPsBcOe/CR0yfj4jZKlpko8Ur7M6R8jyIVGpmyhkZR2sIZxptBi/0oNGTYZObZggPijrsUnw+/vsBNWYNUzRL+WZi1LEQl0IscR690ELHC34o58=
LU/RdzjTl4JAOSFJdg9PhuyO21Jrwi56L6WMN11bxwqKlbOTliJJRN1Lnr/F7NOZFkhyM0InGXvH3xxzE77uVf0ikT1fyN2ox9k8gSLkAXQA8SEGcFz4ypD3JgspZD7kLwO+xPTfcY6LfIa9FiYQ65+xLk5tybrlPuiQCUxcQZwU1R/24JFRGpy8RDEOZMe7dk4KGzzGhli4ps14CDAUEV5SckCM2Xn8r1v/kaP0
DgLx4MQqOB/Jw74XL5pzcDT2+FW7pmre2fVRTaACL1wk9Ctky7Qv0x54da46uqP0TzSEC7/z4tEGo2E=
EkNMzMRZnIs3xHDo54tiM4YgOMJxdxrhIlhu8h+NTGC6inBoGUOoRpgT5kyWqlyfJY7H9csLo2I=
1cj8O94k9MX6UQ6S8DVqm9G70I+EsA6KxURPr7Y22NeMyQs5SvgaglyK3nQIqlWVyNwMnW7+Kgzs1eHQH5cnfaMY
kJx+7O/r5KOP2YTmdMot91qx+kifPJNZyHKlMnTwpCs591BZNwyE/dZyuDP8LnagWH4dWogYREk+KgIozPHJxA+DL3mjHA==
UCsoSuMadCVULhAyq9y+09wQhTciQTjkAUAZ/O2Hv9jfOrgyMVDlZE5PbdvAxQyjaw==
14jOxUz/uTVAmmV4XY+D/jT2+FW7pmre2fVRTaACL1wk9Ctky7Qv0xV4da46uqP0TzSEC7/z4tEGo2E=
sTCxk2wOxZhEeR89oFxyFYYgOMJxdxrhIlhu8h+NTGC6inBoGUioRpgT5kyWqlyfJY7H9csLo2I=
iUVR0GP2j/SiipZJtwMpQ3M1mRjFp93noeDaZE02kZyGhEg/f/eJC6qevwaHPwDAybzEWmB9AfUsh/dWcHt+oPQd7CSSlgCcgeRoYpBvNtguZjybTVJ3QRNnowY=
I2wNSZHJG8+aWtLzmzok/ANa5PIeq3ADdE8tZlrmybgZBhoS2M3LiTHhBvgfpOOR6Hq1CjQINKPZv2BBNxS0tTb6KMu8FmaoeLZtwgiAtAEeIhIQDIlZTG9LH2GjBA==
QAEIi8624D0jr3vEBnDC6ippy9cvmVEZQ08tZlrmybgZBhoS2M3LiTHhBvgfpOOR6Hq1CjQINKPZv2BBNxS0tTb6KMu8FmaoeLZtwgiAtAEeIhIQDIlZTG9LH2GjBA==
F/UKFRZ2o0C3rrjSWhHuPRd+YCxRRiViWuLBrAkSMvb4qeNdYbXOPF9gK8W4rh1ulOycN0kr6MW3kDwhpm6ALxxyznwo4qUGSER8VU72OnQsbXFYf18XZaMA
1j+iD7DFNC0WyDttPOtrbvaEJ1eNrSoBhh6IHc/VDwesVF1eWt65kPkuSkoYFZvhkQm2gJ9cU/lIkmVSdNDki7mXkHk3LESdVtL4E/xOtkDY3t06iPgE6b5KQsjM0Qlkj2NvWaM8
fRp2l6WbInE8Uh9E4euskDfV4vL36NM2V8nVOpp5U2epHx8aHX/Ntemwg0BOVRSlRuRRb28l1JRFTytcOzqu3ahyWBdPYmB6teI6BHXYVcwx70uY6xLkwn1I0cTaN2GLfG1Yoz8=
kz2GOf/tLOgkdTnwv3i+tZAnVndW43+fYmhmUrrMWyCS/R/6k3pFUlrSoZzJwlJmeDlDDaFF7kxfkAu1+H69/hR8fGcJGwj1t6DcEeY+YL+c4m6saJKF9kg0XKWOpprkrP0RiL9vd1WjMA==
9Q6p+HOHT6/ylTYUVRQrve3Gqw31jDM+uon+BXMQWs7wtWUvJQdpky/bDlCkP+wtk6yVAxsnDAn68zVKXpu4hRL0S6RrNI+T9XhVblo6wzRvNGRLX3NCEWajAQ==
